Grid:
-2.0  3.0 -1.0 
 0.0  5.0  0.0 
 0.0  0.0  0.0 
------------------------------------
Building Hamiltonian...WeightedPauliOperator details:
IIIZ	(-0.41666666666666663+0j)
IIII	(-0.7499999999999997+0j)
IIZI	(2.0833333333333335+0j)
IZII	(0.08333333333333337+0j)
ZIII	(0.7499999999999997+0j)
ZIIZ	(-0.5833333333333334+0j)
ZIZI	(-0.5833333333333334+0j)
ZZII	(-0.5833333333333334+0j)

 Done!
Building Circuit...N QUBITS  4
 Done!
Running VQE...Evaluation: 1, Loss: -2.229288736979167
Evaluation: 2, Loss: -1.8575032552083328
Evaluation: 3, Loss: -1.9056803385416667
Evaluation: 4, Loss: -2.2917073567708326
Evaluation: 5, Loss: -1.896687825520833
Evaluation: 6, Loss: -2.3351643880208326
Evaluation: 7, Loss: -2.1623535156249996
Evaluation: 8, Loss: -1.8714599609374998
Evaluation: 9, Loss: -2.2961832682291665
Evaluation: 10, Loss: -1.921223958333333
Evaluation: 11, Loss: -1.8333333333333328
Evaluation: 12, Loss: -2.2715657552083335
Evaluation: 13, Loss: -1.7676188151041665
Evaluation: 14, Loss: -2.3328857421874996
Evaluation: 15, Loss: -2.207356770833333
Evaluation: 16, Loss: -2.137166341145833
Evaluation: 17, Loss: -1.8695068359375
Evaluation: 18, Loss: -2.425130208333333
Evaluation: 19, Loss: -1.9789225260416663
Evaluation: 20, Loss: -2.193522135416667
Evaluation: 21, Loss: -1.860677083333333
Evaluation: 22, Loss: -2.321126302083333
Evaluation: 23, Loss: -1.9348144531249996
Evaluation: 24, Loss: -2.1877848307291665
Evaluation: 25, Loss: -1.808675130208333
Evaluation: 26, Loss: -2.265787760416666
Evaluation: 27, Loss: -2.019612630208333
Evaluation: 28, Loss: -2.200968424479167
Evaluation: 29, Loss: -1.894978841145833
Evaluation: 30, Loss: -2.3011474609375
Evaluation: 31, Loss: -1.8156738281249998
Evaluation: 32, Loss: -2.269775390625
Evaluation: 33, Loss: -2.3057454427083326
Evaluation: 34, Loss: -2.042236328125
Evaluation: 35, Loss: -2.2906494140625
Evaluation: 36, Loss: -2.0290934244791665
Evaluation: 37, Loss: -2.1970214843749996
Evaluation: 38, Loss: -2.043050130208333
Evaluation: 39, Loss: -1.9000244140624998
Evaluation: 40, Loss: -2.400553385416666
Evaluation: 41, Loss: -1.9186197916666667
Evaluation: 42, Loss: -2.3135986328125
Evaluation: 43, Loss: -2.007120768229166
Evaluation: 44, Loss: -2.255900065104166
Evaluation: 45, Loss: -2.015787760416666
Evaluation: 46, Loss: -2.2577718098958335
Evaluation: 47, Loss: -2.108968098958333
Evaluation: 48, Loss: -2.1074625651041665
Evaluation: 49, Loss: -2.359822591145833
Evaluation: 50, Loss: -1.90478515625
Evaluation: 51, Loss: -2.2958170572916665
Evaluation: 52, Loss: -1.925944010416667
Evaluation: 53, Loss: -1.0728352864583328
Evaluation: 54, Loss: -1.6680908203124996
Evaluation: 55, Loss: -2.4184163411458326
Evaluation: 56, Loss: -2.577351888020833
Evaluation: 57, Loss: -2.43603515625
Evaluation: 58, Loss: -2.2713623046875
Evaluation: 59, Loss: -2.437744140624999
Evaluation: 60, Loss: -2.327433268229166
Evaluation: 61, Loss: -2.246134440104166
Evaluation: 62, Loss: -2.347005208333333
Evaluation: 63, Loss: -2.4284261067708326
Evaluation: 64, Loss: -2.3211263020833326
Evaluation: 65, Loss: -2.4095458984374996
Evaluation: 66, Loss: -2.244425455729166
Evaluation: 67, Loss: -2.338297526041666
Evaluation: 68, Loss: -2.649698893229166
Evaluation: 69, Loss: -2.729614257812499
Evaluation: 70, Loss: -2.610148111979166
Evaluation: 71, Loss: -2.6223144531249996
Evaluation: 72, Loss: -2.553548177083333
Evaluation: 73, Loss: -2.417683919270833
Evaluation: 74, Loss: -2.613566080729166
Evaluation: 75, Loss: -2.669759114583333
Evaluation: 76, Loss: -2.4159342447916665
Evaluation: 77, Loss: -2.5149332682291656
Evaluation: 78, Loss: -2.740397135416666
Evaluation: 79, Loss: -2.4307047526041656
Evaluation: 80, Loss: -2.718302408854167
Evaluation: 81, Loss: -2.4903157552083326
Evaluation: 82, Loss: -2.763549804687499
Evaluation: 83, Loss: -2.566324869791666
Evaluation: 84, Loss: -2.765502929687499
Evaluation: 85, Loss: -2.615559895833333
Evaluation: 86, Loss: -2.4708251953124996
Evaluation: 87, Loss: -2.818400065104166
Evaluation: 88, Loss: -2.4728597005208326
Evaluation: 89, Loss: -2.5680338541666665
Evaluation: 90, Loss: -2.8499755859374996
Evaluation: 91, Loss: -2.772623697916667
Evaluation: 92, Loss: -2.5653076171874996
Evaluation: 93, Loss: -2.5382080078125
Evaluation: 94, Loss: -2.7205403645833326
Evaluation: 95, Loss: -2.747273763020833
Evaluation: 96, Loss: -2.817789713541666
Evaluation: 97, Loss: -2.628702799479166
Evaluation: 98, Loss: -2.5553792317708326
Evaluation: 99, Loss: -2.760091145833333
Evaluation: 100, Loss: -2.770304361979166
Evaluation: 101, Loss: -2.7860921223958326
Evaluation: 102, Loss: -2.477701822916666
Evaluation: 103, Loss: -2.8277180989583326
Evaluation: 104, Loss: -2.8809814453124996
Evaluation: 105, Loss: -3.036824544270833
Evaluation: 106, Loss: -2.657999674479166
Evaluation: 107, Loss: -2.8309326171875
Evaluation: 108, Loss: -2.8382568359375
Evaluation: 109, Loss: -2.653483072916666
Evaluation: 110, Loss: -2.8382161458333326
Evaluation: 111, Loss: -2.697998046874999
Evaluation: 112, Loss: -2.775716145833333
Evaluation: 113, Loss: -3.048339843749999
Evaluation: 114, Loss: -2.813028971354166
Evaluation: 115, Loss: -3.027506510416666
Evaluation: 116, Loss: -3.0257568359374996
Evaluation: 117, Loss: -2.983032226562499
Evaluation: 118, Loss: -3.142740885416666
Evaluation: 119, Loss: -3.223429361979166
Evaluation: 120, Loss: -2.975870768229166
Evaluation: 121, Loss: -2.9359944661458326
Evaluation: 122, Loss: -3.368082682291666
Evaluation: 123, Loss: -2.954833984374999
Evaluation: 124, Loss: -3.304768880208333
Evaluation: 125, Loss: -3.091227213541666
Evaluation: 126, Loss: -3.066446940104166
Evaluation: 127, Loss: -3.0975341796875
Evaluation: 128, Loss: -3.0980224609375
Evaluation: 129, Loss: -3.1826171875
Evaluation: 130, Loss: -2.968465169270833
Evaluation: 131, Loss: -3.206380208333333
Evaluation: 132, Loss: -3.126708984375
Evaluation: 133, Loss: -3.1102294921874996
Evaluation: 134, Loss: -2.9759114583333326
Evaluation: 135, Loss: -3.032836914062499
Evaluation: 136, Loss: -3.2142333984374996
Evaluation: 137, Loss: -3.1377360026041665
Evaluation: 138, Loss: -3.1379394531249996
Evaluation: 139, Loss: -3.1453857421874996
Evaluation: 140, Loss: -3.2450764973958335
Evaluation: 141, Loss: -3.2277018229166665
Evaluation: 142, Loss: -3.1623942057291656
Evaluation: 143, Loss: -3.0599365234374996
Evaluation: 144, Loss: -3.2331542968749996
Evaluation: 145, Loss: -3.1165364583333326
Evaluation: 146, Loss: -3.265624999999999
Evaluation: 147, Loss: -3.2924804687499996
Evaluation: 148, Loss: -3.0159912109375
Evaluation: 149, Loss: -3.209757486979166
Evaluation: 150, Loss: -3.084309895833333
Evaluation: 151, Loss: -3.322062174479166
Evaluation: 152, Loss: -3.2710367838541665
Evaluation: 153, Loss: -3.353719075520833
Evaluation: 154, Loss: -3.146240234375
Evaluation: 155, Loss: -3.2257080078124996
Evaluation: 156, Loss: -3.3253173828125
Evaluation: 157, Loss: -3.132731119791666
Evaluation: 158, Loss: -3.2157389322916665
Evaluation: 159, Loss: -3.252888997395833
Evaluation: 160, Loss: -3.1996256510416665
Evaluation: 161, Loss: -3.2042236328124996
Evaluation: 162, Loss: -3.114095052083333
Evaluation: 163, Loss: -3.016398111979166
Evaluation: 164, Loss: -3.338053385416666
Evaluation: 165, Loss: -3.393839518229166
Evaluation: 166, Loss: -3.3276367187499996
Evaluation: 167, Loss: -3.4429931640625
Evaluation: 168, Loss: -3.337361653645833
Evaluation: 169, Loss: -3.292154947916667
Evaluation: 170, Loss: -3.370646158854166
Evaluation: 171, Loss: -3.410929361979166
Evaluation: 172, Loss: -3.552083333333333
Evaluation: 173, Loss: -3.375325520833333
Evaluation: 174, Loss: -3.532633463541666
Evaluation: 175, Loss: -3.3716634114583326
Evaluation: 176, Loss: -3.533365885416666
Evaluation: 177, Loss: -3.433308919270833
Evaluation: 178, Loss: -3.398111979166666
Evaluation: 179, Loss: -3.157389322916666
Evaluation: 180, Loss: -3.201131184895833
Evaluation: 181, Loss: -3.338256835937499
Evaluation: 182, Loss: -3.379109700520833
Evaluation: 183, Loss: -3.603759765625
Evaluation: 184, Loss: -3.368245442708333
Evaluation: 185, Loss: -3.483317057291666
Evaluation: 186, Loss: -3.456054687499999
Evaluation: 187, Loss: -3.4166259765625
Evaluation: 188, Loss: -3.4710693359375
Evaluation: 189, Loss: -3.557006835937499
Evaluation: 190, Loss: -3.4492187499999996
Evaluation: 191, Loss: -3.387288411458333
Evaluation: 192, Loss: -3.4859212239583326
Evaluation: 193, Loss: -3.5146484375
Evaluation: 194, Loss: -3.4488525390625
Evaluation: 195, Loss: -3.207967122395833
Evaluation: 196, Loss: -3.5117187499999996
Evaluation: 197, Loss: -3.446004231770833
Evaluation: 198, Loss: -3.656331380208333
Evaluation: 199, Loss: -3.339599609374999
Evaluation: 200, Loss: -3.526407877604166
Evaluation: 201, Loss: -3.592203776041666
Evaluation: 202, Loss: -3.518310546875
Evaluation: 203, Loss: -3.6107991536458326
Evaluation: 204, Loss: -3.664591471354166
Evaluation: 205, Loss: -3.607666015625
Evaluation: 206, Loss: -3.6349690755208326
Evaluation: 207, Loss: -3.7357991536458335
Evaluation: 208, Loss: -3.5655110677083326
Evaluation: 209, Loss: -3.754435221354166
Evaluation: 210, Loss: -3.614013671875
Evaluation: 211, Loss: -3.617431640625
Evaluation: 212, Loss: -3.6892903645833326
Evaluation: 213, Loss: -3.7698160807291665
Evaluation: 214, Loss: -3.672037760416666
Evaluation: 215, Loss: -3.692301432291667
Evaluation: 216, Loss: -3.6453450520833326
Evaluation: 217, Loss: -3.8510742187499996
Evaluation: 218, Loss: -3.504028320312499
Evaluation: 219, Loss: -3.6180419921875
Evaluation: 220, Loss: -3.8485107421875
Evaluation: 221, Loss: -3.6689860026041665
Evaluation: 222, Loss: -3.9119059244791665
Evaluation: 223, Loss: -3.86181640625
Evaluation: 224, Loss: -3.880859375
Evaluation: 225, Loss: -3.610677083333333
Evaluation: 226, Loss: -3.851033528645833
Evaluation: 227, Loss: -3.6806640624999996
Evaluation: 228, Loss: -3.628987630208332
Evaluation: 229, Loss: -3.6591796874999996
Evaluation: 230, Loss: -3.7313639322916665
Evaluation: 231, Loss: -3.449422200520833
Evaluation: 232, Loss: -3.893351236979166
Evaluation: 233, Loss: -3.587687174479167
Evaluation: 234, Loss: -3.738728841145833
Evaluation: 235, Loss: -3.713663736979166
Evaluation: 236, Loss: -3.690673828124999
Evaluation: 237, Loss: -3.7059326171875
Evaluation: 238, Loss: -3.638590494791666
Evaluation: 239, Loss: -3.75244140625
Evaluation: 240, Loss: -3.805989583333333
Evaluation: 241, Loss: -3.7659912109375
Evaluation: 242, Loss: -3.7664794921875
Evaluation: 243, Loss: -3.566731770833333
Evaluation: 244, Loss: -3.603515625
Evaluation: 245, Loss: -3.594360351562499
Evaluation: 246, Loss: -3.588134765625
Evaluation: 247, Loss: -3.6243082682291665
Evaluation: 248, Loss: -3.749593098958333
Evaluation: 249, Loss: -3.605305989583333
Evaluation: 250, Loss: -3.678548177083333
Evaluation: 251, Loss: -3.562540690104166
Evaluation: 252, Loss: -3.840128580729166
Evaluation: 253, Loss: -3.6185302734374996
Evaluation: 254, Loss: -3.7452392578124996
Evaluation: 255, Loss: -3.795450846354166
Evaluation: 256, Loss: -3.6674804687499996
Evaluation: 257, Loss: -3.779174804687499
Evaluation: 258, Loss: -3.7649332682291665
Evaluation: 259, Loss: -3.5085449218749996
Evaluation: 260, Loss: -3.673055013020833
Evaluation: 261, Loss: -3.8397216796874996
Evaluation: 262, Loss: -3.595255533854166
Evaluation: 263, Loss: -3.804199218749999
Evaluation: 264, Loss: -3.818115234374999
Evaluation: 265, Loss: -3.683553059895833
Evaluation: 266, Loss: -3.7252197265624996
Evaluation: 267, Loss: -3.701904296875
Evaluation: 268, Loss: -3.7922363281249996
Evaluation: 269, Loss: -3.710408528645833
Evaluation: 270, Loss: -3.6881917317708326
Evaluation: 271, Loss: -3.704060872395833
Evaluation: 272, Loss: -3.910400390625
Evaluation: 273, Loss: -3.745279947916666
Evaluation: 274, Loss: -3.6894124348958326
Evaluation: 275, Loss: -3.796061197916666
Evaluation: 276, Loss: -3.741170247395833
Evaluation: 277, Loss: -3.702596028645833
Evaluation: 278, Loss: -3.770426432291666
Evaluation: 279, Loss: -3.9194742838541665
Evaluation: 280, Loss: -3.8175455729166665
Evaluation: 281, Loss: -3.7386881510416665
Evaluation: 282, Loss: -3.776448567708333
Evaluation: 283, Loss: -3.8311767578125
Evaluation: 284, Loss: -3.6692708333333326
Evaluation: 285, Loss: -3.6490885416666665
Evaluation: 286, Loss: -3.883138020833333
Evaluation: 287, Loss: -3.842936197916666
Evaluation: 288, Loss: -3.832356770833333
Evaluation: 289, Loss: -3.870117187499999
Evaluation: 290, Loss: -3.6632486979166665
Evaluation: 291, Loss: -3.8341471354166665
Evaluation: 292, Loss: -3.855428059895833
Evaluation: 293, Loss: -3.647338867187499
Evaluation: 294, Loss: -3.7937418619791656
Evaluation: 295, Loss: -3.970052083333333
Evaluation: 296, Loss: -3.890462239583333
Evaluation: 297, Loss: -3.79150390625
Evaluation: 298, Loss: -3.833821614583333
Evaluation: 299, Loss: -3.808634440104166
Evaluation: 300, Loss: -3.8356119791666665
Evaluation: 301, Loss: -3.7386474609374996
Evaluation: 302, Loss: -3.6063232421874996
Evaluation: 303, Loss: -3.9156901041666656
Evaluation: 304, Loss: -3.7402343749999996
Evaluation: 305, Loss: -3.7621663411458326
Evaluation: 306, Loss: -3.6943359374999996
Evaluation: 307, Loss: -3.9542643229166665
Evaluation: 308, Loss: -3.797932942708333
Evaluation: 309, Loss: -3.7948811848958335
Evaluation: 310, Loss: -3.557535807291666
Evaluation: 311, Loss: -3.7252197265625
Evaluation: 312, Loss: -3.955810546874999
Evaluation: 313, Loss: -3.79443359375
Evaluation: 314, Loss: -3.7891438802083326
Evaluation: 315, Loss: -3.7509358723958326
Evaluation: 316, Loss: -3.9593505859374996
Evaluation: 317, Loss: -3.9217529296875
Evaluation: 318, Loss: -3.8212890625
Evaluation: 319, Loss: -3.907633463541667
Evaluation: 320, Loss: -3.8811442057291665
Evaluation: 321, Loss: -3.8238118489583326
Evaluation: 322, Loss: -3.9549560546875
Evaluation: 323, Loss: -3.985921223958333
Evaluation: 324, Loss: -3.923990885416666
Evaluation: 325, Loss: -3.9091796874999996
Evaluation: 326, Loss: -3.90966796875
Evaluation: 327, Loss: -3.915568033854166
Evaluation: 328, Loss: -3.7510579427083326
Evaluation: 329, Loss: -3.8350016276041665
Evaluation: 330, Loss: -3.975341796875
Evaluation: 331, Loss: -3.690144856770833
Evaluation: 332, Loss: -3.999959309895833
Evaluation: 333, Loss: -3.8207600911458326
Evaluation: 334, Loss: -3.8763834635416665
Evaluation: 335, Loss: -3.9319661458333326
Evaluation: 336, Loss: -3.8230794270833335
Evaluation: 337, Loss: -3.892171223958333
Evaluation: 338, Loss: -3.7143554687499996
Evaluation: 339, Loss: -3.942626953125
Evaluation: 340, Loss: -3.722941080729166
Evaluation: 341, Loss: -3.9113769531249996
Evaluation: 342, Loss: -3.9276936848958326
Evaluation: 343, Loss: -3.840738932291666
Evaluation: 344, Loss: -3.826375325520833
Evaluation: 345, Loss: -3.950520833333333
Evaluation: 346, Loss: -3.970133463541666
Evaluation: 347, Loss: -4.0428466796875
Evaluation: 348, Loss: -3.727335611979166
Evaluation: 349, Loss: -3.8122965494791665
Evaluation: 350, Loss: -3.791015625
Evaluation: 351, Loss: -3.758178710937499
Evaluation: 352, Loss: -3.8376057942708335
Evaluation: 353, Loss: -3.6788736979166665
Evaluation: 354, Loss: -3.860880533854167
Evaluation: 355, Loss: -3.884969075520833
Evaluation: 356, Loss: -3.8110351562499996
Evaluation: 357, Loss: -3.808512369791666
Evaluation: 358, Loss: -3.8566487630208326
Evaluation: 359, Loss: -3.8083496093749996
Evaluation: 360, Loss: -3.873250325520833
Evaluation: 361, Loss: -3.858561197916666
Evaluation: 362, Loss: -3.874674479166666
Evaluation: 363, Loss: -3.9340820312499996
Evaluation: 364, Loss: -4.045247395833333
Evaluation: 365, Loss: -3.8824055989583326
Evaluation: 366, Loss: -3.7946777343749996
Evaluation: 367, Loss: -3.942057291666666
Evaluation: 368, Loss: -4.000528971354166
Evaluation: 369, Loss: -3.998046874999999
Evaluation: 370, Loss: -3.9840087890625
Evaluation: 371, Loss: -3.9234212239583326
Evaluation: 372, Loss: -3.831339518229166
Evaluation: 373, Loss: -3.9080810546874996
Evaluation: 374, Loss: -3.9298502604166656
Evaluation: 375, Loss: -4.091552734375
Evaluation: 376, Loss: -3.911010742187499
Evaluation: 377, Loss: -3.9051513671874996
Evaluation: 378, Loss: -3.7810872395833326
Evaluation: 379, Loss: -4.034952799479166
Evaluation: 380, Loss: -4.006022135416666
Evaluation: 381, Loss: -3.777058919270833
Evaluation: 382, Loss: -3.8206787109375
Evaluation: 383, Loss: -3.7597249348958335
Evaluation: 384, Loss: -3.9631754557291665
Evaluation: 385, Loss: -3.9835205078124996
Evaluation: 386, Loss: -3.9271647135416665
Evaluation: 387, Loss: -4.034749348958333
Evaluation: 388, Loss: -3.881510416666666
Evaluation: 389, Loss: -3.829305013020833
Evaluation: 390, Loss: -3.7509765625
Evaluation: 391, Loss: -3.971516927083333
Evaluation: 392, Loss: -3.9766845703124996
Evaluation: 393, Loss: -3.747517903645833
Evaluation: 394, Loss: -3.92724609375
Evaluation: 395, Loss: -3.919962565104166
Evaluation: 396, Loss: -3.7234293619791665
Evaluation: 397, Loss: -3.7286376953125
Evaluation: 398, Loss: -3.767985026041666
Evaluation: 399, Loss: -3.8870849609374996
Evaluation: 400, Loss: -3.7139892578125
Evaluation: 401, Loss: -3.637532552083333
Evaluation: 402, Loss: -3.9560546875
Evaluation: 403, Loss: -3.853922526041666
Evaluation: 404, Loss: -3.878580729166666
Evaluation: 405, Loss: -3.898152669270833
Evaluation: 406, Loss: -3.8726806640625
Evaluation: 407, Loss: -3.904378255208333
Evaluation: 408, Loss: -4.010904947916666
Evaluation: 409, Loss: -3.8859863281249996
Evaluation: 410, Loss: -3.827107747395833
Evaluation: 411, Loss: -4.0699462890625
Evaluation: 412, Loss: -4.011678059895833
Evaluation: 413, Loss: -4.053466796875
Evaluation: 414, Loss: -3.9975992838541665
Evaluation: 415, Loss: -3.8284098307291665
Evaluation: 416, Loss: -4.040364583333333
Evaluation: 417, Loss: -3.967366536458333
Evaluation: 418, Loss: -4.042643229166666
Evaluation: 419, Loss: -4.018880208333333
Evaluation: 420, Loss: -3.947102864583333
Evaluation: 421, Loss: -3.987386067708333
Evaluation: 422, Loss: -4.020955403645832
Evaluation: 423, Loss: -3.8599853515625
Evaluation: 424, Loss: -3.919840494791666
Evaluation: 425, Loss: -3.848103841145833
Evaluation: 426, Loss: -3.838216145833333
Evaluation: 427, Loss: -3.7578531901041665
Evaluation: 428, Loss: -3.887288411458333
Evaluation: 429, Loss: -3.999715169270833
Evaluation: 430, Loss: -3.71484375
Evaluation: 431, Loss: -4.000447591145832
Evaluation: 432, Loss: -3.88232421875
Evaluation: 433, Loss: -4.126220703125
Evaluation: 434, Loss: -3.798299153645833
Evaluation: 435, Loss: -3.8785400390625
Evaluation: 436, Loss: -3.7315673828125
Evaluation: 437, Loss: -3.955647786458333
Evaluation: 438, Loss: -3.9023844401041665
Evaluation: 439, Loss: -4.086954752604166
Evaluation: 440, Loss: -3.981648763020833
Evaluation: 441, Loss: -4.048909505208333
Evaluation: 442, Loss: -4.067708333333333
Evaluation: 443, Loss: -3.990275065104167
Evaluation: 444, Loss: -4.072062174479166
Evaluation: 445, Loss: -3.9948730468749996
Evaluation: 446, Loss: -4.0318603515625
Evaluation: 447, Loss: -3.829874674479166
Evaluation: 448, Loss: -3.938069661458333
Evaluation: 449, Loss: -3.997639973958333
Evaluation: 450, Loss: -3.9368896484375
Evaluation: 451, Loss: -3.831013997395833
Evaluation: 452, Loss: -3.969482421875
Evaluation: 453, Loss: -3.9049479166666665
Evaluation: 454, Loss: -3.897257486979166
Evaluation: 455, Loss: -3.99658203125
Evaluation: 456, Loss: -4.0640869140625
Evaluation: 457, Loss: -3.8599853515625004
Evaluation: 458, Loss: -3.956298828124999
Evaluation: 459, Loss: -3.782552083333333
Evaluation: 460, Loss: -3.820068359375
Evaluation: 461, Loss: -3.825561523437499
Evaluation: 462, Loss: -3.7257080078124996
Evaluation: 463, Loss: -3.894938151041666
Evaluation: 464, Loss: -3.9042561848958335
Evaluation: 465, Loss: -3.7845865885416665
Evaluation: 466, Loss: -3.679199218749999
Evaluation: 467, Loss: -3.78125
Evaluation: 468, Loss: -3.8394775390625
Evaluation: 469, Loss: -3.8026123046875
Evaluation: 470, Loss: -3.9077962239583335
Evaluation: 471, Loss: -3.7878417968749996
Evaluation: 472, Loss: -3.8944905598958326
Evaluation: 473, Loss: -3.973347981770833
Evaluation: 474, Loss: -3.574788411458333
Evaluation: 475, Loss: -3.758748372395833
Evaluation: 476, Loss: -3.6966552734375
Evaluation: 477, Loss: -3.836100260416666
Evaluation: 478, Loss: -3.7330322265625
Evaluation: 479, Loss: -3.757039388020833
Evaluation: 480, Loss: -3.792521158854166
Evaluation: 481, Loss: -3.69970703125
Evaluation: 482, Loss: -3.894856770833333
Evaluation: 483, Loss: -3.9351806640624996
Evaluation: 484, Loss: -3.904988606770833
Evaluation: 485, Loss: -3.965494791666666
Evaluation: 486, Loss: -3.865478515625
Evaluation: 487, Loss: -3.765950520833333
Evaluation: 488, Loss: -3.7717692057291665
Evaluation: 489, Loss: -3.6639404296874996
Evaluation: 490, Loss: -3.662801106770833
Evaluation: 491, Loss: -3.854695638020833
Evaluation: 492, Loss: -3.8873291015624996
Evaluation: 493, Loss: -3.814615885416666
Evaluation: 494, Loss: -3.6177978515624996
Evaluation: 495, Loss: -3.738484700520833
Evaluation: 496, Loss: -3.6158447265624996
Evaluation: 497, Loss: -3.658854166666666
Evaluation: 498, Loss: -3.948933919270833
Evaluation: 499, Loss: -3.935587565104166
Evaluation: 500, Loss: -3.946004231770833
Evaluation: 501, Loss: -3.958211263020833
Evaluation: 502, Loss: -3.9851074218749996
Evaluation: 503, Loss: -3.966064453124999
Evaluation: 504, Loss: -3.9773763020833326
Evaluation: 505, Loss: -3.964680989583333
Evaluation: 506, Loss: -4.012532552083333
Evaluation: 507, Loss: -3.9589843749999996
Evaluation: 508, Loss: -3.991414388020833
Evaluation: 509, Loss: -4.054484049479166
Evaluation: 510, Loss: -3.9672037760416665
Evaluation: 511, Loss: -4.039754231770834
Evaluation: 512, Loss: -4.062581380208333
Evaluation: 513, Loss: -3.868367513020833
Evaluation: 514, Loss: -3.945760091145833
Evaluation: 515, Loss: -3.9393717447916656
Evaluation: 516, Loss: -4.001220703125
Evaluation: 517, Loss: -3.9670817057291665
Evaluation: 518, Loss: -4.068684895833333
Evaluation: 519, Loss: -3.762980143229166
Evaluation: 520, Loss: -3.9034830729166656
Evaluation: 521, Loss: -3.869466145833333
Evaluation: 522, Loss: -3.968302408854166
Evaluation: 523, Loss: -3.9497884114583335
Evaluation: 524, Loss: -3.891560872395833
Evaluation: 525, Loss: -3.854532877604166
Evaluation: 526, Loss: -4.047078450520833
Evaluation: 527, Loss: -3.8731282552083326
Evaluation: 528, Loss: -3.8419189453124996
Evaluation: 529, Loss: -4.054117838541666
Evaluation: 530, Loss: -3.9262695312499996
Evaluation: 531, Loss: -3.9630533854166665
Evaluation: 532, Loss: -4.040242513020832
Evaluation: 533, Loss: -4.080729166666667
Evaluation: 534, Loss: -3.877604166666666
Evaluation: 535, Loss: -4.061442057291667
Evaluation: 536, Loss: -4.0545654296875
Evaluation: 537, Loss: -4.046427408854166
Evaluation: 538, Loss: -3.922770182291666
Evaluation: 539, Loss: -4.01123046875
Evaluation: 540, Loss: -4.032999674479166
Evaluation: 541, Loss: -3.898640950520832
Evaluation: 542, Loss: -3.9393717447916665
Evaluation: 543, Loss: -3.9827473958333326
Evaluation: 544, Loss: -4.029541015625
Evaluation: 545, Loss: -4.048177083333333
Evaluation: 546, Loss: -4.039957682291666
Evaluation: 547, Loss: -3.9748535156249996
Evaluation: 548, Loss: -3.955729166666666
Evaluation: 549, Loss: -4.088785807291667
Evaluation: 550, Loss: -4.041585286458334
Evaluation: 551, Loss: -4.017578125
Evaluation: 552, Loss: -3.958821614583333
Evaluation: 553, Loss: -3.977701822916667
Evaluation: 554, Loss: -4.065958658854167
Evaluation: 555, Loss: -4.051595052083333
Evaluation: 556, Loss: -4.060017903645833
Evaluation: 557, Loss: -4.036376953125
Evaluation: 558, Loss: -4.076212565104166
Evaluation: 559, Loss: -4.021402994791666
Evaluation: 560, Loss: -3.911417643229166
Evaluation: 561, Loss: -3.8745524088541665
Evaluation: 562, Loss: -4.020914713541666
Evaluation: 563, Loss: -4.036417643229166
Evaluation: 564, Loss: -4.0308837890625
Evaluation: 565, Loss: -3.922322591145833
Evaluation: 566, Loss: -3.908243815104166
Evaluation: 567, Loss: -3.9827067057291665
Evaluation: 568, Loss: -3.886393229166666
Evaluation: 569, Loss: -3.890462239583333
Evaluation: 570, Loss: -3.890340169270833
Evaluation: 571, Loss: -3.976969401041666
Evaluation: 572, Loss: -3.929890950520833
Evaluation: 573, Loss: -3.831013997395833
Evaluation: 574, Loss: -3.957682291666666
Evaluation: 575, Loss: -3.960530598958333
Evaluation: 576, Loss: -3.923706054687499
Evaluation: 577, Loss: -4.017985026041666
Evaluation: 578, Loss: -3.901936848958333
Evaluation: 579, Loss: -3.8974609374999996
Evaluation: 580, Loss: -3.880289713541667
Evaluation: 581, Loss: -3.8691406249999996
Evaluation: 582, Loss: -3.9298502604166665
Evaluation: 583, Loss: -3.804280598958333
Evaluation: 584, Loss: -3.888671874999999
Evaluation: 585, Loss: -3.817179361979167
Evaluation: 586, Loss: -3.9034423828124996
Evaluation: 587, Loss: -3.836140950520833
Evaluation: 588, Loss: -3.845743815104166
Evaluation: 589, Loss: -3.9373779296874996
Evaluation: 590, Loss: -3.8685302734375
Evaluation: 591, Loss: -3.8827718098958335
Evaluation: 592, Loss: -3.906412760416665
Evaluation: 593, Loss: -3.796183268229166
Evaluation: 594, Loss: -3.883341471354167
Evaluation: 595, Loss: -3.9338378906249996
Evaluation: 596, Loss: -3.944783528645833
Evaluation: 597, Loss: -3.940388997395833
Evaluation: 598, Loss: -3.8542073567708335
Evaluation: 599, Loss: -3.964111328125
Evaluation: 600, Loss: -3.887044270833333
Evaluation: 601, Loss: -3.8920898437499996
Evaluation: 602, Loss: -3.930013020833333
Evaluation: 603, Loss: -3.9099121093749996
Evaluation: 604, Loss: -3.892862955729166
Evaluation: 605, Loss: -3.9812418619791665
Evaluation: 606, Loss: -3.9021809895833335
Evaluation: 607, Loss: -3.965291341145833
Evaluation: 608, Loss: -3.9642333984374996
Evaluation: 609, Loss: -3.959228515624999
Evaluation: 610, Loss: -3.930745442708333
Evaluation: 611, Loss: -3.874593098958333
Evaluation: 612, Loss: -4.01708984375
Evaluation: 613, Loss: -3.9384765624999996
Evaluation: 614, Loss: -3.9820149739583335
Evaluation: 615, Loss: -3.9615071614583326
Evaluation: 616, Loss: -3.977783203124999
Evaluation: 617, Loss: -3.959147135416667
Evaluation: 618, Loss: -3.9893798828125
Evaluation: 619, Loss: -3.986857096354166
Evaluation: 620, Loss: -3.957641601562499
Evaluation: 621, Loss: -4.001261393229167
Evaluation: 622, Loss: -4.056315104166666
Evaluation: 623, Loss: -4.021077473958333
Evaluation: 624, Loss: -4.014444986979166
Evaluation: 625, Loss: -3.978271484374999
Evaluation: 626, Loss: -3.931111653645833
Evaluation: 627, Loss: -3.989990234375
Evaluation: 628, Loss: -4.137125651041666
Evaluation: 629, Loss: -3.983113606770832
Evaluation: 630, Loss: -4.034627278645833
Evaluation: 631, Loss: -4.065714518229167
Evaluation: 632, Loss: -4.110758463541666
Evaluation: 633, Loss: -4.078776041666667
Evaluation: 634, Loss: -4.102091471354165
Evaluation: 635, Loss: -4.1019287109375
Evaluation: 636, Loss: -4.128011067708333
Evaluation: 637, Loss: -4.127970377604166
Evaluation: 638, Loss: -4.124186197916666
Evaluation: 639, Loss: -4.089884440104166
Evaluation: 640, Loss: -4.080240885416666
Evaluation: 641, Loss: -4.076009114583334
Evaluation: 642, Loss: -4.109903971354166
Evaluation: 643, Loss: -4.058471679687499
Evaluation: 644, Loss: -3.987996419270833
Evaluation: 645, Loss: -4.087239583333332
Evaluation: 646, Loss: -4.0018310546875
Evaluation: 647, Loss: -4.089925130208332
Evaluation: 648, Loss: -3.996826171875
Evaluation: 649, Loss: -4.073282877604167
Evaluation: 650, Loss: -3.999308268229167
Evaluation: 651, Loss: -4.033406575520832
Evaluation: 652, Loss: -4.071451822916666
Evaluation: 653, Loss: -4.084147135416666
Evaluation: 654, Loss: -4.1175537109375
Evaluation: 655, Loss: -4.071248372395834
Evaluation: 656, Loss: -4.0853271484375
Evaluation: 657, Loss: -4.094930013020833
Evaluation: 658, Loss: -3.980672200520833
Evaluation: 659, Loss: -3.9700113932291665
Evaluation: 660, Loss: -4.173380533854166
Evaluation: 661, Loss: -4.068196614583333
Evaluation: 662, Loss: -4.09423828125
Evaluation: 663, Loss: -4.070515950520833
Evaluation: 664, Loss: -4.137003580729166
Evaluation: 665, Loss: -4.036295572916666
Evaluation: 666, Loss: -3.938435872395833
Evaluation: 667, Loss: -4.08203125
Evaluation: 668, Loss: -4.0517578125
Evaluation: 669, Loss: -4.095499674479166
Evaluation: 670, Loss: -4.102945963541666
Evaluation: 671, Loss: -4.144612630208333
Evaluation: 672, Loss: -4.039632161458333
Evaluation: 673, Loss: -4.133382161458333
Evaluation: 674, Loss: -4.034749348958333
Evaluation: 675, Loss: -4.086995442708333
Evaluation: 676, Loss: -3.971842447916667
Evaluation: 677, Loss: -4.006754557291666
Evaluation: 678, Loss: -4.107828776041665
Evaluation: 679, Loss: -4.114542643229166
Evaluation: 680, Loss: -4.061238606770832
Evaluation: 681, Loss: -4.1279296875
Evaluation: 682, Loss: -4.039347330729166
Evaluation: 683, Loss: -4.135742187499999
Evaluation: 684, Loss: -3.955729166666666
Evaluation: 685, Loss: -4.054402669270833
Evaluation: 686, Loss: -4.018310546875
Evaluation: 687, Loss: -4.009562174479166
Evaluation: 688, Loss: -3.9143880208333326
Evaluation: 689, Loss: -4.149332682291666
Evaluation: 690, Loss: -3.9510498046874996
Evaluation: 691, Loss: -3.9375406901041665
Evaluation: 692, Loss: -3.9811604817708335
Evaluation: 693, Loss: -3.8592529296875
Evaluation: 694, Loss: -3.9970703125
Evaluation: 695, Loss: -3.948649088541666
Evaluation: 696, Loss: -3.9652099609374996
Evaluation: 697, Loss: -3.9483642578124996
Evaluation: 698, Loss: -3.9114990234374996
Evaluation: 699, Loss: -3.918741861979167
Evaluation: 700, Loss: -3.9691569010416665
Evaluation: 701, Loss: -3.9568277994791665
Evaluation: 702, Loss: -4.007161458333334
Evaluation: 703, Loss: -4.007405598958333
Evaluation: 704, Loss: -3.944986979166666
Evaluation: 705, Loss: -4.028849283854165
Evaluation: 706, Loss: -3.9354248046874996
Evaluation: 707, Loss: -3.888102213541667
Evaluation: 708, Loss: -3.8824462890625
Evaluation: 709, Loss: -3.887654622395834
Evaluation: 710, Loss: -3.8751220703125
Evaluation: 711, Loss: -3.971923828125
Evaluation: 712, Loss: -3.990234375
Evaluation: 713, Loss: -3.945882161458333
Evaluation: 714, Loss: -3.963623046875
Evaluation: 715, Loss: -3.962117513020833
Evaluation: 716, Loss: -3.880900065104166
Evaluation: 717, Loss: -3.9408772786458326
Evaluation: 718, Loss: -4.073527018229166
Evaluation: 719, Loss: -3.9906819661458335
Evaluation: 720, Loss: -3.9678955078124996
Evaluation: 721, Loss: -4.108601888020833
Evaluation: 722, Loss: -4.065348307291667
Evaluation: 723, Loss: -4.067545572916666
Evaluation: 724, Loss: -3.925374348958333
Evaluation: 725, Loss: -3.929077148437499
Evaluation: 726, Loss: -4.046101888020834
Evaluation: 727, Loss: -3.9755859374999996
Evaluation: 728, Loss: -3.9543050130208326
Evaluation: 729, Loss: -3.9219970703125
Evaluation: 730, Loss: -3.9661865234374996
Evaluation: 731, Loss: -3.904988606770833
Evaluation: 732, Loss: -4.116414388020833
Evaluation: 733, Loss: -4.05810546875
Evaluation: 734, Loss: -4.091349283854166
Evaluation: 735, Loss: -3.994791666666666
Evaluation: 736, Loss: -4.016357421874999
Evaluation: 737, Loss: -4.152669270833333
Evaluation: 738, Loss: -4.125528971354166
Evaluation: 739, Loss: -4.156697591145832
Evaluation: 740, Loss: -4.145589192708333
Evaluation: 741, Loss: -4.12060546875
Evaluation: 742, Loss: -4.016845703125
Evaluation: 743, Loss: -4.072347005208333
Evaluation: 744, Loss: -4.128255208333334
Evaluation: 745, Loss: -4.103474934895833
Evaluation: 746, Loss: -4.120442708333332
Evaluation: 747, Loss: -4.103068033854167
Evaluation: 748, Loss: -4.0723876953125
Evaluation: 749, Loss: -4.132120768229166
Evaluation: 750, Loss: -4.1478271484375
Evaluation: 751, Loss: -3.950032552083333
Evaluation: 752, Loss: -4.113037109375
Evaluation: 753, Loss: -3.9574788411458335
Evaluation: 754, Loss: -4.028727213541666
Evaluation: 755, Loss: -3.894368489583333
Evaluation: 756, Loss: -3.9902343749999996
Evaluation: 757, Loss: -4.033203125
Evaluation: 758, Loss: -3.949340820312499
Evaluation: 759, Loss: -4.014200846354166
Evaluation: 760, Loss: -3.967244466145833
Evaluation: 761, Loss: -3.935709635416667
Evaluation: 762, Loss: -4.005493164062499
Evaluation: 763, Loss: -3.874593098958333
Evaluation: 764, Loss: -3.998331705729166
Evaluation: 765, Loss: -4.119588216145833
Evaluation: 766, Loss: -4.127278645833333
Evaluation: 767, Loss: -4.140096028645833
Evaluation: 768, Loss: -4.012980143229166
Evaluation: 769, Loss: -4.008138020833334
Evaluation: 770, Loss: -4.105183919270833
Evaluation: 771, Loss: -4.075764973958333
Evaluation: 772, Loss: -4.136189778645832
Evaluation: 773, Loss: -3.990234374999999
Evaluation: 774, Loss: -4.019205729166667
Evaluation: 775, Loss: -4.038411458333332
Evaluation: 776, Loss: -4.00830078125
Evaluation: 777, Loss: -4.020589192708333
Evaluation: 778, Loss: -4.012817382812499
Evaluation: 779, Loss: -3.9897054036458335
Evaluation: 780, Loss: -3.960530598958333
Evaluation: 781, Loss: -4.003946940104166
Evaluation: 782, Loss: -3.9683837890625
Evaluation: 783, Loss: -3.9775390624999996
Evaluation: 784, Loss: -3.9989420572916665
Evaluation: 785, Loss: -3.9993896484375
Evaluation: 786, Loss: -4.054646809895833
Evaluation: 787, Loss: -4.022745768229166
Evaluation: 788, Loss: -3.985188802083333
Evaluation: 789, Loss: -4.017740885416666
Evaluation: 790, Loss: -4.120524088541666
Evaluation: 791, Loss: -4.085408528645834
Evaluation: 792, Loss: -3.9392089843750004
Evaluation: 793, Loss: -3.9338378906249996
Evaluation: 794, Loss: -4.011718749999999
Evaluation: 795, Loss: -4.0269775390625
Evaluation: 796, Loss: -3.9114176432291665
Evaluation: 797, Loss: -3.932291666666667
Evaluation: 798, Loss: -3.851806640624999
Evaluation: 799, Loss: -3.892659505208333
Evaluation: 800, Loss: -3.995930989583332
Evaluation: 801, Loss: -4.013671875
Evaluation: 802, Loss: -4.055094401041666
Evaluation: 803, Loss: -4.109781901041666
Evaluation: 804, Loss: -4.014811197916666
Evaluation: 805, Loss: -4.051920572916667
Evaluation: 806, Loss: -3.893758138020833
Evaluation: 807, Loss: -4.060099283854166
Evaluation: 808, Loss: -4.058837890625
Evaluation: 809, Loss: -3.999308268229166
Evaluation: 810, Loss: -4.137532552083334
Evaluation: 811, Loss: -4.143513997395833
Evaluation: 812, Loss: -4.011189778645833
Evaluation: 813, Loss: -4.0899658203125
Evaluation: 814, Loss: -4.104777018229166
Evaluation: 815, Loss: -4.063802083333333
Evaluation: 816, Loss: -4.102823893229166
Evaluation: 817, Loss: -4.149454752604167
Evaluation: 818, Loss: -4.034749348958333
Evaluation: 819, Loss: -3.909749348958333
Evaluation: 820, Loss: -3.981486002604166
Evaluation: 821, Loss: -3.8828938802083326
Evaluation: 822, Loss: -3.9489339192708335
Evaluation: 823, Loss: -3.9906005859374996
Evaluation: 824, Loss: -3.956949869791666
Evaluation: 825, Loss: -4.033447265625
Evaluation: 826, Loss: -3.969441731770833
Evaluation: 827, Loss: -3.8802897135416665
Evaluation: 828, Loss: -3.9660237630208335
Evaluation: 829, Loss: -4.0303955078125
Evaluation: 830, Loss: -4.085734049479166
Evaluation: 831, Loss: -4.085205078125
Evaluation: 832, Loss: -4.125732421875
Evaluation: 833, Loss: -4.0616455078125
Evaluation: 834, Loss: -4.103190104166666
Evaluation: 835, Loss: -4.104777018229166
Evaluation: 836, Loss: -4.142862955729166
Evaluation: 837, Loss: -4.070109049479166
Evaluation: 838, Loss: -4.096272786458333
Evaluation: 839, Loss: -4.134765625
Evaluation: 840, Loss: -4.0203857421875
Evaluation: 841, Loss: -4.066731770833333
Evaluation: 842, Loss: -4.0823974609375
Evaluation: 843, Loss: -4.022135416666666
Evaluation: 844, Loss: -4.019287109375
Evaluation: 845, Loss: -3.986612955729166
Evaluation: 846, Loss: -4.0550537109375
Evaluation: 847, Loss: -4.016682942708333
Evaluation: 848, Loss: -3.9510904947916656
Evaluation: 849, Loss: -4.0167236328125
Evaluation: 850, Loss: -4.040445963541667
Evaluation: 851, Loss: -4.003946940104166
Evaluation: 852, Loss: -4.1644287109375
Evaluation: 853, Loss: -4.016153971354167
Evaluation: 854, Loss: -4.109130859375
Evaluation: 855, Loss: -4.01708984375
Evaluation: 856, Loss: -4.019938151041666
Evaluation: 857, Loss: -3.9962972005208335
Evaluation: 858, Loss: -3.960693359374999
Evaluation: 859, Loss: -3.96728515625
Evaluation: 860, Loss: -3.967285156249999
Evaluation: 861, Loss: -4.0159912109375
Evaluation: 862, Loss: -4.001017252604167
Evaluation: 863, Loss: -4.093668619791666
Evaluation: 864, Loss: -4.055257161458333
Evaluation: 865, Loss: -4.096272786458334
Evaluation: 866, Loss: -4.149658203125
Evaluation: 867, Loss: -4.110555013020833
Evaluation: 868, Loss: -4.1790771484375
Evaluation: 869, Loss: -4.157023111979166
Evaluation: 870, Loss: -4.111287434895833
Evaluation: 871, Loss: -4.119750976562499
Evaluation: 872, Loss: -4.105875651041666
Evaluation: 873, Loss: -4.077596028645833
Evaluation: 874, Loss: -4.052530924479167
Evaluation: 875, Loss: -4.0067138671875
Evaluation: 876, Loss: -4.0340576171875
Evaluation: 877, Loss: -4.116251627604166
Evaluation: 878, Loss: -4.118855794270834
Evaluation: 879, Loss: -4.151245117187499
Evaluation: 880, Loss: -4.114949544270833
Evaluation: 881, Loss: -4.094441731770832
Evaluation: 882, Loss: -4.138468424479166
Evaluation: 883, Loss: -4.133422851562499
Evaluation: 884, Loss: -4.157145182291666
Evaluation: 885, Loss: -4.1031494140625
Evaluation: 886, Loss: -4.0780029296875
Evaluation: 887, Loss: -4.109537760416666
Evaluation: 888, Loss: -4.080891927083334
Evaluation: 889, Loss: -3.9012451171875
Evaluation: 890, Loss: -4.078450520833333
Evaluation: 891, Loss: -3.949462890625
Evaluation: 892, Loss: -4.04638671875
Evaluation: 893, Loss: -3.993367513020834
Evaluation: 894, Loss: -4.059773763020833
Evaluation: 895, Loss: -4.036336263020834
Evaluation: 896, Loss: -4.039225260416666
Evaluation: 897, Loss: -4.019938151041668
Evaluation: 898, Loss: -3.9627278645833335
Evaluation: 899, Loss: -4.025105794270833
Evaluation: 900, Loss: -3.9853922526041665
Evaluation: 901, Loss: -4.187947591145832
Evaluation: 902, Loss: -3.9969482421874996
Evaluation: 903, Loss: -4.1192626953125
Evaluation: 904, Loss: -4.115804036458333
Evaluation: 905, Loss: -4.138875325520833
Evaluation: 906, Loss: -4.228922526041666
Evaluation: 907, Loss: -4.095865885416666
Evaluation: 908, Loss: -4.080078125
Evaluation: 909, Loss: -4.107910156249999
Evaluation: 910, Loss: -4.03857421875
Evaluation: 911, Loss: -4.202799479166667
Evaluation: 912, Loss: -4.116455078125
Evaluation: 913, Loss: -4.027099609375
Evaluation: 914, Loss: -4.060424804687499
Evaluation: 915, Loss: -4.039184570312499
Evaluation: 916, Loss: -4.168212890625
Evaluation: 917, Loss: -4.050862630208334
Evaluation: 918, Loss: -4.055623372395833
Evaluation: 919, Loss: -4.139811197916667
Evaluation: 920, Loss: -3.8916422526041656
Evaluation: 921, Loss: -4.054402669270833
Evaluation: 922, Loss: -3.8902587890625004
Evaluation: 923, Loss: -4.1107177734375
Evaluation: 924, Loss: -4.013590494791666
Evaluation: 925, Loss: -4.051920572916667
Evaluation: 926, Loss: -4.039510091145833
Evaluation: 927, Loss: -4.1802978515625
Evaluation: 928, Loss: -3.9659423828125
Evaluation: 929, Loss: -4.137654622395833
Evaluation: 930, Loss: -4.109456380208333
Evaluation: 931, Loss: -4.092122395833333
Evaluation: 932, Loss: -4.159627278645833
Evaluation: 933, Loss: -4.068522135416666
Evaluation: 934, Loss: -4.119954427083333
Evaluation: 935, Loss: -4.019205729166666
Evaluation: 936, Loss: -3.959676106770833
Evaluation: 937, Loss: -4.040690104166666
Evaluation: 938, Loss: -3.962605794270833
Evaluation: 939, Loss: -4.079996744791667
Evaluation: 940, Loss: -3.9615478515625
Evaluation: 941, Loss: -3.9442952473958335
Evaluation: 942, Loss: -3.914957682291666
Evaluation: 943, Loss: -4.043294270833333
Evaluation: 944, Loss: -4.06201171875
Evaluation: 945, Loss: -4.0042724609375
Evaluation: 946, Loss: -4.008544921875
Evaluation: 947, Loss: -4.038899739583333
Evaluation: 948, Loss: -3.925333658854166
Evaluation: 949, Loss: -3.986368815104166
Evaluation: 950, Loss: -4.071858723958334
Evaluation: 951, Loss: -3.911702473958333
Evaluation: 952, Loss: -3.929280598958334
Evaluation: 953, Loss: -3.9832356770833326
Evaluation: 954, Loss: -3.947713216145833
Evaluation: 955, Loss: -3.900919596354166
Evaluation: 956, Loss: -3.912841796875
Evaluation: 957, Loss: -3.9835611979166665
Evaluation: 958, Loss: -3.9609375
Evaluation: 959, Loss: -3.991984049479166
Evaluation: 960, Loss: -3.860758463541666
Evaluation: 961, Loss: -3.8449300130208335
Evaluation: 962, Loss: -3.8909098307291656
Evaluation: 963, Loss: -3.9581298828124987
Evaluation: 964, Loss: -3.980224609374999
Evaluation: 965, Loss: -3.919637044270833
Evaluation: 966, Loss: -4.130086263020833
Evaluation: 967, Loss: -4.136800130208333
Evaluation: 968, Loss: -4.168863932291666
Evaluation: 969, Loss: -4.055135091145833
Evaluation: 970, Loss: -3.8575032552083335
Evaluation: 971, Loss: -4.090942382812499
Evaluation: 972, Loss: -4.094278971354166
Evaluation: 973, Loss: -4.060139973958333
Evaluation: 974, Loss: -4.135416666666666
Evaluation: 975, Loss: -4.149698893229166
Evaluation: 976, Loss: -4.139892578125
Evaluation: 977, Loss: -4.055745442708333
Evaluation: 978, Loss: -4.059895833333333
Evaluation: 979, Loss: -3.833780924479167
Evaluation: 980, Loss: -4.188435872395833
Evaluation: 981, Loss: -4.145914713541666
Evaluation: 982, Loss: -4.112304687499999
Evaluation: 983, Loss: -4.1153564453125
Evaluation: 984, Loss: -3.9556477864583326
Evaluation: 985, Loss: -3.9946695963541665
Evaluation: 986, Loss: -4.111979166666666
Evaluation: 987, Loss: -4.10546875
Evaluation: 988, Loss: -3.738972981770833
Evaluation: 989, Loss: -3.8725585937499996
Evaluation: 990, Loss: -3.9254150390625004
Evaluation: 991, Loss: -3.908732096354166
Evaluation: 992, Loss: -3.901652018229166
Evaluation: 993, Loss: -3.9523111979166665
Evaluation: 994, Loss: -3.939493815104166
Evaluation: 995, Loss: -3.955525716145833
Evaluation: 996, Loss: -4.107747395833333
Evaluation: 997, Loss: -3.8413492838541665
Evaluation: 998, Loss: -3.783284505208333
Evaluation: 999, Loss: -3.7225341796875
Evaluation: 1000, Loss: -3.809041341145833
Evaluation: 1001, Loss: -3.91162109375
Evaluation: 1002, Loss: -3.8476969401041656
Evaluation: 1003, Loss: -4.088500976562499
Evaluation: 1004, Loss: -4.065144856770833
Evaluation: 1005, Loss: -4.056722005208333
Evaluation: 1006, Loss: -3.8959960937499996
Evaluation: 1007, Loss: -3.789306640625
Evaluation: 1008, Loss: -4.016845703125
Evaluation: 1009, Loss: -3.818318684895832
Evaluation: 1010, Loss: -4.037760416666667
Evaluation: 1011, Loss: -3.854288736979166
Evaluation: 1012, Loss: -3.880167643229166
Evaluation: 1013, Loss: -3.8907877604166665
Evaluation: 1014, Loss: -3.900105794270832
Evaluation: 1015, Loss: -3.8963623046875
Evaluation: 1016, Loss: -3.9501953125
Evaluation: 1017, Loss: -3.8256022135416665
Evaluation: 1018, Loss: -3.8182373046875
Evaluation: 1019, Loss: -3.905558268229166
Evaluation: 1020, Loss: -3.8152262369791665
Evaluation: 1021, Loss: -3.711222330729166
Evaluation: 1022, Loss: -3.877685546875
Evaluation: 1023, Loss: -3.832722981770833
Evaluation: 1024, Loss: -3.889119466145833
Evaluation: 1025, Loss: -4.054606119791667
Evaluation: 1026, Loss: -3.937744140625
Evaluation: 1027, Loss: -4.017862955729166
Evaluation: 1028, Loss: -3.850545247395833
Evaluation: 1029, Loss: -3.9446614583333326
Evaluation: 1030, Loss: -3.988972981770833
Evaluation: 1031, Loss: -4.059041341145832
Evaluation: 1032, Loss: -4.056315104166666
Evaluation: 1033, Loss: -3.870320638020833
Evaluation: 1034, Loss: -4.052042643229166
Evaluation: 1035, Loss: -3.8501383463541665
Evaluation: 1036, Loss: -4.048665364583333
Evaluation: 1037, Loss: -4.099039713541666
Evaluation: 1038, Loss: -4.068115234375
Evaluation: 1039, Loss: -4.0087890625
Evaluation: 1040, Loss: -3.8815917968749996
Evaluation: 1041, Loss: -4.013020833333334
Evaluation: 1042, Loss: -4.053426106770833
Evaluation: 1043, Loss: -4.058837890625
Evaluation: 1044, Loss: -3.996866861979167
Evaluation: 1045, Loss: -4.100016276041666
Evaluation: 1046, Loss: -4.063313802083333
Evaluation: 1047, Loss: -4.0067138671875
Evaluation: 1048, Loss: -3.9983723958333326
Evaluation: 1049, Loss: -3.995402018229166
Evaluation: 1050, Loss: -4.062215169270833
Evaluation: 1051, Loss: -4.019571940104167
Evaluation: 1052, Loss: -3.9447835286458326
Evaluation: 1053, Loss: -3.884724934895833
Evaluation: 1054, Loss: -4.0084228515625
Evaluation: 1055, Loss: -4.008422851562499
Evaluation: 1056, Loss: -4.087239583333333
Evaluation: 1057, Loss: -4.051717122395834
Evaluation: 1058, Loss: -4.101888020833333
Evaluation: 1059, Loss: -4.0567626953125
Evaluation: 1060, Loss: -4.086791992187499
Evaluation: 1061, Loss: -3.952189127604166
Evaluation: 1062, Loss: -4.060465494791666
Evaluation: 1063, Loss: -3.968343098958333
Evaluation: 1064, Loss: -3.975748697916666
Evaluation: 1065, Loss: -3.948527018229166
Evaluation: 1066, Loss: -4.028483072916666
Evaluation: 1067, Loss: -4.008382161458334
Evaluation: 1068, Loss: -4.065022786458332
Evaluation: 1069, Loss: -4.0892333984375
Evaluation: 1070, Loss: -3.972778320312499
Evaluation: 1071, Loss: -3.9609375
Evaluation: 1072, Loss: -4.10693359375
Evaluation: 1073, Loss: -4.127278645833333
Evaluation: 1074, Loss: -4.138509114583332
Evaluation: 1075, Loss: -4.1307373046875
Evaluation: 1076, Loss: -4.125284830729166
Evaluation: 1077, Loss: -3.9822998046875
Evaluation: 1078, Loss: -4.136678059895834
Evaluation: 1079, Loss: -4.094197591145833
Evaluation: 1080, Loss: -4.135986328125
Evaluation: 1081, Loss: -4.072835286458333
Evaluation: 1082, Loss: -4.0499267578125
Evaluation: 1083, Loss: -4.017252604166667
Evaluation: 1084, Loss: -4.118245442708333
Evaluation: 1085, Loss: -4.125081380208333
Evaluation: 1086, Loss: -4.121866861979166
Evaluation: 1087, Loss: -3.886555989583333
Evaluation: 1088, Loss: -4.080729166666666
Evaluation: 1089, Loss: -4.125244140624999
Evaluation: 1090, Loss: -4.156494140625
Evaluation: 1091, Loss: -4.114339192708333
Evaluation: 1092, Loss: -4.000284830729166
Evaluation: 1093, Loss: -3.994791666666666
Evaluation: 1094, Loss: -4.03271484375
Evaluation: 1095, Loss: -3.962849934895833
Evaluation: 1096, Loss: -4.060587565104167
Evaluation: 1097, Loss: -4.098185221354167
Evaluation: 1098, Loss: -4.091756184895833
Evaluation: 1099, Loss: -3.976033528645833
Evaluation: 1100, Loss: -4.028564453125
Evaluation: 1101, Loss: -3.871744791666666
Evaluation: 1102, Loss: -4.003255208333334
Evaluation: 1103, Loss: -4.048909505208334
Evaluation: 1104, Loss: -4.101521809895833
Evaluation: 1105, Loss: -4.058634440104166
Evaluation: 1106, Loss: -4.071411132812499
Evaluation: 1107, Loss: -4.0740966796875
Evaluation: 1108, Loss: -4.073974609375
Evaluation: 1109, Loss: -4.133951822916666
Evaluation: 1110, Loss: -4.160074869791667
Evaluation: 1111, Loss: -4.011637369791666
Evaluation: 1112, Loss: -4.063883463541667
Evaluation: 1113, Loss: -4.002115885416666
Evaluation: 1114, Loss: -4.070353190104167
Evaluation: 1115, Loss: -4.193562825520832
Evaluation: 1116, Loss: -4.122639973958332
Evaluation: 1117, Loss: -4.1627197265625
Evaluation: 1118, Loss: -4.106282552083332
Evaluation: 1119, Loss: -4.040974934895833
Evaluation: 1120, Loss: -4.068400065104167
Evaluation: 1121, Loss: -4.029744466145833
Evaluation: 1122, Loss: -4.075602213541666
Evaluation: 1123, Loss: -4.119466145833333
Evaluation: 1124, Loss: -3.985188802083333
Evaluation: 1125, Loss: -3.9923095703124996
Evaluation: 1126, Loss: -4.029947916666666
Evaluation: 1127, Loss: -4.0650634765625
Evaluation: 1128, Loss: -4.029988606770833
Evaluation: 1129, Loss: -4.147705078125
Evaluation: 1130, Loss: -4.192220052083333
Evaluation: 1131, Loss: -3.969807942708333
Evaluation: 1132, Loss: -4.064168294270832
Evaluation: 1133, Loss: -3.990152994791667
Evaluation: 1134, Loss: -3.977986653645833
Evaluation: 1135, Loss: -3.945841471354167
Evaluation: 1136, Loss: -3.938557942708333
Evaluation: 1137, Loss: -4.043172200520833
Evaluation: 1138, Loss: -3.973470052083332
Evaluation: 1139, Loss: -3.951456705729167
Evaluation: 1140, Loss: -3.977579752604166
Evaluation: 1141, Loss: -3.9146321614583326
Evaluation: 1142, Loss: -4.0953369140625
Evaluation: 1143, Loss: -3.9475911458333335
Evaluation: 1144, Loss: -3.889322916666666
Evaluation: 1145, Loss: -4.118693033854167
Evaluation: 1146, Loss: -3.825276692708333
Evaluation: 1147, Loss: -4.008422851562499
Evaluation: 1148, Loss: -4.107747395833333
Evaluation: 1149, Loss: -3.8175455729166665
Evaluation: 1150, Loss: -3.8318277994791665
Evaluation: 1151, Loss: -3.9803466796874996
Evaluation: 1152, Loss: -4.021158854166667
Evaluation: 1153, Loss: -4.1278076171875
Evaluation: 1154, Loss: -4.07958984375
Evaluation: 1155, Loss: -4.111002604166666
Evaluation: 1156, Loss: -4.01953125
Evaluation: 1157, Loss: -4.074015299479167
Evaluation: 1158, Loss: -4.179524739583332
Evaluation: 1159, Loss: -4.1246337890625
Evaluation: 1160, Loss: -4.053181966145833
Evaluation: 1161, Loss: -4.002360026041667
Evaluation: 1162, Loss: -4.1231689453125
Evaluation: 1163, Loss: -4.1314697265625
Evaluation: 1164, Loss: -4.039103190104167
Evaluation: 1165, Loss: -4.102498372395832
Evaluation: 1166, Loss: -4.018391927083333
Evaluation: 1167, Loss: -3.991780598958333
Evaluation: 1168, Loss: -4.082763671875
Evaluation: 1169, Loss: -4.065836588541666
Evaluation: 1170, Loss: -3.987711588541666
Evaluation: 1171, Loss: -3.86181640625
Evaluation: 1172, Loss: -3.890787760416666
Evaluation: 1173, Loss: -4.025227864583333
Evaluation: 1174, Loss: -3.813680013020833
Evaluation: 1175, Loss: -3.9686279296874996
Evaluation: 1176, Loss: -3.898396809895834
Evaluation: 1177, Loss: -3.800252278645834
Evaluation: 1178, Loss: -3.967610677083333
Evaluation: 1179, Loss: -4.116861979166666
Evaluation: 1180, Loss: -3.771280924479166
Evaluation: 1181, Loss: -3.8779296875000004
Evaluation: 1182, Loss: -4.0068359375
Evaluation: 1183, Loss: -3.950887044270833
Evaluation: 1184, Loss: -3.796630859375
Evaluation: 1185, Loss: -4.053548177083333
Evaluation: 1186, Loss: -3.8839925130208326
Evaluation: 1187, Loss: -3.769694010416667
Evaluation: 1188, Loss: -3.8133544921875
Evaluation: 1189, Loss: -4.023030598958333
Evaluation: 1190, Loss: -3.9726155598958326
Evaluation: 1191, Loss: -3.988728841145833
Evaluation: 1192, Loss: -4.011230468749999
Evaluation: 1193, Loss: -3.970703125
Evaluation: 1194, Loss: -3.963012695312499
Evaluation: 1195, Loss: -4.011555989583332
Evaluation: 1196, Loss: -3.892862955729167
Evaluation: 1197, Loss: -4.045003255208333
Evaluation: 1198, Loss: -4.016357421875
Evaluation: 1199, Loss: -3.9602457682291665
Evaluation: 1200, Loss: -4.0078125
Evaluation: 1201, Loss: -4.106689453124999
Evaluation: 1202, Loss: -3.980509440104166
Evaluation: 1203, Loss: -4.016927083333333
Evaluation: 1204, Loss: -3.939737955729167
Evaluation: 1205, Loss: -4.014119466145833
Evaluation: 1206, Loss: -3.969197591145833
Evaluation: 1207, Loss: -3.9847412109375
Evaluation: 1208, Loss: -3.998982747395833
Evaluation: 1209, Loss: -4.012003580729166
Evaluation: 1210, Loss: -4.017293294270833
Evaluation: 1211, Loss: -3.867431640625
Evaluation: 1212, Loss: -3.965291341145834
Evaluation: 1213, Loss: -3.9354654947916665
Evaluation: 1214, Loss: -3.903971354166666
Evaluation: 1215, Loss: -3.867390950520833
Evaluation: 1216, Loss: -3.9287109375
Evaluation: 1217, Loss: -3.868367513020833
Evaluation: 1218, Loss: -3.812418619791667
Evaluation: 1219, Loss: -3.955566406249999
Evaluation: 1220, Loss: -3.9755859375
Evaluation: 1221, Loss: -4.017496744791666
Evaluation: 1222, Loss: -4.064046223958333
Evaluation: 1223, Loss: -4.021362304687499
Evaluation: 1224, Loss: -3.997762044270832
Evaluation: 1225, Loss: -3.96337890625
Evaluation: 1226, Loss: -3.979532877604167
Evaluation: 1227, Loss: -3.939005533854166
Evaluation: 1228, Loss: -3.997884114583333
Evaluation: 1229, Loss: -3.9326578776041665
Evaluation: 1230, Loss: -3.977864583333333
Evaluation: 1231, Loss: -4.0191650390625
Evaluation: 1232, Loss: -3.9697672526041665
Evaluation: 1233, Loss: -3.986043294270833
Evaluation: 1234, Loss: -3.9998779296875
Evaluation: 1235, Loss: -4.019449869791667
Evaluation: 1236, Loss: -4.052530924479166
Evaluation: 1237, Loss: -4.0455322265625
Evaluation: 1238, Loss: -4.0726318359375
Evaluation: 1239, Loss: -4.083496093749999
Evaluation: 1240, Loss: -4.109619140625
Evaluation: 1241, Loss: -4.058919270833334
Evaluation: 1242, Loss: -4.085123697916666
Evaluation: 1243, Loss: -4.061197916666666
Evaluation: 1244, Loss: -3.9980468749999996
Evaluation: 1245, Loss: -3.942179361979167
Evaluation: 1246, Loss: -3.9426269531249996
Evaluation: 1247, Loss: -3.8445638020833335
Evaluation: 1248, Loss: -3.943277994791666
Evaluation: 1249, Loss: -4.050944010416666
Evaluation: 1250, Loss: -3.9375813802083326
Evaluation: 1251, Loss: -3.9130859374999996
Evaluation: 1252, Loss: -3.942260742187499
Evaluation: 1253, Loss: -4.026936848958333
Evaluation: 1254, Loss: -4.047892252604166
Evaluation: 1255, Loss: -4.040242513020834
Evaluation: 1256, Loss: -3.9908447265625
Evaluation: 1257, Loss: -4.035685221354166
Evaluation: 1258, Loss: -4.074951171875
Evaluation: 1259, Loss: -4.049112955729166
Evaluation: 1260, Loss: -4.0216064453125
Evaluation: 1261, Loss: -4.053670247395834
Evaluation: 1262, Loss: -4.0181884765625
Evaluation: 1263, Loss: -4.045369466145833
Evaluation: 1264, Loss: -4.025187174479167
Evaluation: 1265, Loss: -4.0191650390625
Evaluation: 1266, Loss: -3.928100585937499
Evaluation: 1267, Loss: -4.074422200520833
Evaluation: 1268, Loss: -3.998616536458333
Evaluation: 1269, Loss: -4.0572509765625
Evaluation: 1270, Loss: -4.002685546875
Evaluation: 1271, Loss: -4.034261067708333
Evaluation: 1272, Loss: -4.031168619791666
Evaluation: 1273, Loss: -3.9500732421875
Evaluation: 1274, Loss: -4.020467122395834
Evaluation: 1275, Loss: -4.0076904296875
Evaluation: 1276, Loss: -4.106119791666667
Evaluation: 1277, Loss: -4.0147705078125
Evaluation: 1278, Loss: -4.0633544921875
Evaluation: 1279, Loss: -4.046101888020833
Evaluation: 1280, Loss: -4.050089518229166
Evaluation: 1281, Loss: -3.991943359375
Evaluation: 1282, Loss: -4.083089192708333
Evaluation: 1283, Loss: -4.012654622395833
Evaluation: 1284, Loss: -4.072591145833333
Evaluation: 1285, Loss: -3.96728515625
Evaluation: 1286, Loss: -3.962809244791666
Evaluation: 1287, Loss: -4.112711588541666
Evaluation: 1288, Loss: -3.9671630859374996
Evaluation: 1289, Loss: -4.056111653645832
Evaluation: 1290, Loss: -4.0631103515625
Evaluation: 1291, Loss: -4.040120442708332
Evaluation: 1292, Loss: -4.0731201171875
Evaluation: 1293, Loss: -3.9686686197916665
Evaluation: 1294, Loss: -3.990193684895833
Evaluation: 1295, Loss: -3.996378580729167
Evaluation: 1296, Loss: -4.077351888020834
Evaluation: 1297, Loss: -4.0257568359375
Evaluation: 1298, Loss: -4.148844401041666
Evaluation: 1299, Loss: -4.085123697916666
Evaluation: 1300, Loss: -4.0933837890625
Evaluation: 1301, Loss: -4.0689697265625
Evaluation: 1302, Loss: -4.061767578124999
Evaluation: 1303, Loss: -4.127197265624999
Evaluation: 1304, Loss: -4.078816731770833
Evaluation: 1305, Loss: -4.128784179687499
Evaluation: 1306, Loss: -4.01123046875
Evaluation: 1307, Loss: -4.029093424479166
Evaluation: 1308, Loss: -4.064493815104166
Evaluation: 1309, Loss: -4.008138020833333
Evaluation: 1310, Loss: -3.979654947916666
Evaluation: 1311, Loss: -3.986368815104166
Evaluation: 1312, Loss: -3.9615885416666665
Evaluation: 1313, Loss: -4.009765625
Evaluation: 1314, Loss: -3.894694010416667
Evaluation: 1315, Loss: -3.964070638020833
Evaluation: 1316, Loss: -3.9099121093749996
Evaluation: 1317, Loss: -3.8618977864583326
Evaluation: 1318, Loss: -3.9036865234374996
Evaluation: 1319, Loss: -3.942830403645834
Evaluation: 1320, Loss: -3.890299479166666
Evaluation: 1321, Loss: -4.054239908854166
Evaluation: 1322, Loss: -3.9704589843750004
Evaluation: 1323, Loss: -3.728556315104167
Evaluation: 1324, Loss: -3.7987060546875
Evaluation: 1325, Loss: -3.757609049479166
Evaluation: 1326, Loss: -3.843180338541666
Evaluation: 1327, Loss: -3.811767578125
Evaluation: 1328, Loss: -3.770589192708333
Evaluation: 1329, Loss: -3.796752929687499
Evaluation: 1330, Loss: -3.8790283203125
Evaluation: 1331, Loss: -3.8839111328125
Evaluation: 1332, Loss: -3.916015624999999
Evaluation: 1333, Loss: -3.866780598958333
Evaluation: 1334, Loss: -3.702148437500001
Evaluation: 1335, Loss: -3.825358072916666
Evaluation: 1336, Loss: -3.776652018229166
Evaluation: 1337, Loss: -3.773152669270833
Evaluation: 1338, Loss: -3.773111979166667
Evaluation: 1339, Loss: -3.7559000651041665
Evaluation: 1340, Loss: -3.8126220703125
Evaluation: 1341, Loss: -3.771809895833333
Evaluation: 1342, Loss: -3.762288411458333
Evaluation: 1343, Loss: -3.7053222656250004
Evaluation: 1344, Loss: -3.7516682942708335
Evaluation: 1345, Loss: -3.7341715494791656
Evaluation: 1346, Loss: -3.7305908203124996
Evaluation: 1347, Loss: -3.766886393229167
Evaluation: 1348, Loss: -3.748372395833333
Evaluation: 1349, Loss: -3.8083089192708326
Evaluation: 1350, Loss: -3.792073567708333
Evaluation: 1351, Loss: -3.741292317708333
Evaluation: 1352, Loss: -3.806722005208332
Evaluation: 1353, Loss: -3.750854492187499
Evaluation: 1354, Loss: -3.7954101562499996
Evaluation: 1355, Loss: -3.783569335937499
Evaluation: 1356, Loss: -3.6909586588541665
Evaluation: 1357, Loss: -3.711629231770833
Evaluation: 1358, Loss: -3.847127278645833
Evaluation: 1359, Loss: -3.8164062499999996
Evaluation: 1360, Loss: -3.872884114583333
Evaluation: 1361, Loss: -3.7269287109374996
Evaluation: 1362, Loss: -3.779256184895834
Evaluation: 1363, Loss: -3.864461263020833
Evaluation: 1364, Loss: -3.859456380208333
Evaluation: 1365, Loss: -3.84375
Evaluation: 1366, Loss: -3.741821289062499
Evaluation: 1367, Loss: -3.851765950520833
Evaluation: 1368, Loss: -3.784138997395832
Evaluation: 1369, Loss: -3.7277832031249996
Evaluation: 1370, Loss: -3.7764078776041665
Evaluation: 1371, Loss: -3.7869873046875
Evaluation: 1372, Loss: -3.683349609374999
Evaluation: 1373, Loss: -3.7003173828125004
Evaluation: 1374, Loss: -3.814046223958334
Evaluation: 1375, Loss: -3.6755371093750004
Evaluation: 1376, Loss: -3.9993896484374996
Evaluation: 1377, Loss: -3.988647460937501
Evaluation: 1378, Loss: -3.8990478515625
Evaluation: 1379, Loss: -4.044311523437499
Evaluation: 1380, Loss: -3.8833821614583335
Evaluation: 1381, Loss: -3.994710286458333
Evaluation: 1382, Loss: -3.8147379557291665
Evaluation: 1383, Loss: -3.8791503906249996
Evaluation: 1384, Loss: -3.9003906250000004
Evaluation: 1385, Loss: -3.968058268229166
Evaluation: 1386, Loss: -3.824707031249999
Evaluation: 1387, Loss: -3.982625325520833
Evaluation: 1388, Loss: -3.9080810546875004
Evaluation: 1389, Loss: -3.8355712890625
Evaluation: 1390, Loss: -3.8033447265624996
Evaluation: 1391, Loss: -3.833577473958333
Evaluation: 1392, Loss: -3.911173502604167
Evaluation: 1393, Loss: -3.8828125
Evaluation: 1394, Loss: -3.838826497395833
Evaluation: 1395, Loss: -3.9038085937499996
Evaluation: 1396, Loss: -3.909627278645832
Evaluation: 1397, Loss: -3.927734374999999
Evaluation: 1398, Loss: -3.8870849609375
Evaluation: 1399, Loss: -3.8884277343749996
Evaluation: 1400, Loss: -3.834879557291666
Evaluation: 1401, Loss: -3.848999023437499
Evaluation: 1402, Loss: -3.8638509114583335
Evaluation: 1403, Loss: -3.941324869791666
Evaluation: 1404, Loss: -3.900838216145833
Evaluation: 1405, Loss: -3.825642903645832
Evaluation: 1406, Loss: -3.858154296874999
Evaluation: 1407, Loss: -3.927408854166666
Evaluation: 1408, Loss: -3.9298095703125
Evaluation: 1409, Loss: -3.910563151041666
Evaluation: 1410, Loss: -3.9428710937499996
Evaluation: 1411, Loss: -3.8688151041666665
Evaluation: 1412, Loss: -3.868937174479166
Evaluation: 1413, Loss: -3.791178385416666
Evaluation: 1414, Loss: -3.83544921875
Evaluation: 1415, Loss: -3.8860677083333335
Evaluation: 1416, Loss: -3.8618570963541665
Evaluation: 1417, Loss: -3.8507486979166656
Evaluation: 1418, Loss: -3.941975911458334
Evaluation: 1419, Loss: -3.899983723958333
Evaluation: 1420, Loss: -3.939941406249999
Evaluation: 1421, Loss: -3.887858072916666
Evaluation: 1422, Loss: -3.8287353515624996
Evaluation: 1423, Loss: -3.853230794270833
Evaluation: 1424, Loss: -3.934326171875
Evaluation: 1425, Loss: -3.952840169270833
Evaluation: 1426, Loss: -3.847127278645833
Evaluation: 1427, Loss: -4.029378255208333
Evaluation: 1428, Loss: -3.945515950520833
Evaluation: 1429, Loss: -3.88818359375
Evaluation: 1430, Loss: -3.962849934895833
Evaluation: 1431, Loss: -3.831339518229166
Evaluation: 1432, Loss: -3.964274088541666
Evaluation: 1433, Loss: -3.7558186848958326
Evaluation: 1434, Loss: -3.915852864583333
Evaluation: 1435, Loss: -3.8313395182291665
Evaluation: 1436, Loss: -3.826822916666667
Evaluation: 1437, Loss: -3.869466145833333
Evaluation: 1438, Loss: -3.795369466145833
Evaluation: 1439, Loss: -3.8227945963541665
Evaluation: 1440, Loss: -3.853434244791666
Evaluation: 1441, Loss: -3.8508300781249987
Evaluation: 1442, Loss: -3.808919270833333
Evaluation: 1443, Loss: -3.786295572916666
Evaluation: 1444, Loss: -3.932332356770833
Evaluation: 1445, Loss: -3.766316731770833
Evaluation: 1446, Loss: -3.9560546874999996
Evaluation: 1447, Loss: -3.8218994140625
Evaluation: 1448, Loss: -3.8883056640624996
Evaluation: 1449, Loss: -3.831136067708333
Evaluation: 1450, Loss: -3.847330729166666
Evaluation: 1451, Loss: -3.8233642578125
Evaluation: 1452, Loss: -3.8368326822916665
Evaluation: 1453, Loss: -3.869181315104166
Evaluation: 1454, Loss: -3.925699869791667
Evaluation: 1455, Loss: -3.8333333333333335
Evaluation: 1456, Loss: -3.8888753255208326
Evaluation: 1457, Loss: -3.9291992187500004
Evaluation: 1458, Loss: -3.883260091145833
Evaluation: 1459, Loss: -4.00146484375
Evaluation: 1460, Loss: -3.8475341796874996
Evaluation: 1461, Loss: -3.8358968098958335
Evaluation: 1462, Loss: -3.902994791666667
Evaluation: 1463, Loss: -3.91455078125
Evaluation: 1464, Loss: -3.9138183593749996
Evaluation: 1465, Loss: -3.904825846354166
Evaluation: 1466, Loss: -3.9482421875
Evaluation: 1467, Loss: -3.8933512369791665
Evaluation: 1468, Loss: -3.886352539062499
Evaluation: 1469, Loss: -3.9471435546874996
Evaluation: 1470, Loss: -3.786580403645833
Evaluation: 1471, Loss: -3.8436279296875
Evaluation: 1472, Loss: -3.8744710286458326
Evaluation: 1473, Loss: -3.796956380208333
Evaluation: 1474, Loss: -3.871175130208332
Evaluation: 1475, Loss: -3.953369140625
Evaluation: 1476, Loss: -3.7902832031249996
Evaluation: 1477, Loss: -3.9087727864583335
Evaluation: 1478, Loss: -3.862019856770834
Evaluation: 1479, Loss: -3.9178873697916674
Evaluation: 1480, Loss: -3.842041015625
Evaluation: 1481, Loss: -3.85546875
Evaluation: 1482, Loss: -3.8751627604166665
Evaluation: 1483, Loss: -3.917724609375
Evaluation: 1484, Loss: -3.8707275390624996
Evaluation: 1485, Loss: -3.8835449218749996
Evaluation: 1486, Loss: -3.9248046875
Evaluation: 1487, Loss: -3.847656249999999
Evaluation: 1488, Loss: -3.8053385416666665
Evaluation: 1489, Loss: -3.689615885416667
Evaluation: 1490, Loss: -3.754842122395833
Evaluation: 1491, Loss: -3.675699869791667
Evaluation: 1492, Loss: -3.759073893229167
Evaluation: 1493, Loss: -3.7730712890625
Evaluation: 1494, Loss: -3.635660807291666
Evaluation: 1495, Loss: -3.8818359375
Evaluation: 1496, Loss: -3.869832356770832
Evaluation: 1497, Loss: -3.906249999999999
Evaluation: 1498, Loss: -3.8671874999999987
Evaluation: 1499, Loss: -3.841471354166667
Evaluation: 1500, Loss: -3.8649902343750004
Evaluation: 1501, Loss: -3.8150634765625
Evaluation: 1502, Loss: -3.824422200520833
Evaluation: 1503, Loss: -3.9382731119791665
Evaluation: 1504, Loss: -3.917073567708333
Evaluation: 1505, Loss: -3.8055013020833335
Evaluation: 1506, Loss: -3.853800455729166
Evaluation: 1507, Loss: -3.812703450520833
Evaluation: 1508, Loss: -3.8295898437499996
Evaluation: 1509, Loss: -3.831217447916666
Evaluation: 1510, Loss: -3.795817057291665
Evaluation: 1511, Loss: -3.829101562499999
Evaluation: 1512, Loss: -3.760823567708332
Evaluation: 1513, Loss: -3.833780924479167
Evaluation: 1514, Loss: -3.7792154947916656
Evaluation: 1515, Loss: -3.8042399088541665
Evaluation: 1516, Loss: -3.816487630208334
Evaluation: 1517, Loss: -3.8246256510416665
Evaluation: 1518, Loss: -3.7254638671874996
Evaluation: 1519, Loss: -3.821329752604166
Evaluation: 1520, Loss: -3.912150065104166
Evaluation: 1521, Loss: -3.989827473958332
Evaluation: 1522, Loss: -3.907470703125
Evaluation: 1523, Loss: -3.891682942708333
Evaluation: 1524, Loss: -3.875569661458333
Evaluation: 1525, Loss: -3.8080647786458335
Evaluation: 1526, Loss: -3.9332682291666665
Evaluation: 1527, Loss: -3.866658528645833
Evaluation: 1528, Loss: -3.9020589192708335
Evaluation: 1529, Loss: -3.922403971354166
Evaluation: 1530, Loss: -3.917277018229166
Evaluation: 1531, Loss: -3.910725911458333
Evaluation: 1532, Loss: -3.912353515624999
Evaluation: 1533, Loss: -3.781778971354167
Evaluation: 1534, Loss: -3.796427408854166
Evaluation: 1535, Loss: -3.821248372395833
Evaluation: 1536, Loss: -3.907674153645833
Evaluation: 1537, Loss: -3.8712158203125
Evaluation: 1538, Loss: -3.983357747395833
Evaluation: 1539, Loss: -3.9224853515625
Evaluation: 1540, Loss: -3.9683837890625
Evaluation: 1541, Loss: -3.930460611979167
Evaluation: 1542, Loss: -3.845052083333333
Evaluation: 1543, Loss: -3.992716471354167
Evaluation: 1544, Loss: -3.9597167968749996
Evaluation: 1545, Loss: -3.9132486979166665
Evaluation: 1546, Loss: -3.939982096354166
Evaluation: 1547, Loss: -4.002441406249999
Evaluation: 1548, Loss: -3.9720458984374996
Evaluation: 1549, Loss: -3.9747314453125
Evaluation: 1550, Loss: -4.055338541666666
Evaluation: 1551, Loss: -3.9485270182291665
Evaluation: 1552, Loss: -4.010701497395833
Evaluation: 1553, Loss: -4.031494140625
Evaluation: 1554, Loss: -4.0513916015625
Evaluation: 1555, Loss: -3.995320638020833
Evaluation: 1556, Loss: -3.9971516927083335
Evaluation: 1557, Loss: -4.010823567708333
Evaluation: 1558, Loss: -3.911621093749999
Evaluation: 1559, Loss: -4.0340576171875
Evaluation: 1560, Loss: -4.045654296875
Evaluation: 1561, Loss: -4.0054931640625
Evaluation: 1562, Loss: -3.987752278645833
Evaluation: 1563, Loss: -4.001749674479166
Evaluation: 1564, Loss: -4.0057373046875
Evaluation: 1565, Loss: -3.9047851562499996
Evaluation: 1566, Loss: -3.824462890625
Evaluation: 1567, Loss: -3.946411132812499
Evaluation: 1568, Loss: -3.8343505859375
Evaluation: 1569, Loss: -4.036661783854166
Evaluation: 1570, Loss: -3.8186035156249996
Evaluation: 1571, Loss: -4.0003662109375
Evaluation: 1572, Loss: -3.961995442708333
Evaluation: 1573, Loss: -3.897379557291667
Evaluation: 1574, Loss: -3.8766276041666665
Evaluation: 1575, Loss: -4.017822265625
Evaluation: 1576, Loss: -3.875284830729166
Evaluation: 1577, Loss: -4.02783203125
Evaluation: 1578, Loss: -3.9042561848958326
Evaluation: 1579, Loss: -3.902669270833333
Evaluation: 1580, Loss: -3.874918619791666
Evaluation: 1581, Loss: -3.9425048828125
Evaluation: 1582, Loss: -3.7669677734375
Evaluation: 1583, Loss: -3.9062093098958326
Evaluation: 1584, Loss: -3.9490966796874996
Evaluation: 1585, Loss: -3.9090576171875
Evaluation: 1586, Loss: -3.890543619791667
Evaluation: 1587, Loss: -4.035847981770832
Evaluation: 1588, Loss: -3.9716389973958335
Evaluation: 1589, Loss: -3.910685221354166
Evaluation: 1590, Loss: -4.027140299479167
Evaluation: 1591, Loss: -3.9773356119791674
Evaluation: 1592, Loss: -3.983357747395832
Evaluation: 1593, Loss: -3.8651936848958326
Evaluation: 1594, Loss: -3.9248046875
Evaluation: 1595, Loss: -3.850870768229166
Evaluation: 1596, Loss: -3.8874918619791665
Evaluation: 1597, Loss: -3.906331380208333
Evaluation: 1598, Loss: -3.8953857421874996
Evaluation: 1599, Loss: -3.932413736979166
Evaluation: 1600, Loss: -3.9423014322916656
Evaluation: 1601, Loss: -3.9381103515625
Evaluation: 1602, Loss: -3.96533203125
Evaluation: 1603, Loss: -3.9393717447916665
Evaluation: 1604, Loss: -3.961140950520833
Evaluation: 1605, Loss: -3.8856201171875
Evaluation: 1606, Loss: -3.869181315104166
Evaluation: 1607, Loss: -3.9534098307291665
Evaluation: 1608, Loss: -3.758138020833333
Evaluation: 1609, Loss: -3.917073567708333
Evaluation: 1610, Loss: -3.871948242187499
Evaluation: 1611, Loss: -3.830729166666666
Evaluation: 1612, Loss: -3.8176269531249996
Evaluation: 1613, Loss: -4.015096028645834
Evaluation: 1614, Loss: -3.690185546875
Evaluation: 1615, Loss: -3.9725748697916665
Evaluation: 1616, Loss: -3.760335286458333
Evaluation: 1617, Loss: -3.8973795572916665
Evaluation: 1618, Loss: -3.865722656249999
Evaluation: 1619, Loss: -3.948404947916666
Evaluation: 1620, Loss: -3.964925130208333
Evaluation: 1621, Loss: -3.888264973958334
Evaluation: 1622, Loss: -4.0484619140625
Evaluation: 1623, Loss: -3.964070638020833
Evaluation: 1624, Loss: -3.884521484375
Evaluation: 1625, Loss: -3.8046061197916656
Evaluation: 1626, Loss: -3.949055989583333
Evaluation: 1627, Loss: -3.822835286458333
Evaluation: 1628, Loss: -3.882771809895833
Evaluation: 1629, Loss: -3.874226888020833
Evaluation: 1630, Loss: -3.913736979166665
Evaluation: 1631, Loss: -3.967244466145833
Evaluation: 1632, Loss: -4.131429036458334
Evaluation: 1633, Loss: -3.8916015625
Evaluation: 1634, Loss: -3.920328776041666
Evaluation: 1635, Loss: -3.950154622395833
Evaluation: 1636, Loss: -3.9490152994791665
Evaluation: 1637, Loss: -4.0350341796875
Evaluation: 1638, Loss: -3.983723958333333
Evaluation: 1639, Loss: -3.879679361979167
Evaluation: 1640, Loss: -3.9175618489583326
Evaluation: 1641, Loss: -4.057006835937499
Evaluation: 1642, Loss: -3.939697265624999
Evaluation: 1643, Loss: -4.057169596354166
Evaluation: 1644, Loss: -3.81787109375
Evaluation: 1645, Loss: -3.8796793619791665
Evaluation: 1646, Loss: -3.993977864583333
Evaluation: 1647, Loss: -3.882039388020833
Evaluation: 1648, Loss: -3.9405924479166665
Evaluation: 1649, Loss: -3.905761718749999
Evaluation: 1650, Loss: -3.9199218749999996
Evaluation: 1651, Loss: -3.960530598958333
Evaluation: 1652, Loss: -3.850585937499999
Evaluation: 1653, Loss: -3.848836263020833
Evaluation: 1654, Loss: -4.019246419270834
Evaluation: 1655, Loss: -3.947794596354167
Evaluation: 1656, Loss: -3.9951171875000004
Evaluation: 1657, Loss: -4.004964192708333
Evaluation: 1658, Loss: -3.7474365234375
Evaluation: 1659, Loss: -3.874837239583333
Evaluation: 1660, Loss: -3.9959716796875
Evaluation: 1661, Loss: -3.917968749999999
Evaluation: 1662, Loss: -3.6878662109374996
Evaluation: 1663, Loss: -3.8822021484375
Evaluation: 1664, Loss: -3.89990234375
Evaluation: 1665, Loss: -3.679931640624999
Evaluation: 1666, Loss: -3.881062825520833
Evaluation: 1667, Loss: -3.761311848958333
Evaluation: 1668, Loss: -3.7924397786458335
Evaluation: 1669, Loss: -3.9138183593749996
Evaluation: 1670, Loss: -4.0123291015625
Evaluation: 1671, Loss: -4.040445963541666
Evaluation: 1672, Loss: -3.905598958333333
Evaluation: 1673, Loss: -4.0472412109375
Evaluation: 1674, Loss: -3.9077555338541665
Evaluation: 1675, Loss: -4.0545654296875
Evaluation: 1676, Loss: -3.9735921223958335
Evaluation: 1677, Loss: -3.9945882161458335
Evaluation: 1678, Loss: -4.0419921875
Evaluation: 1679, Loss: -4.097574869791666
Evaluation: 1680, Loss: -4.004150390625
Evaluation: 1681, Loss: -4.053710937499999
Evaluation: 1682, Loss: -3.9650472005208335
Evaluation: 1683, Loss: -4.042032877604166
Evaluation: 1684, Loss: -3.9972330729166665
Evaluation: 1685, Loss: -4.050455729166666
Evaluation: 1686, Loss: -4.040608723958333
Evaluation: 1687, Loss: -4.044108072916666
Evaluation: 1688, Loss: -4.117879231770833
Evaluation: 1689, Loss: -4.0211181640625
Evaluation: 1690, Loss: -3.983561197916666
Evaluation: 1691, Loss: -4.013956705729166
Evaluation: 1692, Loss: -3.868367513020833
Evaluation: 1693, Loss: -4.055664062500001
Evaluation: 1694, Loss: -3.8671061197916665
Evaluation: 1695, Loss: -3.873819986979165
Evaluation: 1696, Loss: -3.9186604817708326
Evaluation: 1697, Loss: -3.9781494140624996
Evaluation: 1698, Loss: -3.9659423828125
Evaluation: 1699, Loss: -3.841064453125
Evaluation: 1700, Loss: -3.925699869791667
Evaluation: 1701, Loss: -3.9113362630208335
Evaluation: 1702, Loss: -3.8509521484375
Evaluation: 1703, Loss: -3.977823893229167
Evaluation: 1704, Loss: -3.881998697916666
Evaluation: 1705, Loss: -4.063883463541667
Evaluation: 1706, Loss: -3.8648681640625
Evaluation: 1707, Loss: -3.885172526041666
Evaluation: 1708, Loss: -3.868937174479166
Evaluation: 1709, Loss: -3.941894531249999
Evaluation: 1710, Loss: -4.006103515624999
Evaluation: 1711, Loss: -3.9680582682291656
Evaluation: 1712, Loss: -3.9759521484375
Evaluation: 1713, Loss: -3.931803385416667
Evaluation: 1714, Loss: -4.033487955729167
Evaluation: 1715, Loss: -4.011393229166666
Evaluation: 1716, Loss: -3.928629557291667
Evaluation: 1717, Loss: -3.952351888020833
Evaluation: 1718, Loss: -3.9251708984375
Evaluation: 1719, Loss: -3.8771158854166665
Evaluation: 1720, Loss: -3.944783528645833
Evaluation: 1721, Loss: -3.8333333333333335
Evaluation: 1722, Loss: -3.8770751953124996
Evaluation: 1723, Loss: -3.957682291666667
Evaluation: 1724, Loss: -3.951009114583334
Evaluation: 1725, Loss: -3.8514404296874996
Evaluation: 1726, Loss: -3.862019856770833
Evaluation: 1727, Loss: -3.8970947265625
Evaluation: 1728, Loss: -3.897054036458333
Evaluation: 1729, Loss: -3.9473876953125
Evaluation: 1730, Loss: -3.953613281249999
Evaluation: 1731, Loss: -3.8731282552083335
Evaluation: 1732, Loss: -4.0291748046875
Evaluation: 1733, Loss: -3.9235839843749996
Evaluation: 1734, Loss: -3.930135091145833
Evaluation: 1735, Loss: -3.9584147135416665
Evaluation: 1736, Loss: -3.9114990234374996
Evaluation: 1737, Loss: -3.9209391276041656
Evaluation: 1738, Loss: -3.868326822916666
Evaluation: 1739, Loss: -4.0628662109375
Evaluation: 1740, Loss: -3.975830078125
Evaluation: 1741, Loss: -4.011189778645833
Evaluation: 1742, Loss: -3.973673502604166
Evaluation: 1743, Loss: -4.0391845703125
Evaluation: 1744, Loss: -3.981363932291667
Evaluation: 1745, Loss: -3.8880615234375
Evaluation: 1746, Loss: -3.961181640624999
Evaluation: 1747, Loss: -3.752888997395833
Evaluation: 1748, Loss: -3.850219726562499
Evaluation: 1749, Loss: -3.788655598958333
Evaluation: 1750, Loss: -3.835489908854166
Evaluation: 1751, Loss: -3.883504231770833
Evaluation: 1752, Loss: -3.805745442708333
Evaluation: 1753, Loss: -3.89990234375
Evaluation: 1754, Loss: -3.896565755208333
Evaluation: 1755, Loss: -3.902058919270833
Evaluation: 1756, Loss: -3.7792968749999996
Evaluation: 1757, Loss: -3.8664143880208335
Evaluation: 1758, Loss: -3.911336263020833
Evaluation: 1759, Loss: -3.859619140625
Evaluation: 1760, Loss: -3.9977213541666665
Evaluation: 1761, Loss: -3.6984049479166656
Evaluation: 1762, Loss: -3.956868489583333
Evaluation: 1763, Loss: -3.9185791015625
Evaluation: 1764, Loss: -3.859171549479167
Evaluation: 1765, Loss: -3.95654296875
Evaluation: 1766, Loss: -4.034830729166666
Evaluation: 1767, Loss: -3.969197591145833
Evaluation: 1768, Loss: -3.832722981770833
Evaluation: 1769, Loss: -3.807332356770833
Evaluation: 1770, Loss: -3.759602864583333
Evaluation: 1771, Loss: -3.809204101562499
Evaluation: 1772, Loss: -3.671549479166666
Evaluation: 1773, Loss: -3.7679036458333335
Evaluation: 1774, Loss: -3.850748697916667
Evaluation: 1775, Loss: -3.9227294921875
Evaluation: 1776, Loss: -3.763224283854166
Evaluation: 1777, Loss: -3.724243164062499
Evaluation: 1778, Loss: -3.987426757812499
Evaluation: 1779, Loss: -3.908121744791666
Evaluation: 1780, Loss: -3.9489339192708326
Evaluation: 1781, Loss: -3.806722005208332
Evaluation: 1782, Loss: -3.8443196614583326
Evaluation: 1783, Loss: -3.969889322916667
Evaluation: 1784, Loss: -3.8714599609375004
Evaluation: 1785, Loss: -3.8184814453125
Evaluation: 1786, Loss: -3.872111002604166
Evaluation: 1787, Loss: -3.939737955729166
Evaluation: 1788, Loss: -3.9626871744791665
Evaluation: 1789, Loss: -3.9833984375
Evaluation: 1790, Loss: -3.91064453125
Evaluation: 1791, Loss: -3.881754557291666
Evaluation: 1792, Loss: -3.6756998697916665
Evaluation: 1793, Loss: -3.884969075520833
Evaluation: 1794, Loss: -3.703043619791666
Evaluation: 1795, Loss: -3.8829752604166665
Evaluation: 1796, Loss: -3.9573974609374996
Evaluation: 1797, Loss: -3.726765950520833
Evaluation: 1798, Loss: -3.977823893229166
Evaluation: 1799, Loss: -3.9178873697916665
Evaluation: 1800, Loss: -3.934611002604166
Evaluation: 1801, Loss: -3.892374674479166
Evaluation: 1802, Loss: -3.950398763020833
Evaluation: 1803, Loss: -3.842447916666666
Evaluation: 1804, Loss: -3.838338216145833
Evaluation: 1805, Loss: -3.934244791666666
Evaluation: 1806, Loss: -3.891113281250001
Evaluation: 1807, Loss: -3.8932291666666656
Evaluation: 1808, Loss: -3.9443766276041656
Evaluation: 1809, Loss: -3.7768961588541665
Evaluation: 1810, Loss: -4.015625
Evaluation: 1811, Loss: -4.023234049479166
Evaluation: 1812, Loss: -3.951375325520834
Evaluation: 1813, Loss: -4.067220052083332
Evaluation: 1814, Loss: -3.9880371093749996
Evaluation: 1815, Loss: -3.744628906249999
Evaluation: 1816, Loss: -3.879231770833333
Evaluation: 1817, Loss: -4.025390624999999
Evaluation: 1818, Loss: -3.9493408203124996
Evaluation: 1819, Loss: -3.906778971354166
Evaluation: 1820, Loss: -3.9775390625
Evaluation: 1821, Loss: -3.905680338541667
Evaluation: 1822, Loss: -3.9762369791666665
Evaluation: 1823, Loss: -3.907389322916667
Evaluation: 1824, Loss: -3.8580322265625
Evaluation: 1825, Loss: -3.941446940104166
Evaluation: 1826, Loss: -3.9490559895833335
Evaluation: 1827, Loss: -3.961995442708333
Evaluation: 1828, Loss: -3.891438802083333
Evaluation: 1829, Loss: -3.957071940104167
Evaluation: 1830, Loss: -3.9980468749999996
Evaluation: 1831, Loss: -3.8830973307291674
Evaluation: 1832, Loss: -3.901448567708333
Evaluation: 1833, Loss: -4.080118815104167
Evaluation: 1834, Loss: -3.928304036458333
Evaluation: 1835, Loss: -3.9446207682291665
Evaluation: 1836, Loss: -3.847005208333333
Evaluation: 1837, Loss: -3.804646809895833
Evaluation: 1838, Loss: -3.977335611979166
Evaluation: 1839, Loss: -3.836018880208333
Evaluation: 1840, Loss: -3.755818684895833
Evaluation: 1841, Loss: -3.767171223958332
Evaluation: 1842, Loss: -3.913004557291666
Evaluation: 1843, Loss: -3.9091796874999996
Evaluation: 1844, Loss: -3.888102213541667
Evaluation: 1845, Loss: -3.924235026041666
Evaluation: 1846, Loss: -3.826782226562499
Evaluation: 1847, Loss: -3.8062744140625
Evaluation: 1848, Loss: -3.879964192708333
Evaluation: 1849, Loss: -3.907430013020833
Evaluation: 1850, Loss: -3.9039713541666665
Evaluation: 1851, Loss: -3.9390869140624996
Evaluation: 1852, Loss: -3.940755208333333
Evaluation: 1853, Loss: -3.9766845703124996
Evaluation: 1854, Loss: -3.8778889973958335
Evaluation: 1855, Loss: -3.8267822265625
Evaluation: 1856, Loss: -3.869873046874999
Evaluation: 1857, Loss: -3.9698079427083326
Evaluation: 1858, Loss: -3.898111979166667
Evaluation: 1859, Loss: -3.918619791666667
Evaluation: 1860, Loss: -3.9606933593749996
Evaluation: 1861, Loss: -3.641520182291666
Evaluation: 1862, Loss: -3.816243489583333
Evaluation: 1863, Loss: -3.915242513020833
Evaluation: 1864, Loss: -3.992390950520833
Evaluation: 1865, Loss: -3.9332275390625
Evaluation: 1866, Loss: -3.8378092447916665
Evaluation: 1867, Loss: -3.9172363281249996
Evaluation: 1868, Loss: -3.9494628906249996
Evaluation: 1869, Loss: -3.902180989583333
Evaluation: 1870, Loss: -3.958292643229167
Evaluation: 1871, Loss: -3.9936523437499996
Evaluation: 1872, Loss: -3.931844075520833
Evaluation: 1873, Loss: -3.904174804687499
Evaluation: 1874, Loss: -3.9530436197916665
Evaluation: 1875, Loss: -4.002237955729167
Evaluation: 1876, Loss: -3.906127929687499
Evaluation: 1877, Loss: -3.886922200520833
Evaluation: 1878, Loss: -3.862263997395833
Evaluation: 1879, Loss: -3.907511393229167
Evaluation: 1880, Loss: -3.921549479166666
Evaluation: 1881, Loss: -3.8225911458333335
Evaluation: 1882, Loss: -3.83740234375
Evaluation: 1883, Loss: -3.950764973958333
Evaluation: 1884, Loss: -3.9388020833333326
Evaluation: 1885, Loss: -3.873494466145833
Evaluation: 1886, Loss: -3.852783203125001
Evaluation: 1887, Loss: -3.999186197916667
Evaluation: 1888, Loss: -3.803629557291666
Evaluation: 1889, Loss: -3.7136637369791665
Evaluation: 1890, Loss: -3.879313151041666
Evaluation: 1891, Loss: -3.768025716145833
Evaluation: 1892, Loss: -3.781982421875
Evaluation: 1893, Loss: -3.900675455729165
Evaluation: 1894, Loss: -3.6666259765625
Evaluation: 1895, Loss: -3.928019205729166
Evaluation: 1896, Loss: -3.9412841796875004
Evaluation: 1897, Loss: -3.9283447265625
Evaluation: 1898, Loss: -3.985392252604165
Evaluation: 1899, Loss: -3.9105631510416656
Evaluation: 1900, Loss: -3.852376302083333
Evaluation: 1901, Loss: -3.931925455729167
Evaluation: 1902, Loss: -3.753295898437499
Evaluation: 1903, Loss: -3.667805989583333
Evaluation: 1904, Loss: -3.9044596354166656
Evaluation: 1905, Loss: -3.842447916666666
Evaluation: 1906, Loss: -3.8478597005208335
Evaluation: 1907, Loss: -3.9731852213541665
Evaluation: 1908, Loss: -3.8453369140625
Evaluation: 1909, Loss: -3.9121500651041665
Evaluation: 1910, Loss: -3.887613932291666
Evaluation: 1911, Loss: -3.764851888020833
Evaluation: 1912, Loss: -3.8873291015624996
Evaluation: 1913, Loss: -3.8589274088541656
Evaluation: 1914, Loss: -3.8472900390625
Evaluation: 1915, Loss: -3.907145182291666
Evaluation: 1916, Loss: -3.9075520833333335
Evaluation: 1917, Loss: -3.912434895833333
Evaluation: 1918, Loss: -3.959554036458333
Evaluation: 1919, Loss: -3.936238606770832
Evaluation: 1920, Loss: -3.8632812499999996
Evaluation: 1921, Loss: -3.7519938151041665
Evaluation: 1922, Loss: -3.7822672526041656
Evaluation: 1923, Loss: -3.866984049479167
Evaluation: 1924, Loss: -3.856119791666666
Evaluation: 1925, Loss: -3.8834228515624996
Evaluation: 1926, Loss: -3.827107747395833
Evaluation: 1927, Loss: -3.892903645833334
Evaluation: 1928, Loss: -3.887003580729166
Evaluation: 1929, Loss: -3.866495768229166
Evaluation: 1930, Loss: -3.890909830729166
Evaluation: 1931, Loss: -3.933186848958332
Evaluation: 1932, Loss: -3.842692057291666
Evaluation: 1933, Loss: -3.862508138020834
Evaluation: 1934, Loss: -3.849405924479166
Evaluation: 1935, Loss: -3.885335286458332
Evaluation: 1936, Loss: -3.9492594401041665
Evaluation: 1937, Loss: -3.817220052083333
Evaluation: 1938, Loss: -3.666585286458334
Evaluation: 1939, Loss: -3.93212890625
Evaluation: 1940, Loss: -3.887451171875
Evaluation: 1941, Loss: -3.997517903645833
Evaluation: 1942, Loss: -3.912556966145833
Evaluation: 1943, Loss: -3.8666585286458335
Evaluation: 1944, Loss: -3.9163004557291674
Evaluation: 1945, Loss: -3.8798421223958326
Evaluation: 1946, Loss: -3.857218424479167
Evaluation: 1947, Loss: -3.8990071614583326
Evaluation: 1948, Loss: -4.008748372395834
Evaluation: 1949, Loss: -3.8295491536458326
Evaluation: 1950, Loss: -4.0130615234375
Evaluation: 1951, Loss: -3.915568033854166
Evaluation: 1952, Loss: -3.9460042317708335
Evaluation: 1953, Loss: -4.007731119791666
Evaluation: 1954, Loss: -3.9726562499999996
Evaluation: 1955, Loss: -3.9017333984375004
Evaluation: 1956, Loss: -4.008138020833332
Evaluation: 1957, Loss: -3.9576009114583335
Evaluation: 1958, Loss: -3.976806640624999
Evaluation: 1959, Loss: -3.9444580078125
Evaluation: 1960, Loss: -3.9342041015625
Evaluation: 1961, Loss: -3.945515950520833
Evaluation: 1962, Loss: -3.8521321614583326
Evaluation: 1963, Loss: -3.712443033854166
Evaluation: 1964, Loss: -3.9430338541666665
Evaluation: 1965, Loss: -3.87646484375
Evaluation: 1966, Loss: -3.893229166666666
Evaluation: 1967, Loss: -3.926595052083333
Evaluation: 1968, Loss: -3.963460286458333
Evaluation: 1969, Loss: -3.926391601562499
Evaluation: 1970, Loss: -4.053019205729166
Evaluation: 1971, Loss: -3.980346679687501
Evaluation: 1972, Loss: -3.958333333333333
Evaluation: 1973, Loss: -3.942749023437499
Evaluation: 1974, Loss: -3.9287109375
Evaluation: 1975, Loss: -4.004801432291667
Evaluation: 1976, Loss: -3.9974365234375
Evaluation: 1977, Loss: -3.9830322265625
Evaluation: 1978, Loss: -3.970743815104166
Evaluation: 1979, Loss: -3.974894205729167
Evaluation: 1980, Loss: -3.637491861979166
Evaluation: 1981, Loss: -3.928507486979167
Evaluation: 1982, Loss: -3.9372558593750004
Evaluation: 1983, Loss: -3.8749999999999996
Evaluation: 1984, Loss: -3.922526041666667
Evaluation: 1985, Loss: -3.9562581380208335
Evaluation: 1986, Loss: -3.955729166666666
Evaluation: 1987, Loss: -3.967041015625
Evaluation: 1988, Loss: -3.931681315104167
Evaluation: 1989, Loss: -3.972615559895832
Evaluation: 1990, Loss: -3.9090983072916656
Evaluation: 1991, Loss: -3.9288330078125
Evaluation: 1992, Loss: -3.6300048828124996
Evaluation: 1993, Loss: -3.951944986979166
Evaluation: 1994, Loss: -3.901285807291667
Evaluation: 1995, Loss: -4.050211588541666
Evaluation: 1996, Loss: -4.0177001953125
Evaluation: 1997, Loss: -4.1243896484375
Evaluation: 1998, Loss: -3.854532877604167
Evaluation: 1999, Loss: -4.008097330729166
Evaluation: 2000, Loss: -4.055338541666666
Evaluation: 2001, Loss: -3.847086588541666
Evaluation: 2002, Loss: -3.9954833984375
Evaluation: 2003, Loss: -3.8819173177083326
Evaluation: 2004, Loss: -3.673665364583333
Evaluation: 2005, Loss: -4.050048828125
Evaluation: 2006, Loss: -3.8922119140625
Evaluation: 2007, Loss: -4.021850585937499
Evaluation: 2008, Loss: -3.999959309895833
Evaluation: 2009, Loss: -3.993245442708333
Evaluation: 2010, Loss: -4.022542317708333
Evaluation: 2011, Loss: -4.039876302083334
Evaluation: 2012, Loss: -3.9162597656249996
Evaluation: 2013, Loss: -3.7556559244791674
Evaluation: 2014, Loss: -3.850301106770833
Evaluation: 2015, Loss: -3.981038411458333
Evaluation: 2016, Loss: -3.956339518229166
Evaluation: 2017, Loss: -4.021525065104166
Evaluation: 2018, Loss: -4.026326497395833
Evaluation: 2019, Loss: -3.931722005208334
Evaluation: 2020, Loss: -3.913411458333333
Evaluation: 2021, Loss: -3.952677408854166
Evaluation: 2022, Loss: -3.8824462890625
Evaluation: 2023, Loss: -3.963175455729167
Evaluation: 2024, Loss: -3.9804280598958335
Evaluation: 2025, Loss: -3.925537109375
Evaluation: 2026, Loss: -3.8962402343749996
Evaluation: 2027, Loss: -3.9709472656250004
Evaluation: 2028, Loss: -3.9097086588541665
Evaluation: 2029, Loss: -3.945190429687499
Evaluation: 2030, Loss: -3.9668375651041665
Evaluation: 2031, Loss: -3.9445800781249996
Evaluation: 2032, Loss: -3.862141927083333
Evaluation: 2033, Loss: -3.908040364583333
Evaluation: 2034, Loss: -3.935750325520833
Evaluation: 2035, Loss: -3.949015299479166
Evaluation: 2036, Loss: -3.933186848958333
Evaluation: 2037, Loss: -3.869913736979166
Evaluation: 2038, Loss: -3.912638346354166
Evaluation: 2039, Loss: -3.895751953125
Evaluation: 2040, Loss: -3.864013671874999
Evaluation: 2041, Loss: -3.9235026041666665
Evaluation: 2042, Loss: -3.984293619791667
Evaluation: 2043, Loss: -3.9472249348958326
Evaluation: 2044, Loss: -3.862263997395833
Evaluation: 2045, Loss: -3.929158528645833
Evaluation: 2046, Loss: -3.922932942708333
Evaluation: 2047, Loss: -3.844685872395833
Evaluation: 2048, Loss: -3.8736979166666665
Evaluation: 2049, Loss: -3.9115397135416665
Evaluation: 2050, Loss: -3.881551106770833
Evaluation: 2051, Loss: -3.9454345703125004
 Done!
------------------------------------
Results Report:
Solving Took 288469.8225977421 seconds
Loss Function: -3.9454345703125004
Optimal Parameters: [2.42678417 2.00978447 0.51443224 3.12972106 1.12478717 1.13880863
 2.44631943]
Final Configuration:
Grid:
 1.0  1.0  1.0 
 0.0  1.0  0.0 
 0.0  0.0  0.0 

