Grid:
-2.0  3.0 -1.0 
 0.0  5.0  0.0 
 0.0  0.0  0.0 
------------------------------------
Building Hamiltonian...WeightedPauliOperator details:
IIIZ	(-0.41666666666666663+0j)
IIII	(-0.7499999999999997+0j)
IIZI	(2.0833333333333335+0j)
IZII	(0.08333333333333337+0j)
ZIII	(0.7499999999999997+0j)
ZIIZ	(-0.5833333333333334+0j)
ZIZI	(-0.5833333333333334+0j)
ZZII	(-0.5833333333333334+0j)

 Done!
Building Circuit...N QUBITS  4
 Done!
Running VQE...Evaluation: 1, Loss: -2.197641254600575
Evaluation: 2, Loss: -2.7233902144946596
Evaluation: 3, Loss: -2.6194372918295175
Evaluation: 4, Loss: -2.3673041862435857
Evaluation: 5, Loss: -2.0928893769732655
Evaluation: 6, Loss: -2.781966153774971
Evaluation: 7, Loss: -2.407283187293805
Evaluation: 8, Loss: -2.667061663654375
Evaluation: 9, Loss: -2.3334186604303233
Evaluation: 10, Loss: -2.738377237526708
Evaluation: 11, Loss: -2.7716939777147385
Evaluation: 12, Loss: -2.382161741116594
Evaluation: 13, Loss: -2.6079379772398115
Evaluation: 14, Loss: -2.3796979529639533
Evaluation: 15, Loss: -2.350079666121121
Evaluation: 16, Loss: -2.752209399006958
Evaluation: 17, Loss: -2.8200282278550697
Evaluation: 18, Loss: -2.2207861459005294
Evaluation: 19, Loss: -2.306089748505353
Evaluation: 20, Loss: -2.732598195166941
Evaluation: 21, Loss: -2.830088994632826
Evaluation: 22, Loss: -2.2701083504895685
Evaluation: 23, Loss: -2.3102880345604797
Evaluation: 24, Loss: -2.8267813925398033
Evaluation: 25, Loss: -2.843150377778379
Evaluation: 26, Loss: -2.279390803084726
Evaluation: 27, Loss: -2.2906795174901524
Evaluation: 28, Loss: -2.721270431830722
Evaluation: 29, Loss: -2.484398324794892
Evaluation: 30, Loss: -2.6247068265452986
Evaluation: 31, Loss: -2.3793884172130584
Evaluation: 32, Loss: -2.7492450709974
Evaluation: 33, Loss: -2.2985554696239063
Evaluation: 34, Loss: -2.825314837409892
Evaluation: 35, Loss: -2.18313902140406
Evaluation: 36, Loss: -2.8173008684099936
Evaluation: 37, Loss: -2.4771996151806013
Evaluation: 38, Loss: -2.701408191652664
Evaluation: 39, Loss: -2.197403291963713
Evaluation: 40, Loss: -2.7464227164937776
Evaluation: 41, Loss: -2.75512895171818
Evaluation: 42, Loss: -2.2661300344573805
Evaluation: 43, Loss: -2.4682909154585504
Evaluation: 44, Loss: -2.573486177669446
Evaluation: 45, Loss: -2.6453372792361094
Evaluation: 46, Loss: -2.396149637785709
Evaluation: 47, Loss: -2.345886858260165
Evaluation: 48, Loss: -2.6088311115608813
Evaluation: 49, Loss: -2.6894311765897148
Evaluation: 50, Loss: -2.2359404448086506
Evaluation: 51, Loss: -2.7547096120210126
Evaluation: 52, Loss: -2.283684560087286
Evaluation: 53, Loss: -2.2459660478402
Evaluation: 54, Loss: -2.2789019878842414
Evaluation: 55, Loss: -1.938382878170289
Evaluation: 56, Loss: -2.626013757514947
Evaluation: 57, Loss: -4.378404182484654
Evaluation: 58, Loss: -4.378954853350619
Evaluation: 59, Loss: -4.412134589259409
Evaluation: 60, Loss: -4.140910009008101
Evaluation: 61, Loss: -4.348711184306632
Evaluation: 62, Loss: -4.359791220785642
Evaluation: 63, Loss: -4.224808535686224
Evaluation: 64, Loss: -4.494904289485325
Evaluation: 65, Loss: -4.465814038910285
Evaluation: 66, Loss: -4.381781058073164
Evaluation: 67, Loss: -4.3633944400696
Evaluation: 68, Loss: -4.464238179195535
Evaluation: 69, Loss: -4.487108160420611
Evaluation: 70, Loss: -4.326630835331384
Evaluation: 71, Loss: -4.4770802504756615
Evaluation: 72, Loss: -4.399821555050945
Evaluation: 73, Loss: -4.375818293559116
Evaluation: 74, Loss: -4.429336534880725
Evaluation: 75, Loss: -4.393602483403063
Evaluation: 76, Loss: -4.324203178149783
Evaluation: 77, Loss: -4.321391705205478
Evaluation: 78, Loss: -4.477837990942147
Evaluation: 79, Loss: -4.445100045437793
Evaluation: 80, Loss: -4.4129705757911175
Evaluation: 81, Loss: -4.470130751407163
Evaluation: 82, Loss: -4.444683692944296
Evaluation: 83, Loss: -4.49846270883646
Evaluation: 84, Loss: -4.491844627481433
Evaluation: 85, Loss: -4.455792202760844
Evaluation: 86, Loss: -4.509762377831819
Evaluation: 87, Loss: -4.450495428479126
Evaluation: 88, Loss: -4.552135585408008
Evaluation: 89, Loss: -4.5062979607083875
Evaluation: 90, Loss: -4.504117186667111
Evaluation: 91, Loss: -4.43625287722266
Evaluation: 92, Loss: -4.445350424558835
Evaluation: 93, Loss: -4.448684828872558
Evaluation: 94, Loss: -4.414983855515873
Evaluation: 95, Loss: -4.382819417929003
Evaluation: 96, Loss: -4.522356840284925
Evaluation: 97, Loss: -4.614707990070786
Evaluation: 98, Loss: -4.695593116666574
Evaluation: 99, Loss: -4.538451210263501
Evaluation: 100, Loss: -4.3976896211042185
Evaluation: 101, Loss: -4.602572403577229
Evaluation: 102, Loss: -4.404100092927542
Evaluation: 103, Loss: -4.640666651088492
Evaluation: 104, Loss: -4.466313366997378
Evaluation: 105, Loss: -4.609306298550414
Evaluation: 106, Loss: -4.542274231207795
Evaluation: 107, Loss: -4.552409773917289
Evaluation: 108, Loss: -4.507820239218245
Evaluation: 109, Loss: -4.501807367700304
Evaluation: 110, Loss: -4.592964932646169
Evaluation: 111, Loss: -4.5680329486601
Evaluation: 112, Loss: -4.540293783563073
Evaluation: 113, Loss: -4.560754121371639
Evaluation: 114, Loss: -4.604007386581717
Evaluation: 115, Loss: -4.583830306745298
Evaluation: 116, Loss: -4.6321841088769595
Evaluation: 117, Loss: -4.676608501761381
Evaluation: 118, Loss: -4.531920358014653
Evaluation: 119, Loss: -4.634789885553445
Evaluation: 120, Loss: -4.526407309525378
Evaluation: 121, Loss: -4.601215267881752
Evaluation: 122, Loss: -4.58368860710556
Evaluation: 123, Loss: -4.613808094120035
Evaluation: 124, Loss: -4.67042011522296
Evaluation: 125, Loss: -4.579216944883502
Evaluation: 126, Loss: -4.598259048627394
Evaluation: 127, Loss: -4.676510675462569
Evaluation: 128, Loss: -4.6694143181977035
Evaluation: 129, Loss: -4.646220824783493
Evaluation: 130, Loss: -4.508719030784295
Evaluation: 131, Loss: -4.611784152751593
Evaluation: 132, Loss: -4.6244035172983
Evaluation: 133, Loss: -4.743184501358364
Evaluation: 134, Loss: -4.556174741410654
Evaluation: 135, Loss: -4.548962114214111
Evaluation: 136, Loss: -4.606731169845904
Evaluation: 137, Loss: -4.637131205088172
Evaluation: 138, Loss: -4.584089227020757
Evaluation: 139, Loss: -4.595574437626898
Evaluation: 140, Loss: -4.53612541788085
Evaluation: 141, Loss: -4.5602344780180255
Evaluation: 142, Loss: -4.565103694562243
Evaluation: 143, Loss: -4.566782406694446
Evaluation: 144, Loss: -4.572699654577833
Evaluation: 145, Loss: -4.52489650638903
Evaluation: 146, Loss: -4.583700678166443
Evaluation: 147, Loss: -4.559800592341288
Evaluation: 148, Loss: -4.62427792218744
Evaluation: 149, Loss: -4.690928615393139
Evaluation: 150, Loss: -4.51081434926366
Evaluation: 151, Loss: -4.61203747282477
Evaluation: 152, Loss: -4.664579376197986
Evaluation: 153, Loss: -4.4962110951987615
Evaluation: 154, Loss: -4.595621543777627
Evaluation: 155, Loss: -4.5915880711342645
Evaluation: 156, Loss: -4.4960158809798205
Evaluation: 157, Loss: -4.5600959154381595
Evaluation: 158, Loss: -4.655091085142237
Evaluation: 159, Loss: -4.53717096846846
Evaluation: 160, Loss: -4.580206920417913
Evaluation: 161, Loss: -4.519035538188187
Evaluation: 162, Loss: -4.5130592852838465
Evaluation: 163, Loss: -4.617973739420689
Evaluation: 164, Loss: -4.5691322410483695
Evaluation: 165, Loss: -4.644846054610533
Evaluation: 166, Loss: -4.644932434842602
Evaluation: 167, Loss: -4.583273666994508
Evaluation: 168, Loss: -4.619442663624035
Evaluation: 169, Loss: -4.741481453747058
Evaluation: 170, Loss: -4.552090764732718
Evaluation: 171, Loss: -4.6054295679220125
Evaluation: 172, Loss: -4.611738869238196
Evaluation: 173, Loss: -4.719317693533234
Evaluation: 174, Loss: -4.517743489711555
Evaluation: 175, Loss: -4.51533954028557
Evaluation: 176, Loss: -4.521126805803764
Evaluation: 177, Loss: -4.488488978816987
Evaluation: 178, Loss: -4.531430501313807
Evaluation: 179, Loss: -4.4524798443652305
Evaluation: 180, Loss: -4.533944427932028
Evaluation: 181, Loss: -4.541667497310783
Evaluation: 182, Loss: -4.613479367358711
Evaluation: 183, Loss: -4.545762171606932
Evaluation: 184, Loss: -4.664583031727731
Evaluation: 185, Loss: -4.588281164805835
Evaluation: 186, Loss: -4.636028774345492
Evaluation: 187, Loss: -4.649603098116689
Evaluation: 188, Loss: -4.6292684998249465
Evaluation: 189, Loss: -4.758493439170579
Evaluation: 190, Loss: -4.679434315661895
Evaluation: 191, Loss: -4.625767315150485
Evaluation: 192, Loss: -4.6407180494317375
Evaluation: 193, Loss: -4.498290248087038
Evaluation: 194, Loss: -4.739037274001124
Evaluation: 195, Loss: -4.833981113531079
Evaluation: 196, Loss: -4.601192148199242
≈Evaluation: 197, Loss: -4.677850469533608
Evaluation: 198, Loss: -4.698700806333706
Evaluation: 199, Loss: -4.750836252417721
Evaluation: 200, Loss: -4.684359112792732
Evaluation: 201, Loss: -4.733735016121754
Evaluation: 202, Loss: -4.687953377044565
Evaluation: 203, Loss: -4.755868873663248
Evaluation: 204, Loss: -4.683086892468458
Evaluation: 205, Loss: -4.735991733427475
Evaluation: 206, Loss: -4.72290740094573
Evaluation: 207, Loss: -4.654684786864131
Evaluation: 208, Loss: -4.760903574014108
Evaluation: 209, Loss: -4.757813840966955
Evaluation: 210, Loss: -4.652795501795733
Evaluation: 211, Loss: -4.68158644395663
Evaluation: 212, Loss: -4.723303093607062
Evaluation: 213, Loss: -4.784872257350784
Evaluation: 214, Loss: -4.765876700643797
Evaluation: 215, Loss: -4.612926098512439
Evaluation: 216, Loss: -4.716482092468823
Evaluation: 217, Loss: -4.7943643915268765
Evaluation: 218, Loss: -4.660961830261707
Evaluation: 219, Loss: -4.731276431715495
Evaluation: 220, Loss: -4.670093527430444
Evaluation: 221, Loss: -4.680457379123692
Evaluation: 222, Loss: -4.686007936975454
Evaluation: 223, Loss: -4.717606032888976
Evaluation: 224, Loss: -4.710153002810934
Evaluation: 225, Loss: -4.627307934652457
Evaluation: 226, Loss: -4.574264619534516
Evaluation: 227, Loss: -4.6315339420184705
Evaluation: 228, Loss: -4.622902676178439
Evaluation: 229, Loss: -4.801336604489708
Evaluation: 230, Loss: -4.764336479564654
Evaluation: 231, Loss: -4.650392237093258
Evaluation: 232, Loss: -4.688466464149334
Evaluation: 233, Loss: -4.721433924245014
Evaluation: 234, Loss: -4.718479395553025
Evaluation: 235, Loss: -4.653707607307453
Evaluation: 236, Loss: -4.747147095205023
Evaluation: 237, Loss: -4.6550233111949275
Evaluation: 238, Loss: -4.627336036073965
Evaluation: 239, Loss: -4.613027942609548
Evaluation: 240, Loss: -4.661144188853715
Evaluation: 241, Loss: -4.631065524365996
Evaluation: 242, Loss: -4.6466314882505015
Evaluation: 243, Loss: -4.650380069112288
Evaluation: 244, Loss: -4.7513510112242034
Evaluation: 245, Loss: -4.684776949685884
Evaluation: 246, Loss: -4.837271918288385
Evaluation: 247, Loss: -4.740384449042763
Evaluation: 248, Loss: -4.652809537279781
Evaluation: 249, Loss: -4.644663842453077
Evaluation: 250, Loss: -4.596450505749826
Evaluation: 251, Loss: -4.603049020345372
Evaluation: 252, Loss: -4.687553870943801
Evaluation: 253, Loss: -4.561898575760383
Evaluation: 254, Loss: -4.599697128329504
Evaluation: 255, Loss: -4.68263519417831
Evaluation: 256, Loss: -4.67112213427564
Evaluation: 257, Loss: -4.651707110766962
Evaluation: 258, Loss: -4.639277840388695
Evaluation: 259, Loss: -4.62171990820875
Evaluation: 260, Loss: -4.642680425535921
Evaluation: 261, Loss: -4.6249296254464145
Evaluation: 262, Loss: -4.605826104304283
Evaluation: 263, Loss: -4.596558489465444
Evaluation: 264, Loss: -4.5480335374164
Evaluation: 265, Loss: -4.606078443967123
Evaluation: 266, Loss: -4.601599903640279
Evaluation: 267, Loss: -4.607867534323656
Evaluation: 268, Loss: -4.5461131852308085
Evaluation: 269, Loss: -4.609825989207017
Evaluation: 270, Loss: -4.699918326112845
Evaluation: 271, Loss: -4.640119225489753
Evaluation: 272, Loss: -4.521711951856673
Evaluation: 273, Loss: -4.558011017027332
Evaluation: 274, Loss: -4.548730603787078
Evaluation: 275, Loss: -4.621665111844878
Evaluation: 276, Loss: -4.538824369747225
Evaluation: 277, Loss: -4.657581081614697
Evaluation: 278, Loss: -4.670923930118229
Evaluation: 279, Loss: -4.612465335769931
Evaluation: 280, Loss: -4.6265665129541755
Evaluation: 281, Loss: -4.58098044765648
Evaluation: 282, Loss: -4.5324818532433655
Evaluation: 283, Loss: -4.5365350789553665
Evaluation: 284, Loss: -4.681089909122563
Evaluation: 285, Loss: -4.625774050251712
Evaluation: 286, Loss: -4.552044459278466
Evaluation: 287, Loss: -4.547255713567549
Evaluation: 288, Loss: -4.493134355959294
Evaluation: 289, Loss: -4.5302748830891755
Evaluation: 290, Loss: -4.601203118062939
Evaluation: 291, Loss: -4.620299865915206
Evaluation: 292, Loss: -4.5976008639465356
Evaluation: 293, Loss: -4.534239596820999
Evaluation: 294, Loss: -4.609482022917014
Evaluation: 295, Loss: -4.695074302738103
Evaluation: 296, Loss: -4.768790489349932
Evaluation: 297, Loss: -4.629259869085809
Evaluation: 298, Loss: -4.642902619055906
Evaluation: 299, Loss: -4.611938865136011
Evaluation: 300, Loss: -4.751177440242815
Evaluation: 301, Loss: -4.742606671331263
Evaluation: 302, Loss: -4.626921012106516
Evaluation: 303, Loss: -4.662431646061972
Evaluation: 304, Loss: -4.701450902088596
Evaluation: 305, Loss: -4.716869236235362
Evaluation: 306, Loss: -4.73285350239292
Evaluation: 307, Loss: -4.710258739677569
Evaluation: 308, Loss: -4.738914818186316
Evaluation: 309, Loss: -4.700422682780371
Evaluation: 310, Loss: -4.837369571878314
Evaluation: 311, Loss: -4.684880617584363
Evaluation: 312, Loss: -4.7856573232346555
Evaluation: 313, Loss: -4.734611743604443
Evaluation: 314, Loss: -4.742801823448351
Evaluation: 315, Loss: -4.753042360774153
Evaluation: 316, Loss: -4.679039705866977
Evaluation: 317, Loss: -4.665972565054403
Evaluation: 318, Loss: -4.678320782545808
Evaluation: 319, Loss: -4.840982161798834
Evaluation: 320, Loss: -4.79609418821064
Evaluation: 321, Loss: -4.773139478465998
Evaluation: 322, Loss: -4.712787693574316
Evaluation: 323, Loss: -4.6746161786819815
Evaluation: 324, Loss: -4.7717632346943155
Evaluation: 325, Loss: -4.675652797489731
Evaluation: 326, Loss: -4.671256087716616
Evaluation: 327, Loss: -4.720942566500664
Evaluation: 328, Loss: -4.627036093805506
Evaluation: 329, Loss: -4.729822747422798
Evaluation: 330, Loss: -4.740478580142079
Evaluation: 331, Loss: -4.700861359686132
Evaluation: 332, Loss: -4.677300137298811
Evaluation: 333, Loss: -4.717955246237862
Evaluation: 334, Loss: -4.661387383766499
Evaluation: 335, Loss: -4.704262670613298
Evaluation: 336, Loss: -4.772061258519264
Evaluation: 337, Loss: -4.690235486129102
Evaluation: 338, Loss: -4.725079553618983
Evaluation: 339, Loss: -4.702509491238722
Evaluation: 340, Loss: -4.686756713385232
Evaluation: 341, Loss: -4.798886426289512
Evaluation: 342, Loss: -4.667693053145603
Evaluation: 343, Loss: -4.6816485544724955
Evaluation: 344, Loss: -4.706352357602239
Evaluation: 345, Loss: -4.834736181526328
Evaluation: 346, Loss: -4.718427544196176
Evaluation: 347, Loss: -4.716274645118817
Evaluation: 348, Loss: -4.7732184716436565
Evaluation: 349, Loss: -4.75628909826421
Evaluation: 350, Loss: -4.724421639565469
Evaluation: 351, Loss: -4.683481697689283
Evaluation: 352, Loss: -4.7936139714365
Evaluation: 353, Loss: -4.683394307121534
Evaluation: 354, Loss: -4.761167035130165
Evaluation: 355, Loss: -4.7817243112965695
Evaluation: 356, Loss: -4.751149185457035
Evaluation: 357, Loss: -4.627031080077826
Evaluation: 358, Loss: -4.781257148288125
Evaluation: 359, Loss: -4.731161154536087
Evaluation: 360, Loss: -4.835700936458986
Evaluation: 361, Loss: -4.812026229026402
Evaluation: 362, Loss: -4.746880215993176
Evaluation: 363, Loss: -4.7272759245948155
Evaluation: 364, Loss: -4.78974146949786
Evaluation: 365, Loss: -4.822735628194843
Evaluation: 366, Loss: -4.66310502829727
Evaluation: 367, Loss: -4.707556996803531
Evaluation: 368, Loss: -4.724347089902862
Evaluation: 369, Loss: -4.739191959460769
Evaluation: 370, Loss: -4.714513251928414
Evaluation: 371, Loss: -4.855666795050713
Evaluation: 372, Loss: -4.844211061671149
Evaluation: 373, Loss: -4.7881515783746735
Evaluation: 374, Loss: -4.653906972470346
Evaluation: 375, Loss: -4.725608905328943
Evaluation: 376, Loss: -4.706404260988561
Evaluation: 377, Loss: -4.8551500260373235
Evaluation: 378, Loss: -4.784716922410016
Evaluation: 379, Loss: -4.798427646394012
Evaluation: 380, Loss: -4.786171162525549
Evaluation: 381, Loss: -4.7937234553870365
Evaluation: 382, Loss: -4.747779720457744
Evaluation: 383, Loss: -4.695888807221346
Evaluation: 384, Loss: -4.7884858266909935
Evaluation: 385, Loss: -4.704772817098761
Evaluation: 386, Loss: -4.791955919381627
Evaluation: 387, Loss: -4.746816022424048
Evaluation: 388, Loss: -4.7260425572122085
Evaluation: 389, Loss: -4.763408616866974
Evaluation: 390, Loss: -4.675543057018445
Evaluation: 391, Loss: -4.798187604483974
Evaluation: 392, Loss: -4.718579796027489
Evaluation: 393, Loss: -4.705960614201871
Evaluation: 394, Loss: -4.840032325028938
Evaluation: 395, Loss: -4.7380597899274886
Evaluation: 396, Loss: -4.7153854720039545
Evaluation: 397, Loss: -4.726061069038308
Evaluation: 398, Loss: -4.7766639484626765
Evaluation: 399, Loss: -4.705096895714314
Evaluation: 400, Loss: -4.745559910633855
Evaluation: 401, Loss: -4.7105337572551615
Evaluation: 402, Loss: -4.7064792208225885
Evaluation: 403, Loss: -4.6922382776827245
Evaluation: 404, Loss: -4.686761442892789
Evaluation: 405, Loss: -4.631870975977678
Evaluation: 406, Loss: -4.734278053531504
Evaluation: 407, Loss: -4.716047946262611
Evaluation: 408, Loss: -4.684152596472736
Evaluation: 409, Loss: -4.688802845578753
Evaluation: 410, Loss: -4.721027268060695
Evaluation: 411, Loss: -4.612250798639941
Evaluation: 412, Loss: -4.662829396171282
Evaluation: 413, Loss: -4.709885405724973
Evaluation: 414, Loss: -4.762927221030328
Evaluation: 415, Loss: -4.70437019614919
Evaluation: 416, Loss: -4.741808260126595
Evaluation: 417, Loss: -4.692748173375043
Evaluation: 418, Loss: -4.704078055370587
Evaluation: 419, Loss: -4.729060294806715
Evaluation: 420, Loss: -4.713063209641499
Evaluation: 421, Loss: -4.680833278444882
Evaluation: 422, Loss: -4.714475677129211
Evaluation: 423, Loss: -4.718900466094615
Evaluation: 424, Loss: -4.670321287614444
Evaluation: 425, Loss: -4.638406768693231
Evaluation: 426, Loss: -4.804829277136354
Evaluation: 427, Loss: -4.722539242430057
Evaluation: 428, Loss: -4.72346608417557
Evaluation: 429, Loss: -4.731581575788798
Evaluation: 430, Loss: -4.624343373231138
Evaluation: 431, Loss: -4.751960669792784
Evaluation: 432, Loss: -4.741336964226892
Evaluation: 433, Loss: -4.761083487738809
Evaluation: 434, Loss: -4.690776802730024
Evaluation: 435, Loss: -4.7516439730049935
Evaluation: 436, Loss: -4.67564753465639
Evaluation: 437, Loss: -4.639350660911534
Evaluation: 438, Loss: -4.623428229614028
Evaluation: 439, Loss: -4.676649263325903
Evaluation: 440, Loss: -4.632085509468239
Evaluation: 441, Loss: -4.669470058962364
Evaluation: 442, Loss: -4.6701893064141125
Evaluation: 443, Loss: -4.708278008232382
Evaluation: 444, Loss: -4.628691687913344
Evaluation: 445, Loss: -4.721445831456234
Evaluation: 446, Loss: -4.8086268557834675
Evaluation: 447, Loss: -4.743845473093991
Evaluation: 448, Loss: -4.6896524178768
Evaluation: 449, Loss: -4.755958241331291
Evaluation: 450, Loss: -4.665992687274595
Evaluation: 451, Loss: -4.711521831232446
Evaluation: 452, Loss: -4.7199855097004795
Evaluation: 453, Loss: -4.759167425192464
Evaluation: 454, Loss: -4.729969527634964
Evaluation: 455, Loss: -4.793025649446047
Evaluation: 456, Loss: -4.7970575201970025
Evaluation: 457, Loss: -4.754071819070672
Evaluation: 458, Loss: -4.749465426400272
Evaluation: 459, Loss: -4.727278653398106
Evaluation: 460, Loss: -4.7545311121403415
Evaluation: 461, Loss: -4.774346917335007
Evaluation: 462, Loss: -4.734475960792116
Evaluation: 463, Loss: -4.742029523784501
Evaluation: 464, Loss: -4.7536084133892365
Evaluation: 465, Loss: -4.748183563690925
Evaluation: 466, Loss: -4.88002425935298
Evaluation: 467, Loss: -4.809309370321389
Evaluation: 468, Loss: -4.772373488055468
Evaluation: 469, Loss: -4.79245857974573
Evaluation: 470, Loss: -4.835190250212806
Evaluation: 471, Loss: -4.837230139527049
Evaluation: 472, Loss: -4.799508603266109
Evaluation: 473, Loss: -4.791783034347702
Evaluation: 474, Loss: -4.834146345200416
Evaluation: 475, Loss: -4.800315785566811
Evaluation: 476, Loss: -4.745872912929347
Evaluation: 477, Loss: -4.732675766979756
Evaluation: 478, Loss: -4.762515240195174
Evaluation: 479, Loss: -4.829798044864928
Evaluation: 480, Loss: -4.739565632759381
Evaluation: 481, Loss: -4.690617515486098
Evaluation: 482, Loss: -4.673812842172495
Evaluation: 483, Loss: -4.671032525712334
Evaluation: 484, Loss: -4.727496243829295
Evaluation: 485, Loss: -4.695338484651643
Evaluation: 486, Loss: -4.7022787189039335
Evaluation: 487, Loss: -4.7439588193953615
Evaluation: 488, Loss: -4.72941330648159
Evaluation: 489, Loss: -4.735548137436346
Evaluation: 490, Loss: -4.696928316908163
Evaluation: 491, Loss: -4.580287223146607
Evaluation: 492, Loss: -4.598404710609414
Evaluation: 493, Loss: -4.662915986992422
Evaluation: 494, Loss: -4.5160967457169
Evaluation: 495, Loss: -4.615460122617471
Evaluation: 496, Loss: -4.646443408425789
Evaluation: 497, Loss: -4.731235132002388
Evaluation: 498, Loss: -4.693944096211938
Evaluation: 499, Loss: -4.692041136422814
Evaluation: 500, Loss: -4.7527477320305485
Evaluation: 501, Loss: -4.8059626147556544
Evaluation: 502, Loss: -4.768395919116359
Evaluation: 503, Loss: -4.682218824455978
Evaluation: 504, Loss: -4.678667986990829
Evaluation: 505, Loss: -4.709537530706984
Evaluation: 506, Loss: -4.722906457530566
Evaluation: 507, Loss: -4.757619458733871
Evaluation: 508, Loss: -4.711790587937552
Evaluation: 509, Loss: -4.785915463183505
Evaluation: 510, Loss: -4.731389252734818
Evaluation: 511, Loss: -4.724230910993688
Evaluation: 512, Loss: -4.732883343474659
Evaluation: 513, Loss: -4.742370998495867
Evaluation: 514, Loss: -4.7691115300200195
Evaluation: 515, Loss: -4.808010733669836
Evaluation: 516, Loss: -4.735619027356657
Evaluation: 517, Loss: -4.669333570218664
Evaluation: 518, Loss: -4.7095687158270305
Evaluation: 519, Loss: -4.692947756652951
Evaluation: 520, Loss: -4.6523908546945325
Evaluation: 521, Loss: -4.6785385378925906
Evaluation: 522, Loss: -4.7519380675946135
Evaluation: 523, Loss: -4.637134532805347
Evaluation: 524, Loss: -4.734651839946482
Evaluation: 525, Loss: -4.740796184202184
Evaluation: 526, Loss: -4.7236721129139845
Evaluation: 527, Loss: -4.699713766723589
Evaluation: 528, Loss: -4.76068750414322
Evaluation: 529, Loss: -4.749709170156368
Evaluation: 530, Loss: -4.664309482173799
Evaluation: 531, Loss: -4.728398949329213
Evaluation: 532, Loss: -4.709473544070901
Evaluation: 533, Loss: -4.716469118832811
Evaluation: 534, Loss: -4.678872205408409
Evaluation: 535, Loss: -4.66770660931185
Evaluation: 536, Loss: -4.76285159997799
Evaluation: 537, Loss: -4.803314551708702
Evaluation: 538, Loss: -4.69141318418854
Evaluation: 539, Loss: -4.7639151272769995
Evaluation: 540, Loss: -4.791669966110082
Evaluation: 541, Loss: -4.791725990118699
Evaluation: 542, Loss: -4.844202013955648
Evaluation: 543, Loss: -4.803224033716108
Evaluation: 544, Loss: -4.7912856266125035
Evaluation: 545, Loss: -4.734393491177626
Evaluation: 546, Loss: -4.797095497307218
Evaluation: 547, Loss: -4.696137819702684
Evaluation: 548, Loss: -4.781810902802082
Evaluation: 549, Loss: -4.759624639615732
Evaluation: 550, Loss: -4.734762484369434
Evaluation: 551, Loss: -4.712458327026584
Evaluation: 552, Loss: -4.732620664125555
Evaluation: 553, Loss: -4.668810238162736
Evaluation: 554, Loss: -4.66723091312599
Evaluation: 555, Loss: -4.721081350817274
Evaluation: 556, Loss: -4.6733412873744475
Evaluation: 557, Loss: -4.6941044244227434
Evaluation: 558, Loss: -4.73002345758472
Evaluation: 559, Loss: -4.678990780642186
Evaluation: 560, Loss: -4.793462350481151
Evaluation: 561, Loss: -4.636495451729192
Evaluation: 562, Loss: -4.750827057604591
Evaluation: 563, Loss: -4.86614829104893
Evaluation: 564, Loss: -4.568832334621669
Evaluation: 565, Loss: -4.714221426863174
Evaluation: 566, Loss: -4.7726858454857535
Evaluation: 567, Loss: -4.721675492084639
Evaluation: 568, Loss: -4.695913792102555
Evaluation: 569, Loss: -4.731861428506079
Evaluation: 570, Loss: -4.697655244051387
Evaluation: 571, Loss: -4.740767055752288
Evaluation: 572, Loss: -4.819368329377822
Evaluation: 573, Loss: -4.756568896344026
Evaluation: 574, Loss: -4.772558552584298
Evaluation: 575, Loss: -4.722710215264266
Evaluation: 576, Loss: -4.737880814109218
Evaluation: 577, Loss: -4.685219107315117
Evaluation: 578, Loss: -4.825146759940703
Evaluation: 579, Loss: -4.72662094445711
Evaluation: 580, Loss: -4.651156622307935
Evaluation: 581, Loss: -4.6912980920998315
Evaluation: 582, Loss: -4.721675611885137
Evaluation: 583, Loss: -4.73297973357082
Evaluation: 584, Loss: -4.808443723228416
Evaluation: 585, Loss: -4.80361277398497
Evaluation: 586, Loss: -4.850151685208708
Evaluation: 587, Loss: -4.724176053015473
Evaluation: 588, Loss: -4.7806204786637885
Evaluation: 589, Loss: -4.744585464171423
Evaluation: 590, Loss: -4.697555785625728
Evaluation: 591, Loss: -4.836022293489739
Evaluation: 592, Loss: -4.760891624502075
Evaluation: 593, Loss: -4.708848844854666
Evaluation: 594, Loss: -4.762111136657691
Evaluation: 595, Loss: -4.76550827330462
Evaluation: 596, Loss: -4.737378026260103
Evaluation: 597, Loss: -4.762343741985527
Evaluation: 598, Loss: -4.708892833605002
Evaluation: 599, Loss: -4.787379489880188
Evaluation: 600, Loss: -4.813862217859548
Evaluation: 601, Loss: -4.752892693996859
Evaluation: 602, Loss: -4.801421589151607
Evaluation: 603, Loss: -4.779528633516499
Evaluation: 604, Loss: -4.828893847404244
Evaluation: 605, Loss: -4.825585157452346
Evaluation: 606, Loss: -4.7493267294842685
Evaluation: 607, Loss: -4.829261208778535
Evaluation: 608, Loss: -4.739041819434187
Evaluation: 609, Loss: -4.79059331407259
Evaluation: 610, Loss: -4.755847889965381
Evaluation: 611, Loss: -4.735988739334321
Evaluation: 612, Loss: -4.820575870371796
Evaluation: 613, Loss: -4.757340421773753
Evaluation: 614, Loss: -4.790179863203308
Evaluation: 615, Loss: -4.70572727057524
Evaluation: 616, Loss: -4.7508642926217854
Evaluation: 617, Loss: -4.674334363088824
Evaluation: 618, Loss: -4.778840695679914
Evaluation: 619, Loss: -4.702990010691197
Evaluation: 620, Loss: -4.749749714106952
Evaluation: 621, Loss: -4.730037372150456
Evaluation: 622, Loss: -4.674551953719768
Evaluation: 623, Loss: -4.688072172719462
Evaluation: 624, Loss: -4.712577010612608
Evaluation: 625, Loss: -4.717622690329213
Evaluation: 626, Loss: -4.680280651269721
Evaluation: 627, Loss: -4.780468351608176
Evaluation: 628, Loss: -4.746875343981347
Evaluation: 629, Loss: -4.775899608315278
Evaluation: 630, Loss: -4.798913392432226
Evaluation: 631, Loss: -4.804432062180015
Evaluation: 632, Loss: -4.791529100298979
Evaluation: 633, Loss: -4.7369109849932975
Evaluation: 634, Loss: -4.6787254986757585
Evaluation: 635, Loss: -4.746567728184134
Evaluation: 636, Loss: -4.800781624285966
Evaluation: 637, Loss: -4.726494283186925
Evaluation: 638, Loss: -4.849636734531046
Evaluation: 639, Loss: -4.754170976243904
Evaluation: 640, Loss: -4.730888666676682
Evaluation: 641, Loss: -4.744078696686782
Evaluation: 642, Loss: -4.808040434991112
Evaluation: 643, Loss: -4.7439227344049755
Evaluation: 644, Loss: -4.655846374792443
Evaluation: 645, Loss: -4.7000832782639135
Evaluation: 646, Loss: -4.755010082713077
Evaluation: 647, Loss: -4.7949329140770365
Evaluation: 648, Loss: -4.755674133009302
Evaluation: 649, Loss: -4.772895255920775
Evaluation: 650, Loss: -4.783966400500201
Evaluation: 651, Loss: -4.8099914255370475
Evaluation: 652, Loss: -4.836001650424878
Evaluation: 653, Loss: -4.799444008127718
Evaluation: 654, Loss: -4.855871935622986
Evaluation: 655, Loss: -4.876636654065678
Evaluation: 656, Loss: -4.740101225944313
Evaluation: 657, Loss: -4.751202612279163
Evaluation: 658, Loss: -4.851392611152567
Evaluation: 659, Loss: -4.7441301234823285
Evaluation: 660, Loss: -4.766248638623366
Evaluation: 661, Loss: -4.785408241513674
Evaluation: 662, Loss: -4.799257085581838
Evaluation: 663, Loss: -4.68820952773613
Evaluation: 664, Loss: -4.704022595493366
Evaluation: 665, Loss: -4.663905138435543
Evaluation: 666, Loss: -4.698557812194858
Evaluation: 667, Loss: -4.736128926686192
Evaluation: 668, Loss: -4.727979572613419
Evaluation: 669, Loss: -4.6898422278387635
Evaluation: 670, Loss: -4.552621320398823
Evaluation: 671, Loss: -4.6214610546003
Evaluation: 672, Loss: -4.677561391515539
Evaluation: 673, Loss: -4.610264686569193
Evaluation: 674, Loss: -4.638276130296914
Evaluation: 675, Loss: -4.633047186901779
Evaluation: 676, Loss: -4.752372634422886
Evaluation: 677, Loss: -4.63637135257577
Evaluation: 678, Loss: -4.696317382820357
Evaluation: 679, Loss: -4.680110749722621
Evaluation: 680, Loss: -4.733652300711526
Evaluation: 681, Loss: -4.769770442092549
Evaluation: 682, Loss: -4.789433364859695
Evaluation: 683, Loss: -4.631363995120438
Evaluation: 684, Loss: -4.691034884141782
Evaluation: 685, Loss: -4.731402342079022
Evaluation: 686, Loss: -4.752855153727769
Evaluation: 687, Loss: -4.720418522565767
Evaluation: 688, Loss: -4.784048038415895
Evaluation: 689, Loss: -4.8516707571477005
Evaluation: 690, Loss: -4.8352802276082
Evaluation: 691, Loss: -4.8653093095315905
Evaluation: 692, Loss: -4.690529426988198
Evaluation: 693, Loss: -4.696546362286049
Evaluation: 694, Loss: -4.698906217605307
Evaluation: 695, Loss: -4.716065043513764
Evaluation: 696, Loss: -4.687281159085423
Evaluation: 697, Loss: -4.692520409512171
Evaluation: 698, Loss: -4.682650524345996
Evaluation: 699, Loss: -4.66415947118454
Evaluation: 700, Loss: -4.746431793933356
Evaluation: 701, Loss: -4.684318383344585
Evaluation: 702, Loss: -4.7053804564196335
Evaluation: 703, Loss: -4.836729454671505
Evaluation: 704, Loss: -4.805566882197647
Evaluation: 705, Loss: -4.718356187234255
Evaluation: 706, Loss: -4.7207704709002325
Evaluation: 707, Loss: -4.665870150400636
Evaluation: 708, Loss: -4.7242456680256275
Evaluation: 709, Loss: -4.775786397074072
Evaluation: 710, Loss: -4.855765965145131
Evaluation: 711, Loss: -4.796769100478575
Evaluation: 712, Loss: -4.795577796732211
Evaluation: 713, Loss: -4.777387238402392
Evaluation: 714, Loss: -4.811781949787393
Evaluation: 715, Loss: -4.746161403247774
Evaluation: 716, Loss: -4.736962228961383
Evaluation: 717, Loss: -4.740482455934183
Evaluation: 718, Loss: -4.793474249156464
Evaluation: 719, Loss: -4.65190029369446
Evaluation: 720, Loss: -4.776954971224237
Evaluation: 721, Loss: -4.663413604396208
Evaluation: 722, Loss: -4.602111701742975
Evaluation: 723, Loss: -4.628535674293159
Evaluation: 724, Loss: -4.605420187125196
Evaluation: 725, Loss: -4.520124839462593
Evaluation: 726, Loss: -4.744814750482312
Evaluation: 727, Loss: -4.726181611951672
Evaluation: 728, Loss: -4.6909948710837845
Evaluation: 729, Loss: -4.72327182911845
Evaluation: 730, Loss: -4.708020525018052
Evaluation: 731, Loss: -4.747148540043461
Evaluation: 732, Loss: -4.595314213397993
Evaluation: 733, Loss: -4.612515933072107
Evaluation: 734, Loss: -4.579720318772523
Evaluation: 735, Loss: -4.633444376646402
Evaluation: 736, Loss: -4.489922135171872
Evaluation: 737, Loss: -4.67499641397468
Evaluation: 738, Loss: -4.649583086309792
Evaluation: 739, Loss: -4.538380171443741
Evaluation: 740, Loss: -4.659680146051734
Evaluation: 741, Loss: -4.663784103697091
Evaluation: 742, Loss: -4.7226796998412395
Evaluation: 743, Loss: -4.609177494787672
Evaluation: 744, Loss: -4.684959777382477
Evaluation: 745, Loss: -4.632234376188368
Evaluation: 746, Loss: -4.606192722066593
Evaluation: 747, Loss: -4.540133350641256
Evaluation: 748, Loss: -4.565918336032789
Evaluation: 749, Loss: -4.52941339165397
Evaluation: 750, Loss: -4.606604801968273
Evaluation: 751, Loss: -4.518349583702905
Evaluation: 752, Loss: -4.639372784529091
Evaluation: 753, Loss: -4.610863180716597
Evaluation: 754, Loss: -4.664228778212475
Evaluation: 755, Loss: -4.557278402117263
Evaluation: 756, Loss: -4.616945526424155
Evaluation: 757, Loss: -4.652064770045093
Evaluation: 758, Loss: -4.638500552710013
Evaluation: 759, Loss: -4.5489391401897885
Evaluation: 760, Loss: -4.591540858880811
Evaluation: 761, Loss: -4.648629274445615
Evaluation: 762, Loss: -4.52705892046461
Evaluation: 763, Loss: -4.616816227457318
Evaluation: 764, Loss: -4.606767497088788
Evaluation: 765, Loss: -4.664212658034259
Evaluation: 766, Loss: -4.6713083532411055
Evaluation: 767, Loss: -4.628543204148655
Evaluation: 768, Loss: -4.601494408539495
Evaluation: 769, Loss: -4.576246598178785
Evaluation: 770, Loss: -4.6396322760829385
Evaluation: 771, Loss: -4.589083097700459
Evaluation: 772, Loss: -4.564848522895962
Evaluation: 773, Loss: -4.63209676747192
Evaluation: 774, Loss: -4.530454193364356
Evaluation: 775, Loss: -4.608161884005332
Evaluation: 776, Loss: -4.603022077654822
Evaluation: 777, Loss: -4.668453941476118
Evaluation: 778, Loss: -4.5935436298442855
Evaluation: 779, Loss: -4.584249047574664
Evaluation: 780, Loss: -4.5051041242655145
Evaluation: 781, Loss: -4.671791324637303
Evaluation: 782, Loss: -4.630350245056122
Evaluation: 783, Loss: -4.561437426678237
Evaluation: 784, Loss: -4.585874156545719
Evaluation: 785, Loss: -4.5458987959335815
Evaluation: 786, Loss: -4.534000520344043
Evaluation: 787, Loss: -4.547717618013113
Evaluation: 788, Loss: -4.705803597880244
Evaluation: 789, Loss: -4.664827353489584
Evaluation: 790, Loss: -4.491447981940334
Evaluation: 791, Loss: -4.576856504426365
Evaluation: 792, Loss: -4.602523853345872
Evaluation: 793, Loss: -4.630367847284872
Evaluation: 794, Loss: -4.5751797330867126
Evaluation: 795, Loss: -4.572849346559158
Evaluation: 796, Loss: -4.643092603574555
Evaluation: 797, Loss: -4.588064713772083
Evaluation: 798, Loss: -4.597633445398615
Evaluation: 799, Loss: -4.559687033987958
Evaluation: 800, Loss: -4.64938935883003
Evaluation: 801, Loss: -4.659936488426136
Evaluation: 802, Loss: -4.689450439217815
Evaluation: 803, Loss: -4.720243599979842
Evaluation: 804, Loss: -4.7213481927684775
Evaluation: 805, Loss: -4.633425693420266
Evaluation: 806, Loss: -4.744664038618283
Evaluation: 807, Loss: -4.6250509263851125
Evaluation: 808, Loss: -4.742811754511537
Evaluation: 809, Loss: -4.613748380802081
Evaluation: 810, Loss: -4.674714147701204
Evaluation: 811, Loss: -4.71701691171694
Evaluation: 812, Loss: -4.714862591919891
Evaluation: 813, Loss: -4.691549892721194
Evaluation: 814, Loss: -4.65391192542804
Evaluation: 815, Loss: -4.6766241953637895
Evaluation: 816, Loss: -4.627632338489278
Evaluation: 817, Loss: -4.646342140125187
Evaluation: 818, Loss: -4.615905443859624
Evaluation: 819, Loss: -4.63792986754706
Evaluation: 820, Loss: -4.685986603707508
Evaluation: 821, Loss: -4.648043813215697
Evaluation: 822, Loss: -4.650542764885699
Evaluation: 823, Loss: -4.623006473959084
Evaluation: 824, Loss: -4.5860021899933745
Evaluation: 825, Loss: -4.654456368813721
Evaluation: 826, Loss: -4.60856872666727
Evaluation: 827, Loss: -4.633178036845069
Evaluation: 828, Loss: -4.662998575419506
Evaluation: 829, Loss: -4.6582359153711685
Evaluation: 830, Loss: -4.614679764691917
Evaluation: 831, Loss: -4.635383639038877
Evaluation: 832, Loss: -4.676757626078394
Evaluation: 833, Loss: -4.742973754940344
Evaluation: 834, Loss: -4.731017958246261
Evaluation: 835, Loss: -4.764165284847567
Evaluation: 836, Loss: -4.7328955835736926
Evaluation: 837, Loss: -4.622389105651214
Evaluation: 838, Loss: -4.700593594581031
Evaluation: 839, Loss: -4.712811630980385
Evaluation: 840, Loss: -4.626115657075383
Evaluation: 841, Loss: -4.687717153272886
Evaluation: 842, Loss: -4.7195277257326325
Evaluation: 843, Loss: -4.593277291846972
Evaluation: 844, Loss: -4.802294940475919
Evaluation: 845, Loss: -4.674955570483723
Evaluation: 846, Loss: -4.710250041104268
Evaluation: 847, Loss: -4.693748477095422
Evaluation: 848, Loss: -4.652323635758357
Evaluation: 849, Loss: -4.674148608262967
Evaluation: 850, Loss: -4.667660527166291
Evaluation: 851, Loss: -4.6173414559254455
Evaluation: 852, Loss: -4.716907852577327
Evaluation: 853, Loss: -4.6767196306536025
Evaluation: 854, Loss: -4.748296157704759
Evaluation: 855, Loss: -4.7309412910549895
Evaluation: 856, Loss: -4.7058914966947745
Evaluation: 857, Loss: -4.714231194980547
Evaluation: 858, Loss: -4.7291145479545875
Evaluation: 859, Loss: -4.661400121444123
Evaluation: 860, Loss: -4.678698459145293
Evaluation: 861, Loss: -4.682218546600911
Evaluation: 862, Loss: -4.611723618235883
Evaluation: 863, Loss: -4.6344848883808965
Evaluation: 864, Loss: -4.686094079797654
Evaluation: 865, Loss: -4.632277145483679
Evaluation: 866, Loss: -4.655847567944513
Evaluation: 867, Loss: -4.649013773239139
Evaluation: 868, Loss: -4.727280240679491
Evaluation: 869, Loss: -4.611719702317387
Evaluation: 870, Loss: -4.721634746890916
Evaluation: 871, Loss: -4.781726089450825
Evaluation: 872, Loss: -4.762315844532257
Evaluation: 873, Loss: -4.72781816023369
Evaluation: 874, Loss: -4.724267712421317
Evaluation: 875, Loss: -4.7692900107937515
Evaluation: 876, Loss: -4.751487569483764
Evaluation: 877, Loss: -4.781388040506272
Evaluation: 878, Loss: -4.79582713903781
Evaluation: 879, Loss: -4.809565485014883
Evaluation: 880, Loss: -4.847411510865319
Evaluation: 881, Loss: -4.80673445922106
Evaluation: 882, Loss: -4.8705858709602765
Evaluation: 883, Loss: -4.902746100303101
Evaluation: 884, Loss: -4.883226723618218
Evaluation: 885, Loss: -4.854790359537904
Evaluation: 886, Loss: -4.872332655935201
Evaluation: 887, Loss: -4.89112328097249
Evaluation: 888, Loss: -4.87160751448385
Evaluation: 889, Loss: -4.868871818046959
Evaluation: 890, Loss: -4.8796200175649656
Evaluation: 891, Loss: -4.877637924395739
Evaluation: 892, Loss: -4.878695119244497
Evaluation: 893, Loss: -4.882076207301026
Evaluation: 894, Loss: -4.873625138759758
Evaluation: 895, Loss: -4.886707429813014
Evaluation: 896, Loss: -4.835075557129521
Evaluation: 897, Loss: -4.880306064004776
Evaluation: 898, Loss: -4.871694137292705
Evaluation: 899, Loss: -4.873783849215331
Evaluation: 900, Loss: -4.914943980682926
Evaluation: 901, Loss: -4.8853826739476585
Evaluation: 902, Loss: -4.913310766628237
Evaluation: 903, Loss: -4.896279030872017
Evaluation: 904, Loss: -4.784848628994238
Evaluation: 905, Loss: -4.796998756385957
Evaluation: 906, Loss: -4.765878323892539
Evaluation: 907, Loss: -4.7890199951111345
Evaluation: 908, Loss: -4.747725791945428
Evaluation: 909, Loss: -4.772862833254388
Evaluation: 910, Loss: -4.785757503543297
Evaluation: 911, Loss: -4.751857426267989
Evaluation: 912, Loss: -4.768042764650402
Evaluation: 913, Loss: -4.765135262566449
Evaluation: 914, Loss: -4.785812046769128
Evaluation: 915, Loss: -4.799376840796907
Evaluation: 916, Loss: -4.7451382111928595
Evaluation: 917, Loss: -4.735792729360657
Evaluation: 918, Loss: -4.8168182699269675
Evaluation: 919, Loss: -4.8166554291029895
Evaluation: 920, Loss: -4.779107693094402
Evaluation: 921, Loss: -4.800308683401333
Evaluation: 922, Loss: -4.781060982030548
Evaluation: 923, Loss: -4.800114673065487
Evaluation: 924, Loss: -4.785021942408004
Evaluation: 925, Loss: -4.799517493472397
Evaluation: 926, Loss: -4.821807817598298
Evaluation: 927, Loss: -4.794007058887105
Evaluation: 928, Loss: -4.779584031602272
Evaluation: 929, Loss: -4.799619203089873
Evaluation: 930, Loss: -4.754066968895977
Evaluation: 931, Loss: -4.771911685200578
Evaluation: 932, Loss: -4.728100546002196
Evaluation: 933, Loss: -4.767342226318622
Evaluation: 934, Loss: -4.7690163284401965
Evaluation: 935, Loss: -4.795234459869555
Evaluation: 936, Loss: -4.783621577866263
Evaluation: 937, Loss: -4.751688355087128
Evaluation: 938, Loss: -4.776847977205966
Evaluation: 939, Loss: -4.8018324681216376
Evaluation: 940, Loss: -4.796543666039805
Evaluation: 941, Loss: -4.815013030850205
Evaluation: 942, Loss: -4.617205458635608
Evaluation: 943, Loss: -4.579072075739972
Evaluation: 944, Loss: -4.603693083904159
Evaluation: 945, Loss: -4.6126421061852705
Evaluation: 946, Loss: -4.616640351545234
Evaluation: 947, Loss: -4.589771258454508
Evaluation: 948, Loss: -4.654331157810377
Evaluation: 949, Loss: -4.578828873708095
Evaluation: 950, Loss: -4.669822010927481
Evaluation: 951, Loss: -4.603548776077457
Evaluation: 952, Loss: -4.661267339215131
Evaluation: 953, Loss: -4.612369288041089
Evaluation: 954, Loss: -4.5856217616070065
Evaluation: 955, Loss: -4.624025732687826
Evaluation: 956, Loss: -4.592822269185513
Evaluation: 957, Loss: -4.545043194278415
Evaluation: 958, Loss: -4.642525494365254
Evaluation: 959, Loss: -4.591269440258996
Evaluation: 960, Loss: -4.643914659749102
Evaluation: 961, Loss: -4.59607523783912
Evaluation: 962, Loss: -4.611214634235106
Evaluation: 963, Loss: -4.6699326688789515
Evaluation: 964, Loss: -4.56690998193549
Evaluation: 965, Loss: -4.596067624610921
Evaluation: 966, Loss: -4.495694002315133
Evaluation: 967, Loss: -4.564209550741683
Evaluation: 968, Loss: -4.593044851176663
Evaluation: 969, Loss: -4.589604400983131
Evaluation: 970, Loss: -4.609009711121608
Evaluation: 971, Loss: -4.588690604643084
Evaluation: 972, Loss: -4.607234142891999
Evaluation: 973, Loss: -4.553308319557023
Evaluation: 974, Loss: -4.632810609884536
Evaluation: 975, Loss: -4.628771243437187
Evaluation: 976, Loss: -4.6027325790247815
Evaluation: 977, Loss: -4.579584603750983
Evaluation: 978, Loss: -4.677634605921489
Evaluation: 979, Loss: -4.637389649815913
Evaluation: 980, Loss: -4.5971915339961225
Evaluation: 981, Loss: -4.604375807411509
Evaluation: 982, Loss: -4.584301704607798
Evaluation: 983, Loss: -4.636829313897699
Evaluation: 984, Loss: -4.592012000920554
Evaluation: 985, Loss: -4.596444440456986
Evaluation: 986, Loss: -4.581488542970427
Evaluation: 987, Loss: -4.576958549364912
Evaluation: 988, Loss: -4.621561471098749
Evaluation: 989, Loss: -4.60423953232699
Evaluation: 990, Loss: -4.5697570932158955
Evaluation: 991, Loss: -4.610925408862653
Evaluation: 992, Loss: -4.58176827283599
Evaluation: 993, Loss: -4.599555538103955
Evaluation: 994, Loss: -4.560187174955075
Evaluation: 995, Loss: -4.577096965556304
Evaluation: 996, Loss: -4.596484860625299
Evaluation: 997, Loss: -4.538535176906571
Evaluation: 998, Loss: -4.611439950435422
Evaluation: 999, Loss: -4.573492521822015
Evaluation: 1000, Loss: -4.552315375292871
Evaluation: 1001, Loss: -4.572818229534734
Evaluation: 1002, Loss: -4.563908062761071
Evaluation: 1003, Loss: -4.579015817919323
Evaluation: 1004, Loss: -4.5803404876691
Evaluation: 1005, Loss: -4.591516622043626
Evaluation: 1006, Loss: -4.482143017048974
Evaluation: 1007, Loss: -4.393889959534761
Evaluation: 1008, Loss: -4.3833022935923704
Evaluation: 1009, Loss: -4.466277819413056
Evaluation: 1010, Loss: -4.404748747839275
Evaluation: 1011, Loss: -4.433642812692038
Evaluation: 1012, Loss: -4.373470467977755
Evaluation: 1013, Loss: -4.413938867056078
Evaluation: 1014, Loss: -4.445180012428418
Evaluation: 1015, Loss: -4.400826654223669
Evaluation: 1016, Loss: -4.404822405806392
Evaluation: 1017, Loss: -4.392150383800358
Evaluation: 1018, Loss: -4.470961378111595
Evaluation: 1019, Loss: -4.453591950610465
Evaluation: 1020, Loss: -4.541661423780187
Evaluation: 1021, Loss: -4.437586096404642
Evaluation: 1022, Loss: -4.455014552601857
Evaluation: 1023, Loss: -4.479114616776021
Evaluation: 1024, Loss: -4.469342813758577
Evaluation: 1025, Loss: -4.4377924264524164
Evaluation: 1026, Loss: -4.436578684594043
Evaluation: 1027, Loss: -4.56558106440572
Evaluation: 1028, Loss: -4.457350387379803
Evaluation: 1029, Loss: -4.455527226785639
Evaluation: 1030, Loss: -4.43441075946093
Evaluation: 1031, Loss: -4.417059636251629
Evaluation: 1032, Loss: -4.444934789801139
Evaluation: 1033, Loss: -4.479887745687729
Evaluation: 1034, Loss: -4.4093797239432355
Evaluation: 1035, Loss: -4.423636255716271
Evaluation: 1036, Loss: -4.44312719553142
Evaluation: 1037, Loss: -4.431846284523269
Evaluation: 1038, Loss: -4.357699591098244
Evaluation: 1039, Loss: -4.41398977259222
Evaluation: 1040, Loss: -4.443764957079324
Evaluation: 1041, Loss: -4.411013455662536
Evaluation: 1042, Loss: -4.370288908286316
Evaluation: 1043, Loss: -4.310081641248049
Evaluation: 1044, Loss: -4.36537584513839
Evaluation: 1045, Loss: -4.414177263143907
Evaluation: 1046, Loss: -4.457388721246318
Evaluation: 1047, Loss: -4.409130519220003
Evaluation: 1048, Loss: -4.3759693978596825
Evaluation: 1049, Loss: -4.404477105419274
Evaluation: 1050, Loss: -4.4391133239972
Evaluation: 1051, Loss: -4.45578643086866
Evaluation: 1052, Loss: -4.398612434784486
Evaluation: 1053, Loss: -4.258907159837634
Evaluation: 1054, Loss: -4.390879418802558
Evaluation: 1055, Loss: -4.373325000562182
Evaluation: 1056, Loss: -4.36740650655635
Evaluation: 1057, Loss: -4.479863167826926
Evaluation: 1058, Loss: -4.434128614425179
Evaluation: 1059, Loss: -4.4123060391191435
Evaluation: 1060, Loss: -4.324815620634968
Evaluation: 1061, Loss: -4.413544919795988
Evaluation: 1062, Loss: -4.426219401297922
Evaluation: 1063, Loss: -4.411297396362174
Evaluation: 1064, Loss: -4.449406167260136
Evaluation: 1065, Loss: -4.445692832809049
Evaluation: 1066, Loss: -4.4817154526301035
Evaluation: 1067, Loss: -4.463052978817588
Evaluation: 1068, Loss: -4.466066042750275
Evaluation: 1069, Loss: -4.468808172280733
Evaluation: 1070, Loss: -4.352179617806943
Evaluation: 1071, Loss: -4.463997534598945
Evaluation: 1072, Loss: -4.4821989001875995
Evaluation: 1073, Loss: -4.521985599885918
Evaluation: 1074, Loss: -4.480241360105327
Evaluation: 1075, Loss: -4.362386411669964
Evaluation: 1076, Loss: -4.418635674542932
Evaluation: 1077, Loss: -4.443109263250132
Evaluation: 1078, Loss: -4.414333147698521
Evaluation: 1079, Loss: -4.45441891168068
Evaluation: 1080, Loss: -4.497628315112495
Evaluation: 1081, Loss: -4.4120164613303965
Evaluation: 1082, Loss: -4.4016480108161575
Evaluation: 1083, Loss: -4.4304587196134335
Evaluation: 1084, Loss: -4.483297131933188
Evaluation: 1085, Loss: -4.446800960475301
Evaluation: 1086, Loss: -4.437244190615528
Evaluation: 1087, Loss: -4.391936501496633
Evaluation: 1088, Loss: -4.389338346253063
Evaluation: 1089, Loss: -4.394164489292717
Evaluation: 1090, Loss: -4.405369440207906
Evaluation: 1091, Loss: -4.474355402826185
Evaluation: 1092, Loss: -4.386426847699856
Evaluation: 1093, Loss: -4.33234995216378
Evaluation: 1094, Loss: -4.381672702643485
Evaluation: 1095, Loss: -4.469888456105628
Evaluation: 1096, Loss: -4.3694724985668065
Evaluation: 1097, Loss: -4.343466153226517
Evaluation: 1098, Loss: -4.412830227570311
Evaluation: 1099, Loss: -4.3947071663131005
Evaluation: 1100, Loss: -4.425280142282537
Evaluation: 1101, Loss: -4.421999032106865
Evaluation: 1102, Loss: -4.459842624920528
Evaluation: 1103, Loss: -4.454138712401431
Evaluation: 1104, Loss: -4.489071262854269
Evaluation: 1105, Loss: -4.473123188044739
Evaluation: 1106, Loss: -4.414818100590323
Evaluation: 1107, Loss: -4.410072253148675
Evaluation: 1108, Loss: -4.3971702137083035
Evaluation: 1109, Loss: -4.397527235043901
Evaluation: 1110, Loss: -4.399791356697211
Evaluation: 1111, Loss: -4.353796216530082
Evaluation: 1112, Loss: -4.381511143058509
Evaluation: 1113, Loss: -4.408364329791916
Evaluation: 1114, Loss: -4.310628641193638
Evaluation: 1115, Loss: -4.3941771425234
Evaluation: 1116, Loss: -4.421495753136314
Evaluation: 1117, Loss: -4.394626693737246
Evaluation: 1118, Loss: -4.401877465781887
Evaluation: 1119, Loss: -4.381613444714055
Evaluation: 1120, Loss: -4.393816437898975
Evaluation: 1121, Loss: -4.348281961365752
Evaluation: 1122, Loss: -4.446110808989381
Evaluation: 1123, Loss: -4.398681654224985
Evaluation: 1124, Loss: -4.3229026773202595
Evaluation: 1125, Loss: -4.419605312049643
Evaluation: 1126, Loss: -4.43058985817809
Evaluation: 1127, Loss: -4.439785887369792
Evaluation: 1128, Loss: -4.420351146695326
Evaluation: 1129, Loss: -4.380804976553254
Evaluation: 1130, Loss: -4.4553910904475345
Evaluation: 1131, Loss: -4.381835152964431
Evaluation: 1132, Loss: -4.374231751120015
Evaluation: 1133, Loss: -4.7222825304477904
Evaluation: 1134, Loss: -4.705245426809428
Evaluation: 1135, Loss: -4.7012908166780925
Evaluation: 1136, Loss: -4.67319306701324
Evaluation: 1137, Loss: -4.754066894198413
Evaluation: 1138, Loss: -4.6752674233923
Evaluation: 1139, Loss: -4.6435728678735995
Evaluation: 1140, Loss: -4.735667322288614
Evaluation: 1141, Loss: -4.647997877167309
Evaluation: 1142, Loss: -4.6383252645406845
Evaluation: 1143, Loss: -4.692638102611894
Evaluation: 1144, Loss: -4.6760683675370665
Evaluation: 1145, Loss: -4.6574870268191635
Evaluation: 1146, Loss: -4.680199770213579
Evaluation: 1147, Loss: -4.627451141773314
Evaluation: 1148, Loss: -4.712446348019632
Evaluation: 1149, Loss: -4.640472718402509
Evaluation: 1150, Loss: -4.640617437733222
Evaluation: 1151, Loss: -4.761077961944095
Evaluation: 1152, Loss: -4.78948569696373
Evaluation: 1153, Loss: -4.7927074165358485
Evaluation: 1154, Loss: -4.581433621217821
Evaluation: 1155, Loss: -4.637626284062439
Evaluation: 1156, Loss: -4.720773871784614
Evaluation: 1157, Loss: -4.687932957114475
Evaluation: 1158, Loss: -4.673159169693463
Evaluation: 1159, Loss: -4.606166551436619
Evaluation: 1160, Loss: -4.7408306444250305
Evaluation: 1161, Loss: -4.650299068332602
Evaluation: 1162, Loss: -4.647133627948229
Evaluation: 1163, Loss: -4.643470867683689
Evaluation: 1164, Loss: -4.565811755926471
Evaluation: 1165, Loss: -4.6396032282466
Evaluation: 1166, Loss: -4.638297458815526
Evaluation: 1167, Loss: -4.633876806231665
Evaluation: 1168, Loss: -4.6668113257342645
Evaluation: 1169, Loss: -4.646010464045489
Evaluation: 1170, Loss: -4.673171987192744
Evaluation: 1171, Loss: -4.70890798294881
Evaluation: 1172, Loss: -4.6461558556881934
Evaluation: 1173, Loss: -4.616899813126188
Evaluation: 1174, Loss: -4.703646570530666
Evaluation: 1175, Loss: -4.629000568907755
Evaluation: 1176, Loss: -4.559716451282221
Evaluation: 1177, Loss: -4.616951780177006
Evaluation: 1178, Loss: -4.642185903103124
Evaluation: 1179, Loss: -4.651288614452391
Evaluation: 1180, Loss: -4.604181183224952
Evaluation: 1181, Loss: -4.695082290185189
Evaluation: 1182, Loss: -4.686454991040327
Evaluation: 1183, Loss: -4.7397072659902495
Evaluation: 1184, Loss: -4.606700208513239
Evaluation: 1185, Loss: -4.547575903653373
Evaluation: 1186, Loss: -4.602557359671668
Evaluation: 1187, Loss: -4.628982329814409
Evaluation: 1188, Loss: -4.649904581699035
Evaluation: 1189, Loss: -4.594990601336898
Evaluation: 1190, Loss: -4.7044928205249565
Evaluation: 1191, Loss: -4.640410691590667
Evaluation: 1192, Loss: -4.691199291116248
Evaluation: 1193, Loss: -4.518850597112479
Evaluation: 1194, Loss: -4.500775660913495
Evaluation: 1195, Loss: -4.613645223770202
Evaluation: 1196, Loss: -4.650384625479043
Evaluation: 1197, Loss: -4.669944117105109
Evaluation: 1198, Loss: -4.533297649290153
Evaluation: 1199, Loss: -4.617295832232711
Evaluation: 1200, Loss: -4.645150573428972
Evaluation: 1201, Loss: -4.513268285892709
Evaluation: 1202, Loss: -4.551663112203897
Evaluation: 1203, Loss: -4.6189162618983595
Evaluation: 1204, Loss: -4.646934531620923
Evaluation: 1205, Loss: -4.712945768041537
Evaluation: 1206, Loss: -4.681997208490958
Evaluation: 1207, Loss: -4.65318678510695
Evaluation: 1208, Loss: -4.600551296479851
Evaluation: 1209, Loss: -4.601373677491089
Evaluation: 1210, Loss: -4.580133518652395
Evaluation: 1211, Loss: -4.61967252544966
Evaluation: 1212, Loss: -4.502318574260054
Evaluation: 1213, Loss: -4.586001924332603
Evaluation: 1214, Loss: -4.559558144656954
Evaluation: 1215, Loss: -4.60230546335214
Evaluation: 1216, Loss: -4.6547146733949685
Evaluation: 1217, Loss: -4.546737121621129
Evaluation: 1218, Loss: -4.492738667724305
Evaluation: 1219, Loss: -4.67520483856322
Evaluation: 1220, Loss: -4.685292467232319
Evaluation: 1221, Loss: -4.750372389212054
Evaluation: 1222, Loss: -4.701396733208137
Evaluation: 1223, Loss: -4.748904590913135
Evaluation: 1224, Loss: -4.770067571669184
Evaluation: 1225, Loss: -4.791271748366254
Evaluation: 1226, Loss: -4.62504962511221
Evaluation: 1227, Loss: -4.648023337444324
Evaluation: 1228, Loss: -4.654096055204692
Evaluation: 1229, Loss: -4.6771059623257125
Evaluation: 1230, Loss: -4.711792634198506
Evaluation: 1231, Loss: -4.65167152865781
Evaluation: 1232, Loss: -4.758614536296333
Evaluation: 1233, Loss: -4.759528387351532
Evaluation: 1234, Loss: -4.794105930243056
Evaluation: 1235, Loss: -4.7129258850327345
Evaluation: 1236, Loss: -4.600514851996761
Evaluation: 1237, Loss: -4.693484092902217
Evaluation: 1238, Loss: -4.719714683784494
Evaluation: 1239, Loss: -4.626430771977576
Evaluation: 1240, Loss: -4.582554597604464
Evaluation: 1241, Loss: -4.618755403303886
Evaluation: 1242, Loss: -4.695777555376036
Evaluation: 1243, Loss: -4.710056436728711
Evaluation: 1244, Loss: -4.624020561011064
Evaluation: 1245, Loss: -4.803256581589194
Evaluation: 1246, Loss: -4.639206625313033
Evaluation: 1247, Loss: -4.719003390448439
Evaluation: 1248, Loss: -4.658698664981586
Evaluation: 1249, Loss: -4.693497236687061
Evaluation: 1250, Loss: -4.731221820397452
Evaluation: 1251, Loss: -4.73901130056266
Evaluation: 1252, Loss: -4.783833608215108
Evaluation: 1253, Loss: -4.746873492679596
Evaluation: 1254, Loss: -4.697019203982155
Evaluation: 1255, Loss: -4.691651159663132
Evaluation: 1256, Loss: -4.6235264576291035
Evaluation: 1257, Loss: -4.622192693069015
Evaluation: 1258, Loss: -4.600729396781855
Evaluation: 1259, Loss: -4.625812914473074
Evaluation: 1260, Loss: -4.624866325493017
Evaluation: 1261, Loss: -4.681662481970675
Evaluation: 1262, Loss: -4.624740376142912
Evaluation: 1263, Loss: -4.632166115114446
Evaluation: 1264, Loss: -4.546168559011255
Evaluation: 1265, Loss: -4.657560677581475
Evaluation: 1266, Loss: -4.640529543895936
Evaluation: 1267, Loss: -4.662697999501924
Evaluation: 1268, Loss: -4.649888295210763
Evaluation: 1269, Loss: -4.641678005321643
Evaluation: 1270, Loss: -4.652771255078118
Evaluation: 1271, Loss: -4.5837799723891495
Evaluation: 1272, Loss: -4.5550526099524635
Evaluation: 1273, Loss: -4.593332073200136
Evaluation: 1274, Loss: -4.6755572538058985
Evaluation: 1275, Loss: -4.575145256525936
Evaluation: 1276, Loss: -4.663037362329533
Evaluation: 1277, Loss: -4.701455152446282
Evaluation: 1278, Loss: -4.683759491888739
Evaluation: 1279, Loss: -4.664576200027344
Evaluation: 1280, Loss: -4.719704718125459
Evaluation: 1281, Loss: -4.692955346445025
Evaluation: 1282, Loss: -4.697946206962469
Evaluation: 1283, Loss: -4.71544419939235
Evaluation: 1284, Loss: -4.733062114201057
Evaluation: 1285, Loss: -4.57044871126322
Evaluation: 1286, Loss: -4.624650366213239
Evaluation: 1287, Loss: -4.681010821347007
Evaluation: 1288, Loss: -4.66596680824739
Evaluation: 1289, Loss: -4.66149502889511
Evaluation: 1290, Loss: -4.65550203370629
Evaluation: 1291, Loss: -4.674653357566115
Evaluation: 1292, Loss: -4.763721775640256
Evaluation: 1293, Loss: -4.688357562505157
Evaluation: 1294, Loss: -4.608104297489949
Evaluation: 1295, Loss: -4.693865330075722
Evaluation: 1296, Loss: -4.685573913306581
Evaluation: 1297, Loss: -4.720530854587152
Evaluation: 1298, Loss: -4.620185698407719
Evaluation: 1299, Loss: -4.707008745289838
Evaluation: 1300, Loss: -4.671616652849392
Evaluation: 1301, Loss: -4.737108063901529
Evaluation: 1302, Loss: -4.696197279490558
Evaluation: 1303, Loss: -4.622882348043372
Evaluation: 1304, Loss: -4.715882245219144
Evaluation: 1305, Loss: -4.747096197687813
Evaluation: 1306, Loss: -4.653052124886836
Evaluation: 1307, Loss: -4.630422474754054
Evaluation: 1308, Loss: -4.642482263306782
Evaluation: 1309, Loss: -4.648078677140104
Evaluation: 1310, Loss: -4.623197489048438
Evaluation: 1311, Loss: -4.579961782833314
Evaluation: 1312, Loss: -4.592760281352859
Evaluation: 1313, Loss: -4.573322578991108
Evaluation: 1314, Loss: -4.642822354236397
Evaluation: 1315, Loss: -4.608527758778308
Evaluation: 1316, Loss: -4.655086170919404
Evaluation: 1317, Loss: -4.677719654323322
Evaluation: 1318, Loss: -4.634686115143069
Evaluation: 1319, Loss: -4.6835020396979825
Evaluation: 1320, Loss: -4.6651563975826384
Evaluation: 1321, Loss: -4.644686920731354
Evaluation: 1322, Loss: -4.712149679118805
Evaluation: 1323, Loss: -4.5785636906827545
Evaluation: 1324, Loss: -4.733059880633423
Evaluation: 1325, Loss: -4.701727679048456
Evaluation: 1326, Loss: -4.619194702110017
Evaluation: 1327, Loss: -4.65250209074031
Evaluation: 1328, Loss: -4.650231125638593
Evaluation: 1329, Loss: -4.509058929846514
Evaluation: 1330, Loss: -4.6833067829263
Evaluation: 1331, Loss: -4.651491955074233
Evaluation: 1332, Loss: -4.661712226766541
Evaluation: 1333, Loss: -4.68356209315459
Evaluation: 1334, Loss: -4.620860833039279
Evaluation: 1335, Loss: -4.681868560322714
Evaluation: 1336, Loss: -4.676075375413455
Evaluation: 1337, Loss: -4.710181031818747
Evaluation: 1338, Loss: -4.619675220477967
Evaluation: 1339, Loss: -4.733664329685891
Evaluation: 1340, Loss: -4.752353743866113
Evaluation: 1341, Loss: -4.7232816372696895
Evaluation: 1342, Loss: -4.662273836347094
Evaluation: 1343, Loss: -4.622769258155079
Evaluation: 1344, Loss: -4.642601658252817
Evaluation: 1345, Loss: -4.677775855558547
Evaluation: 1346, Loss: -4.719174896168118
Evaluation: 1347, Loss: -4.711212609967756
Evaluation: 1348, Loss: -4.617928469269229
Evaluation: 1349, Loss: -4.5797781495560335
Evaluation: 1350, Loss: -4.528158934225298
Evaluation: 1351, Loss: -4.745466051961398
Evaluation: 1352, Loss: -4.6619826640101305
Evaluation: 1353, Loss: -4.647803385040012
Evaluation: 1354, Loss: -4.4768515658097074
Evaluation: 1355, Loss: -4.707311270131343
Evaluation: 1356, Loss: -4.689779164562166
Evaluation: 1357, Loss: -4.691168310439393
Evaluation: 1358, Loss: -4.648610406298536
Evaluation: 1359, Loss: -4.751575371111
Evaluation: 1360, Loss: -4.689086757243898
Evaluation: 1361, Loss: -4.6998521226552485
Evaluation: 1362, Loss: -4.71109944320522
Evaluation: 1363, Loss: -4.793050117184524
Evaluation: 1364, Loss: -4.84344223345585
Evaluation: 1365, Loss: -4.7863346923353465
Evaluation: 1366, Loss: -4.823450401358064
Evaluation: 1367, Loss: -4.733008017128772
Evaluation: 1368, Loss: -4.761234213982981
Evaluation: 1369, Loss: -4.8066616578937165
Evaluation: 1370, Loss: -4.773845756229503
Evaluation: 1371, Loss: -4.819703465011841
Evaluation: 1372, Loss: -4.810985134496318
Evaluation: 1373, Loss: -4.768814659068168
Evaluation: 1374, Loss: -4.744074571445408
Evaluation: 1375, Loss: -4.769948291881807
Evaluation: 1376, Loss: -4.686738900056346
Evaluation: 1377, Loss: -4.685037713412953
Evaluation: 1378, Loss: -4.658895050866243
Evaluation: 1379, Loss: -4.659101966652982
Evaluation: 1380, Loss: -4.691207661284794
Evaluation: 1381, Loss: -4.750279086413865
Evaluation: 1382, Loss: -4.657103614080844
Evaluation: 1383, Loss: -4.7373638999191385
Evaluation: 1384, Loss: -4.711885137650247
Evaluation: 1385, Loss: -4.606139395560637
Evaluation: 1386, Loss: -4.755676865694671
Evaluation: 1387, Loss: -4.815826828854252
Evaluation: 1388, Loss: -4.728962371204419
Evaluation: 1389, Loss: -4.829506254883356
Evaluation: 1390, Loss: -4.783766283342832
Evaluation: 1391, Loss: -4.663576696946171
Evaluation: 1392, Loss: -4.820658654931918
Evaluation: 1393, Loss: -4.736992862124606
Evaluation: 1394, Loss: -4.7105898719998915
Evaluation: 1395, Loss: -4.802394341479335
Evaluation: 1396, Loss: -4.768733014273865
Evaluation: 1397, Loss: -4.783288574601361
Evaluation: 1398, Loss: -4.790020670408294
Evaluation: 1399, Loss: -4.778436056276735
Evaluation: 1400, Loss: -4.7870126521495076
Evaluation: 1401, Loss: -4.798464531761314
Evaluation: 1402, Loss: -4.781860487368441
Evaluation: 1403, Loss: -4.6768902736925675
Evaluation: 1404, Loss: -4.799795640167309
Evaluation: 1405, Loss: -4.704627498010446
Evaluation: 1406, Loss: -4.755859668234848
Evaluation: 1407, Loss: -4.600879161430367
Evaluation: 1408, Loss: -4.778741713467449
Evaluation: 1409, Loss: -4.840533997063356
Evaluation: 1410, Loss: -4.732499580077972
Evaluation: 1411, Loss: -4.726579101141734
Evaluation: 1412, Loss: -4.757019581381974
Evaluation: 1413, Loss: -4.782139887088707
Evaluation: 1414, Loss: -4.772069392151975
Evaluation: 1415, Loss: -4.7162670280506465
Evaluation: 1416, Loss: -4.646429700310371
Evaluation: 1417, Loss: -4.7300956960225005
Evaluation: 1418, Loss: -4.789675621979057
Evaluation: 1419, Loss: -4.806314248794969
Evaluation: 1420, Loss: -4.7386313553755794
Evaluation: 1421, Loss: -4.720829562549284
Evaluation: 1422, Loss: -4.742416634949456
Evaluation: 1423, Loss: -4.625562992650613
Evaluation: 1424, Loss: -4.764364210855314
Evaluation: 1425, Loss: -4.655713617192832
Evaluation: 1426, Loss: -4.621833499116846
Evaluation: 1427, Loss: -4.563103249288561
Evaluation: 1428, Loss: -4.651757316294992
Evaluation: 1429, Loss: -4.7202015816943925
Evaluation: 1430, Loss: -4.6219020197981475
Evaluation: 1431, Loss: -4.63527853634908
Evaluation: 1432, Loss: -4.732833483370936
Evaluation: 1433, Loss: -4.6504079363357445
Evaluation: 1434, Loss: -4.599817033695841
Evaluation: 1435, Loss: -4.609322884994171
Evaluation: 1436, Loss: -4.610517014566222
Evaluation: 1437, Loss: -4.668147257132997
Evaluation: 1438, Loss: -4.651895769835033
Evaluation: 1439, Loss: -4.641815249843396
Evaluation: 1440, Loss: -4.630950708023955
Evaluation: 1441, Loss: -4.555704614337541
Evaluation: 1442, Loss: -4.572486401022404
Evaluation: 1443, Loss: -4.603793320048409
Evaluation: 1444, Loss: -4.702012562265819
Evaluation: 1445, Loss: -4.675368164001365
Evaluation: 1446, Loss: -4.620119708674145
Evaluation: 1447, Loss: -4.5852994369210665
Evaluation: 1448, Loss: -4.561903396349246
Evaluation: 1449, Loss: -4.571442636939046
Evaluation: 1450, Loss: -4.5636573318676525
Evaluation: 1451, Loss: -4.516399013843032
Evaluation: 1452, Loss: -4.6290905429335325
Evaluation: 1453, Loss: -4.529477096928382
Evaluation: 1454, Loss: -4.616381755858422
Evaluation: 1455, Loss: -4.451382392000605
Evaluation: 1456, Loss: -4.547856161768829
Evaluation: 1457, Loss: -4.544362218204272
Evaluation: 1458, Loss: -4.609739754661502
Evaluation: 1459, Loss: -4.716962313067333
Evaluation: 1460, Loss: -4.621110846278989
Evaluation: 1461, Loss: -4.64609231787806
Evaluation: 1462, Loss: -4.724365507788955
Evaluation: 1463, Loss: -4.671607382914007
Evaluation: 1464, Loss: -4.5906466944485365
Evaluation: 1465, Loss: -4.679890521924317
Evaluation: 1466, Loss: -4.690837856013002
Evaluation: 1467, Loss: -4.700792874179705
Evaluation: 1468, Loss: -4.749095719049934
Evaluation: 1469, Loss: -4.736852340213593
Evaluation: 1470, Loss: -4.625752750742246
Evaluation: 1471, Loss: -4.613723083736147
Evaluation: 1472, Loss: -4.658941358141031
Evaluation: 1473, Loss: -4.653200343517467
Evaluation: 1474, Loss: -4.691524396949184
Evaluation: 1475, Loss: -4.595562015291348
Evaluation: 1476, Loss: -4.648139686992271
Evaluation: 1477, Loss: -4.612008425889819
Evaluation: 1478, Loss: -4.6590729148086565
Evaluation: 1479, Loss: -4.486970607706327
Evaluation: 1480, Loss: -4.653125248944131
Evaluation: 1481, Loss: -4.71998783435442
Evaluation: 1482, Loss: -4.65792676128587
Evaluation: 1483, Loss: -4.702718182272461
Evaluation: 1484, Loss: -4.7532341004427
Evaluation: 1485, Loss: -4.601247609466453
Evaluation: 1486, Loss: -4.542968643173399
Evaluation: 1487, Loss: -4.562413224971312
Evaluation: 1488, Loss: -4.7202320489579614
Evaluation: 1489, Loss: -4.509382109577994
Evaluation: 1490, Loss: -4.691330762789209
Evaluation: 1491, Loss: -4.627788053902301
Evaluation: 1492, Loss: -4.767416725591062
Evaluation: 1493, Loss: -4.573317734702731
Evaluation: 1494, Loss: -4.703093697563541
Evaluation: 1495, Loss: -4.572418729009476
Evaluation: 1496, Loss: -4.58067923548843
Evaluation: 1497, Loss: -4.568867742720819
Evaluation: 1498, Loss: -4.679821881131875
Evaluation: 1499, Loss: -4.66799035511784
Evaluation: 1500, Loss: -4.613036151465891
Evaluation: 1501, Loss: -4.6147602601317335
Evaluation: 1502, Loss: -4.758195894655694
Evaluation: 1503, Loss: -4.609934950177493
Evaluation: 1504, Loss: -4.77258383399958
Evaluation: 1505, Loss: -4.618873711460903
Evaluation: 1506, Loss: -4.594986870617621
Evaluation: 1507, Loss: -4.598351697531461
Evaluation: 1508, Loss: -4.510208567780735
Evaluation: 1509, Loss: -4.51956990507071
Evaluation: 1510, Loss: -4.627532001541983
Evaluation: 1511, Loss: -4.603521016456723
Evaluation: 1512, Loss: -4.615650399224156
Evaluation: 1513, Loss: -4.613989461435389
Evaluation: 1514, Loss: -4.645156704994332
Evaluation: 1515, Loss: -4.643024936131297
Evaluation: 1516, Loss: -4.656626217073553
Evaluation: 1517, Loss: -4.76212723468535
Evaluation: 1518, Loss: -4.656754464381118
Evaluation: 1519, Loss: -4.6875294020364136
Evaluation: 1520, Loss: -4.6928611002303935
Evaluation: 1521, Loss: -4.587808741715534
Evaluation: 1522, Loss: -4.594055465779694
Evaluation: 1523, Loss: -4.636069820258317
Evaluation: 1524, Loss: -4.738529635432007
Evaluation: 1525, Loss: -4.734611082906832
Evaluation: 1526, Loss: -4.6707411860756896
Evaluation: 1527, Loss: -4.7425525546806835
Evaluation: 1528, Loss: -4.645116165623239
Evaluation: 1529, Loss: -4.673679481594799
Evaluation: 1530, Loss: -4.680768326872899
Evaluation: 1531, Loss: -4.71990814820162
Evaluation: 1532, Loss: -4.644621368160681
Evaluation: 1533, Loss: -4.680233469043742
Evaluation: 1534, Loss: -4.716557840707569
Evaluation: 1535, Loss: -4.708247359472365
Evaluation: 1536, Loss: -4.656768286018238
Evaluation: 1537, Loss: -4.641481454005822
Evaluation: 1538, Loss: -4.617476552619822
Evaluation: 1539, Loss: -4.627731761942621
Evaluation: 1540, Loss: -4.617723707173507
Evaluation: 1541, Loss: -4.609987465006963
Evaluation: 1542, Loss: -4.599354491062902
Evaluation: 1543, Loss: -4.555335899475562
Evaluation: 1544, Loss: -4.6946150604456465
Evaluation: 1545, Loss: -4.649500777387929
Evaluation: 1546, Loss: -4.745262967356849
Evaluation: 1547, Loss: -4.612584975437587
Evaluation: 1548, Loss: -4.707641446277618
Evaluation: 1549, Loss: -4.719050330545052
Evaluation: 1550, Loss: -4.724036787394764
Evaluation: 1551, Loss: -4.745536522373685
Evaluation: 1552, Loss: -4.640018380513845
Evaluation: 1553, Loss: -4.705500783377255
Evaluation: 1554, Loss: -4.647596779037933
Evaluation: 1555, Loss: -4.6815920562207225
Evaluation: 1556, Loss: -4.6580763388249204
Evaluation: 1557, Loss: -4.661831341784041
Evaluation: 1558, Loss: -4.646862556832851
Evaluation: 1559, Loss: -4.579590189280259
Evaluation: 1560, Loss: -4.641049149738888
Evaluation: 1561, Loss: -4.677475130218551
Evaluation: 1562, Loss: -4.622819701303641
Evaluation: 1563, Loss: -4.613808380939345
Evaluation: 1564, Loss: -4.703544197085007
Evaluation: 1565, Loss: -4.655787330349886
Evaluation: 1566, Loss: -4.576929161831203
Evaluation: 1567, Loss: -4.5971569670151835
Evaluation: 1568, Loss: -4.568103268850578
Evaluation: 1569, Loss: -4.697410448593245
Evaluation: 1570, Loss: -4.573687989527503
Evaluation: 1571, Loss: -4.509678280165159
Evaluation: 1572, Loss: -4.642101301088485
Evaluation: 1573, Loss: -4.673342451791417
Evaluation: 1574, Loss: -4.597677383731428
Evaluation: 1575, Loss: -4.616939110881233
Evaluation: 1576, Loss: -4.6585667962402
Evaluation: 1577, Loss: -4.666359808361496
Evaluation: 1578, Loss: -4.594957774646483
Evaluation: 1579, Loss: -4.559247986252606
Evaluation: 1580, Loss: -4.558995396649737
Evaluation: 1581, Loss: -4.574995769878308
Evaluation: 1582, Loss: -4.523094668109679
Evaluation: 1583, Loss: -4.635700819118071
Evaluation: 1584, Loss: -4.58124039872504
Evaluation: 1585, Loss: -4.560833221352196
Evaluation: 1586, Loss: -4.625844259247894
Evaluation: 1587, Loss: -4.552159643655726
Evaluation: 1588, Loss: -4.567829936488151
Evaluation: 1589, Loss: -4.586243764850662
Evaluation: 1590, Loss: -4.568175607513157
Evaluation: 1591, Loss: -4.607162201919852
Evaluation: 1592, Loss: -4.5122540456264995
Evaluation: 1593, Loss: -4.55634959918048
Evaluation: 1594, Loss: -4.616990986432529
Evaluation: 1595, Loss: -4.507507122115298
Evaluation: 1596, Loss: -4.634811793983408
Evaluation: 1597, Loss: -4.581766744794395
Evaluation: 1598, Loss: -4.50287566265238
Evaluation: 1599, Loss: -4.620247250306799
Evaluation: 1600, Loss: -4.64063290978566
Evaluation: 1601, Loss: -4.645780251113463
Evaluation: 1602, Loss: -4.680483298337408
Evaluation: 1603, Loss: -4.6567185461827245
Evaluation: 1604, Loss: -4.666131746939878
Evaluation: 1605, Loss: -4.610157293546411
Evaluation: 1606, Loss: -4.650632446180668
Evaluation: 1607, Loss: -4.614695939920903
Evaluation: 1608, Loss: -4.665958894395251
Evaluation: 1609, Loss: -4.629702844994346
Evaluation: 1610, Loss: -4.699563929103951
Evaluation: 1611, Loss: -4.641482647962255
Evaluation: 1612, Loss: -4.755589932324513
Evaluation: 1613, Loss: -4.663131366069523
Evaluation: 1614, Loss: -4.688078620148538
Evaluation: 1615, Loss: -4.5948673524029395
Evaluation: 1616, Loss: -4.604861641435855
Evaluation: 1617, Loss: -4.552476021297292
Evaluation: 1618, Loss: -4.609087636556897
Evaluation: 1619, Loss: -4.58223309180778
Evaluation: 1620, Loss: -4.573774517808294
Evaluation: 1621, Loss: -4.652035788618816
Evaluation: 1622, Loss: -4.623962551101174
Evaluation: 1623, Loss: -4.544892053375258
Evaluation: 1624, Loss: -4.725445029215286
Evaluation: 1625, Loss: -4.702016132066124
Evaluation: 1626, Loss: -4.64409402379436
Evaluation: 1627, Loss: -4.640586149604484
Evaluation: 1628, Loss: -4.6559561992690925
Evaluation: 1629, Loss: -4.610413698563892
Evaluation: 1630, Loss: -4.693576426634425
Evaluation: 1631, Loss: -4.6836751185309
Evaluation: 1632, Loss: -4.718045325350934
Evaluation: 1633, Loss: -4.554446407878057
Evaluation: 1634, Loss: -4.623929532767206
Evaluation: 1635, Loss: -4.659279505618263
Evaluation: 1636, Loss: -4.699396450922708
Evaluation: 1637, Loss: -4.746862058972329
Evaluation: 1638, Loss: -4.695159525162498
Evaluation: 1639, Loss: -4.690046462759956
Evaluation: 1640, Loss: -4.674690176307028
Evaluation: 1641, Loss: -4.658806993332076
Evaluation: 1642, Loss: -4.6214607511650065
Evaluation: 1643, Loss: -4.731007629612714
Evaluation: 1644, Loss: -4.7195095974267165
Evaluation: 1645, Loss: -4.699729625385148
Evaluation: 1646, Loss: -4.668010171628088
Evaluation: 1647, Loss: -4.692933038197063
Evaluation: 1648, Loss: -4.654203526886685
Evaluation: 1649, Loss: -4.695334353990055
Evaluation: 1650, Loss: -4.766717357362872
Evaluation: 1651, Loss: -4.692593113266202
Evaluation: 1652, Loss: -4.69483044093357
Evaluation: 1653, Loss: -4.740857188805814
Evaluation: 1654, Loss: -4.775073104906085
Evaluation: 1655, Loss: -4.761785466634788
Evaluation: 1656, Loss: -4.683402945585662
Evaluation: 1657, Loss: -4.630584897785591
Evaluation: 1658, Loss: -4.755751470270795
Evaluation: 1659, Loss: -4.7217611945964
Evaluation: 1660, Loss: -4.715476740393154
Evaluation: 1661, Loss: -4.72335626901009
Evaluation: 1662, Loss: -4.670110746304287
Evaluation: 1663, Loss: -4.598202549260298
Evaluation: 1664, Loss: -4.709342622075936
Evaluation: 1665, Loss: -4.663594324421485
Evaluation: 1666, Loss: -4.651215283135584
Evaluation: 1667, Loss: -4.705076869396086
Evaluation: 1668, Loss: -4.653800771425706
Evaluation: 1669, Loss: -4.663530110496491
Evaluation: 1670, Loss: -4.681450776171498
Evaluation: 1671, Loss: -4.786466605126662
Evaluation: 1672, Loss: -4.685641812649367
Evaluation: 1673, Loss: -4.769717354623788
Evaluation: 1674, Loss: -4.712000706502699
Evaluation: 1675, Loss: -4.6464252504958115
Evaluation: 1676, Loss: -4.710463038065347
Evaluation: 1677, Loss: -4.726064143747594
Evaluation: 1678, Loss: -4.753545470483394
Evaluation: 1679, Loss: -4.671613229625547
Evaluation: 1680, Loss: -4.731189358272411
Evaluation: 1681, Loss: -4.616441371433988
Evaluation: 1682, Loss: -4.715577249608058
Evaluation: 1683, Loss: -4.721230900091354
Evaluation: 1684, Loss: -4.664836619125203
Evaluation: 1685, Loss: -4.622649856178474
Evaluation: 1686, Loss: -4.637701794709429
Evaluation: 1687, Loss: -4.687868176887018
Evaluation: 1688, Loss: -4.716691600926857
Evaluation: 1689, Loss: -4.69710034240532
Evaluation: 1690, Loss: -4.642935049179847
Evaluation: 1691, Loss: -4.640819133950705
Evaluation: 1692, Loss: -4.638060287743257
Evaluation: 1693, Loss: -4.73904501520244
Evaluation: 1694, Loss: -4.6801521907271795
Evaluation: 1695, Loss: -4.719410966334378
Evaluation: 1696, Loss: -4.698969828399777
Evaluation: 1697, Loss: -4.621599948689633
Evaluation: 1698, Loss: -4.757575810961744
Evaluation: 1699, Loss: -4.719946055143349
Evaluation: 1700, Loss: -4.710971577943862
Evaluation: 1701, Loss: -4.601503674697176
Evaluation: 1702, Loss: -4.665763881269902
Evaluation: 1703, Loss: -4.641950478829033
Evaluation: 1704, Loss: -4.658253475176796
Evaluation: 1705, Loss: -4.611570873528057
Evaluation: 1706, Loss: -4.653305372656845
Evaluation: 1707, Loss: -4.619388547457431
Evaluation: 1708, Loss: -4.674855549362342
Evaluation: 1709, Loss: -4.680096541202124
Evaluation: 1710, Loss: -4.641250471133539
Evaluation: 1711, Loss: -4.685923000103245
Evaluation: 1712, Loss: -4.646028235224211
Evaluation: 1713, Loss: -4.685335437110246
Evaluation: 1714, Loss: -4.593680716783503
Evaluation: 1715, Loss: -4.60377771147014
Evaluation: 1716, Loss: -4.710634133920759
Evaluation: 1717, Loss: -4.6927722819717275
Evaluation: 1718, Loss: -4.68904152651167
Evaluation: 1719, Loss: -4.611826842759979
Evaluation: 1720, Loss: -4.700302610927862
Evaluation: 1721, Loss: -4.641347490183138
Evaluation: 1722, Loss: -4.632030026071925
Evaluation: 1723, Loss: -4.702865967749014
Evaluation: 1724, Loss: -4.592455085419001
Evaluation: 1725, Loss: -4.604311553994914
Evaluation: 1726, Loss: -4.727671604622785
Evaluation: 1727, Loss: -4.670676225093159
Evaluation: 1728, Loss: -4.708892249722023
Evaluation: 1729, Loss: -4.638995195029385
Evaluation: 1730, Loss: -4.576874593363406
Evaluation: 1731, Loss: -4.584303861609311
Evaluation: 1732, Loss: -4.697372306059945
Evaluation: 1733, Loss: -4.640150428522406
Evaluation: 1734, Loss: -4.644735411634262
Evaluation: 1735, Loss: -4.5679554699522065
Evaluation: 1736, Loss: -4.660444025618056
Evaluation: 1737, Loss: -4.6261835224339
Evaluation: 1738, Loss: -4.70655590575418
Evaluation: 1739, Loss: -4.587646910639423
Evaluation: 1740, Loss: -4.630123858879051
Evaluation: 1741, Loss: -4.598116857194262
Evaluation: 1742, Loss: -4.646786573072678
Evaluation: 1743, Loss: -4.600778292199092
Evaluation: 1744, Loss: -4.603348947450396
Evaluation: 1745, Loss: -4.54336935227263
Evaluation: 1746, Loss: -4.627507005836865
Evaluation: 1747, Loss: -4.616113680460373
Evaluation: 1748, Loss: -4.713467267189294
Evaluation: 1749, Loss: -4.572464810649351
Evaluation: 1750, Loss: -4.645957059995725
Evaluation: 1751, Loss: -4.617754526494901
Evaluation: 1752, Loss: -4.680350135999442
Evaluation: 1753, Loss: -4.660876660701412
Evaluation: 1754, Loss: -4.686922541413152
Evaluation: 1755, Loss: -4.691468363692648
Evaluation: 1756, Loss: -4.5828203715603415
Evaluation: 1757, Loss: -4.687409088882798
Evaluation: 1758, Loss: -4.731031363556851
Evaluation: 1759, Loss: -4.575275731177482
Evaluation: 1760, Loss: -4.649446443465251
Evaluation: 1761, Loss: -4.697348625818458
Evaluation: 1762, Loss: -4.627698001726156
Evaluation: 1763, Loss: -4.699919719669083
Evaluation: 1764, Loss: -4.635755587226493
Evaluation: 1765, Loss: -4.6301991423487365
Evaluation: 1766, Loss: -4.639178116672822
Evaluation: 1767, Loss: -4.654366767462411
Evaluation: 1768, Loss: -4.671626528238006
Evaluation: 1769, Loss: -4.717982080364803
Evaluation: 1770, Loss: -4.694258036426613
Evaluation: 1771, Loss: -4.687385972238751
Evaluation: 1772, Loss: -4.669585057018377
Evaluation: 1773, Loss: -4.6799539473309775
Evaluation: 1774, Loss: -4.680991541105939
Evaluation: 1775, Loss: -4.644548280814064
Evaluation: 1776, Loss: -4.695184381138558
Evaluation: 1777, Loss: -4.695478682605581
Evaluation: 1778, Loss: -4.699953668083758
Evaluation: 1779, Loss: -4.675373865764751
Evaluation: 1780, Loss: -4.654757506532352
Evaluation: 1781, Loss: -4.706723657231285
Evaluation: 1782, Loss: -4.668447488710206
Evaluation: 1783, Loss: -4.6211078730170385
Evaluation: 1784, Loss: -4.688320637706516
Evaluation: 1785, Loss: -4.657942503544428
Evaluation: 1786, Loss: -4.604607762245193
Evaluation: 1787, Loss: -4.589882235523897
Evaluation: 1788, Loss: -4.5949165127068206
Evaluation: 1789, Loss: -4.590840352249944
Evaluation: 1790, Loss: -4.566978905722214
Evaluation: 1791, Loss: -4.554307976901137
Evaluation: 1792, Loss: -4.5778155543314405
Evaluation: 1793, Loss: -4.60228475730718
Evaluation: 1794, Loss: -4.624688780507331
Evaluation: 1795, Loss: -4.6689288170785
Evaluation: 1796, Loss: -4.6124096014186415
Evaluation: 1797, Loss: -4.580070853204891
Evaluation: 1798, Loss: -4.599211308190228
Evaluation: 1799, Loss: -4.631216498440142
Evaluation: 1800, Loss: -4.657547151028906
Evaluation: 1801, Loss: -4.555887734211953
Evaluation: 1802, Loss: -4.684577399698247
Evaluation: 1803, Loss: -4.673267982315821
Evaluation: 1804, Loss: -4.699129271708671
Evaluation: 1805, Loss: -4.61878943202599
Evaluation: 1806, Loss: -4.69821212511185
Evaluation: 1807, Loss: -4.710755169429703
Evaluation: 1808, Loss: -4.6070209875464165
Evaluation: 1809, Loss: -4.656943561590609
Evaluation: 1810, Loss: -4.695204952871807
Evaluation: 1811, Loss: -4.650165379909184
Evaluation: 1812, Loss: -4.6439851590295795
Evaluation: 1813, Loss: -4.681156890940628
Evaluation: 1814, Loss: -4.586371343576176
Evaluation: 1815, Loss: -4.664619691887087
Evaluation: 1816, Loss: -4.717510252544087
Evaluation: 1817, Loss: -4.615138857173437
Evaluation: 1818, Loss: -4.633297595481844
Evaluation: 1819, Loss: -4.659634373572274
Evaluation: 1820, Loss: -4.614749825493328
Evaluation: 1821, Loss: -4.666979133772444
Evaluation: 1822, Loss: -4.642503657537308
Evaluation: 1823, Loss: -4.618098649825756
Evaluation: 1824, Loss: -4.607544566329074
Evaluation: 1825, Loss: -4.56200588947107
Evaluation: 1826, Loss: -4.685295119992916
Evaluation: 1827, Loss: -4.613716242386099
Evaluation: 1828, Loss: -4.631601773939938
Evaluation: 1829, Loss: -4.646816896344188
Evaluation: 1830, Loss: -4.672529080646912
Evaluation: 1831, Loss: -4.667987492638662
Evaluation: 1832, Loss: -4.658076143495546
Evaluation: 1833, Loss: -4.683627022384714
Evaluation: 1834, Loss: -4.658279950594541
Evaluation: 1835, Loss: -4.6371213486641985
Evaluation: 1836, Loss: -4.673863561079663
Evaluation: 1837, Loss: -4.673806232733196
Evaluation: 1838, Loss: -4.67897073379711
Evaluation: 1839, Loss: -4.664420246463581
Evaluation: 1840, Loss: -4.699515083950445
Evaluation: 1841, Loss: -4.661678457865026
Evaluation: 1842, Loss: -4.7043963416726315
Evaluation: 1843, Loss: -4.753879662430682
Evaluation: 1844, Loss: -4.699292673468754
Evaluation: 1845, Loss: -4.731838506043354
Evaluation: 1846, Loss: -4.632208381032282
Evaluation: 1847, Loss: -4.691911502282014
Evaluation: 1848, Loss: -4.748791488520532
Evaluation: 1849, Loss: -4.724901130213947
Evaluation: 1850, Loss: -4.730665660502307
Evaluation: 1851, Loss: -4.649206432460746
Evaluation: 1852, Loss: -4.70414654869933
Evaluation: 1853, Loss: -4.643782533113147
Evaluation: 1854, Loss: -4.6886713605291215
Evaluation: 1855, Loss: -4.747817938313496
Evaluation: 1856, Loss: -4.683761637044286
Evaluation: 1857, Loss: -4.7239073308768935
Evaluation: 1858, Loss: -4.731344959169498
Evaluation: 1859, Loss: -4.721642866359237
Evaluation: 1860, Loss: -4.7368427603529195
Evaluation: 1861, Loss: -4.7706466593918355
Evaluation: 1862, Loss: -4.716854739142717
Evaluation: 1863, Loss: -4.6526012436652575
Evaluation: 1864, Loss: -4.669252689429044
Evaluation: 1865, Loss: -4.728737186984711
Evaluation: 1866, Loss: -4.699109980291136
Evaluation: 1867, Loss: -4.759894747769868
Evaluation: 1868, Loss: -4.692423847186419
Evaluation: 1869, Loss: -4.705529501458113
Evaluation: 1870, Loss: -4.666823658440459
Evaluation: 1871, Loss: -4.721724334049194
Evaluation: 1872, Loss: -4.730921354591142
Evaluation: 1873, Loss: -4.653339318647017
Evaluation: 1874, Loss: -4.715551469986906
Evaluation: 1875, Loss: -4.636755472216958
Evaluation: 1876, Loss: -4.5502479448153235
Evaluation: 1877, Loss: -4.564517332278785
Evaluation: 1878, Loss: -4.626157076208398
Evaluation: 1879, Loss: -4.614194743530009
Evaluation: 1880, Loss: -4.618410793083835
Evaluation: 1881, Loss: -4.64806760140528
Evaluation: 1882, Loss: -4.608804211799289
Evaluation: 1883, Loss: -4.580371820797753
Evaluation: 1884, Loss: -4.5851713934418745
Evaluation: 1885, Loss: -4.621257373652301
Evaluation: 1886, Loss: -4.61586720491588
Evaluation: 1887, Loss: -4.620685529827467
Evaluation: 1888, Loss: -4.6090693690289575
Evaluation: 1889, Loss: -4.502772966747804
Evaluation: 1890, Loss: -4.574450720108967
Evaluation: 1891, Loss: -4.548081690243862
Evaluation: 1892, Loss: -4.530485620574028
Evaluation: 1893, Loss: -4.586282564632579
Evaluation: 1894, Loss: -4.608862085653608
Evaluation: 1895, Loss: -4.531168953893935
Evaluation: 1896, Loss: -4.45284646122497
Evaluation: 1897, Loss: -4.539298090673562
Evaluation: 1898, Loss: -4.500371964604398
Evaluation: 1899, Loss: -4.494339765757714
Evaluation: 1900, Loss: -4.5358035747315935
Evaluation: 1901, Loss: -4.467690315373991
Evaluation: 1902, Loss: -4.5350059038643
Evaluation: 1903, Loss: -4.436675024838829
Evaluation: 1904, Loss: -4.4955133724049015
Evaluation: 1905, Loss: -4.541001294981576
Evaluation: 1906, Loss: -4.531820401195071
Evaluation: 1907, Loss: -4.560826358166867
Evaluation: 1908, Loss: -4.602564188140323
Evaluation: 1909, Loss: -4.592867472760774
Evaluation: 1910, Loss: -4.545711576153796
Evaluation: 1911, Loss: -4.573103193647372
Evaluation: 1912, Loss: -4.5749265563099275
Evaluation: 1913, Loss: -4.5202950581710555
Evaluation: 1914, Loss: -4.516273717718445
Evaluation: 1915, Loss: -4.551847578275747
Evaluation: 1916, Loss: -4.547701362479212
Evaluation: 1917, Loss: -4.53477479938538
Evaluation: 1918, Loss: -4.585181335018228
Evaluation: 1919, Loss: -4.603438657372763
Evaluation: 1920, Loss: -4.622314881539117
Evaluation: 1921, Loss: -4.5374822300774245
Evaluation: 1922, Loss: -4.633095277365221
Evaluation: 1923, Loss: -4.587548954151724
Evaluation: 1924, Loss: -4.621643794579173
Evaluation: 1925, Loss: -4.553377906206383
Evaluation: 1926, Loss: -4.571094424173391
Evaluation: 1927, Loss: -4.56067676668868
Evaluation: 1928, Loss: -4.5661356728202565
Evaluation: 1929, Loss: -4.568381709872908
Evaluation: 1930, Loss: -4.580208119569372
Evaluation: 1931, Loss: -4.5274034408662605
Evaluation: 1932, Loss: -4.579452259319693
Evaluation: 1933, Loss: -4.6030331457003335
Evaluation: 1934, Loss: -4.598994365491693
Evaluation: 1935, Loss: -4.555497582230317
Evaluation: 1936, Loss: -4.633290852934652
Evaluation: 1937, Loss: -4.655162149465436
Evaluation: 1938, Loss: -4.603338018337238
Evaluation: 1939, Loss: -4.613922597952646
Evaluation: 1940, Loss: -4.631019314337747
Evaluation: 1941, Loss: -4.61199837122235
Evaluation: 1942, Loss: -4.688894117289486
Evaluation: 1943, Loss: -4.6405847498078465
Evaluation: 1944, Loss: -4.67744666616595
Evaluation: 1945, Loss: -4.672212343720748
Evaluation: 1946, Loss: -4.68043907599835
Evaluation: 1947, Loss: -4.661598615397942
Evaluation: 1948, Loss: -4.69179668454941
Evaluation: 1949, Loss: -4.680769499183728
Evaluation: 1950, Loss: -4.626755157174958
Evaluation: 1951, Loss: -4.688027970140971
Evaluation: 1952, Loss: -4.660584101768409
Evaluation: 1953, Loss: -4.647930437755811
Evaluation: 1954, Loss: -4.709016723558522
Evaluation: 1955, Loss: -4.687539973891649
Evaluation: 1956, Loss: -4.719886140575083
Evaluation: 1957, Loss: -4.648676700760378
Evaluation: 1958, Loss: -4.594372998737516
Evaluation: 1959, Loss: -4.641432268539093
Evaluation: 1960, Loss: -4.600069553885457
Evaluation: 1961, Loss: -4.603127652015306
Evaluation: 1962, Loss: -4.614789531949995
Evaluation: 1963, Loss: -4.68343038560078
Evaluation: 1964, Loss: -4.638833319147045
Evaluation: 1965, Loss: -4.623299873453676
Evaluation: 1966, Loss: -4.639837797180458
Evaluation: 1967, Loss: -4.700590748076893
Evaluation: 1968, Loss: -4.615635078717133
Evaluation: 1969, Loss: -4.593546951461528
Evaluation: 1970, Loss: -4.648688037061271
Evaluation: 1971, Loss: -4.63011144306895
Evaluation: 1972, Loss: -4.6537759248662285
Evaluation: 1973, Loss: -4.641840777407536
Evaluation: 1974, Loss: -4.610085748148165
Evaluation: 1975, Loss: -4.6496715348776565
Evaluation: 1976, Loss: -4.597795728510445
Evaluation: 1977, Loss: -4.613685888916793
Evaluation: 1978, Loss: -4.703958931077089
Evaluation: 1979, Loss: -4.603644715960398
Evaluation: 1980, Loss: -4.678343164623755
Evaluation: 1981, Loss: -4.662376123295795
Evaluation: 1982, Loss: -4.645983866690885
Evaluation: 1983, Loss: -4.627210215264071
Evaluation: 1984, Loss: -4.688516537114671
Evaluation: 1985, Loss: -4.597973662897568
Evaluation: 1986, Loss: -4.640232021251997
Evaluation: 1987, Loss: -4.614765626744879
Evaluation: 1988, Loss: -4.604326076775758
Evaluation: 1989, Loss: -4.652300679975802
Evaluation: 1990, Loss: -4.599686491074682
Evaluation: 1991, Loss: -4.609927995703141
Evaluation: 1992, Loss: -4.57274140877781
Evaluation: 1993, Loss: -4.712834372078872
Evaluation: 1994, Loss: -4.655617244747045
Evaluation: 1995, Loss: -4.652579160506281
Evaluation: 1996, Loss: -4.629418406534217
Evaluation: 1997, Loss: -4.617434250643335
Evaluation: 1998, Loss: -4.653956860362233
Evaluation: 1999, Loss: -4.637310746692153
Evaluation: 2000, Loss: -4.651660744012872
Evaluation: 2001, Loss: -4.765788626816443
Evaluation: 2002, Loss: -4.637532450878158
Evaluation: 2003, Loss: -4.6179563090482105
Evaluation: 2004, Loss: -4.66614525429787
Evaluation: 2005, Loss: -4.658647018116558
Evaluation: 2006, Loss: -4.650182460465538
Evaluation: 2007, Loss: -4.641645045960886
Evaluation: 2008, Loss: -4.6100310412415855
Evaluation: 2009, Loss: -4.6644039682268925
Evaluation: 2010, Loss: -4.672310823105564
Evaluation: 2011, Loss: -4.676841208550655
Evaluation: 2012, Loss: -4.6973703058810985
Evaluation: 2013, Loss: -4.757887541999686
Evaluation: 2014, Loss: -4.638542733786418
Evaluation: 2015, Loss: -4.70113905263417
Evaluation: 2016, Loss: -4.708515407081047
Evaluation: 2017, Loss: -4.708642074950274
Evaluation: 2018, Loss: -4.706231449144121
Evaluation: 2019, Loss: -4.684049213487346
Evaluation: 2020, Loss: -4.711727891248514
Evaluation: 2021, Loss: -4.564987368713433
Evaluation: 2022, Loss: -4.689700203914909
Evaluation: 2023, Loss: -4.695527817427211
Evaluation: 2024, Loss: -4.674680855782836
Evaluation: 2025, Loss: -4.653652480772467
Evaluation: 2026, Loss: -4.671758569287944
Evaluation: 2027, Loss: -4.684505851483433
Evaluation: 2028, Loss: -4.582658820140798
Evaluation: 2029, Loss: -4.629205292940571
Evaluation: 2030, Loss: -4.647167415417391
Evaluation: 2031, Loss: -4.6639231848855
Evaluation: 2032, Loss: -4.730138592816919
Evaluation: 2033, Loss: -4.743657515511669
Evaluation: 2034, Loss: -4.647441792138526
Evaluation: 2035, Loss: -4.690174099751966
Evaluation: 2036, Loss: -4.71807118181138
Evaluation: 2037, Loss: -4.678148381425328
Evaluation: 2038, Loss: -4.6305479429196925
Evaluation: 2039, Loss: -4.549619653225777
Evaluation: 2040, Loss: -4.654207937157465
Evaluation: 2041, Loss: -4.731212545443649
Evaluation: 2042, Loss: -4.731295620268519
Evaluation: 2043, Loss: -4.623474189538068
Evaluation: 2044, Loss: -4.66780805831513
Evaluation: 2045, Loss: -4.688395425691844
Evaluation: 2046, Loss: -4.697372091739371
Evaluation: 2047, Loss: -4.740297441872272
Evaluation: 2048, Loss: -4.713180779693586
Evaluation: 2049, Loss: -4.689532133103873
Evaluation: 2050, Loss: -4.675493273310848
Evaluation: 2051, Loss: -4.697676713797426
 Done!
------------------------------------
Results Report:
Solving Took 197403.4233059883 seconds
Loss Function: -4.697676713797426
Optimal Parameters: [1.10409849 2.136212   1.18366335 3.20173417 1.96937087 0.98615057
 1.86166442]
Final Configuration:
Grid:
 1.0  1.0  1.0 
 0.0  1.0  0.0 
 0.0  0.0  0.0 
